#
# A fatal error has been detected by the Java Runtime Environment:
#
#  EXCEPTION_ACCESS_VIOLATION (0xc0000005) at pc=0x00007ffdedee1d85, pid=880, tid=9548
#
# JRE version: OpenJDK Runtime Environment (17.0.6) (build 17.0.6+0-b2043.56-9586694)
# Java VM: OpenJDK 64-Bit Server VM (17.0.6+0-b2043.56-9586694, mixed mode, tiered, compressed oops, compressed class ptrs, g1 gc, windows-amd64)
# Problematic frame:
# V  [jvm.dll+0x5a1d85]
#
# No core dump will be written. Minidumps are not enabled by default on client versions of Windows
#
# If you would like to submit a bug report, please visit:
#   https://bugreport.java.com/bugreport/crash.jsp
#

---------------  S U M M A R Y ------------

Command Line: --add-opens=java.base/java.util=ALL-UNNAMED --add-opens=java.base/java.lang=ALL-UNNAMED --add-opens=java.base/java.lang.invoke=ALL-UNNAMED --add-opens=java.prefs/java.util.prefs=ALL-UNNAMED --add-opens=java.base/java.nio.charset=ALL-UNNAMED --add-opens=java.base/java.net=ALL-UNNAMED --add-opens=java.base/java.util.concurrent.atomic=ALL-UNNAMED -Xmx2048m -Dfile.encoding=UTF-8 -Duser.country=ID -Duser.language=en -Duser.variant org.gradle.launcher.daemon.bootstrap.GradleDaemon 8.0

Host: AMD Ryzen 5 3500U with Radeon Vega Mobile Gfx  , 8 cores, 9G,  Windows 10 , 64 bit Build 19041 (10.0.19041.3155)
Time: Thu Aug  3 13:38:51 2023 SE Asia Standard Time elapsed time: 11.216716 seconds (0d 0h 0m 11s)

---------------  T H R E A D  ---------------

Current thread (0x00000154aed312b0):  JavaThread "C2 CompilerThread0" daemon [_thread_in_native, id=9548, stack(0x00000049e7900000,0x00000049e7a00000)]


Current CompileTask:
C2:  11216 6342       4       org.objectweb.asm.MethodWriter::computeAllFrames (510 bytes)

Stack: [0x00000049e7900000,0x00000049e7a00000],  sp=0x00000049e79fb6c0,  free space=1005k
Native frames: (J=compiled Java code, j=interpreted, Vv=VM code, C=native code)
V  [jvm.dll+0x5a1d85]
V  [jvm.dll+0x1bf95f]
V  [jvm.dll+0x1bcd5c]
V  [jvm.dll+0x21c359]
V  [jvm.dll+0x21b621]
V  [jvm.dll+0x1a4fdd]
V  [jvm.dll+0x22b098]
V  [jvm.dll+0x229159]
V  [jvm.dll+0x7f809c]
V  [jvm.dll+0x7f25fa]
V  [jvm.dll+0x682985]
C  [ucrtbase.dll+0x21bb2]
C  [KERNEL32.DLL+0x17614]
C  [ntdll.dll+0x526b1]


siginfo: EXCEPTION_ACCESS_VIOLATION (0xc0000005), reading address 0xffffffffffffffff


Register to memory mapping:

RIP=0x00007ffdedee1d85 jvm.dll
RAX=0x00007ffdee1fb6fc jvm.dll
RBX=0x00000154b5880fc8 points into unknown readable memory: 0x00007ffdee2119f8 | f8 19 21 ee fd 7f 00 00
RCX=0x00000154b5881050 points into unknown readable memory: 0x00007ffdee1fb6fc | fc b6 1f ee fd 7f 00 00
RDX=0x0000000000000001 is an unknown value
RSP=0x00000049e79fb6c0 is pointing into the stack for thread: 0x00000154aed312b0
RBP=0x0000000000000001 is an unknown value
RSI=0x0000000000000001 is an unknown value
RDI=0x0000000000000001 is an unknown value
R8 =0x00000000ffffffff is an unallocated location in the heap
R9 =0x0000000000000001 is an unknown value
R10=0x0 is NULL
R11=0x3333333333333333 is an unknown value
R12=0x0000000000000001 is an unknown value
R13=0x0000000000000008 is an unknown value
R14=0x00000154b5880fc8 points into unknown readable memory: 0x00007ffdee2119f8 | f8 19 21 ee fd 7f 00 00
R15=0x00007ffdee4612d0 jvm.dll


Registers:
RAX=0x00007ffdee1fb6fc, RBX=0x00000154b5880fc8, RCX=0x00000154b5881050, RDX=0x0000000000000001
RSP=0x00000049e79fb6c0, RBP=0x0000000000000001, RSI=0x0000000000000001, RDI=0x0000000000000001
R8 =0x00000000ffffffff, R9 =0x0000000000000001, R10=0x0000000000000000, R11=0x3333333333333333
R12=0x0000000000000001, R13=0x0000000000000008, R14=0x00000154b5880fc8, R15=0x00007ffdee4612d0
RIP=0x00007ffdedee1d85, EFLAGS=0x0000000000010246

Top of Stack: (sp=0x00000049e79fb6c0)
0x00000049e79fb6c0:   00000154b9067e28 00000049e79fbbf0
0x00000049e79fb6d0:   00000154b8d74df0 00000154b94c5258
0x00000049e79fb6e0:   00000049e79fbbf0 00007ffdedaff95f
0x00000049e79fb6f0:   00000154b9065560 00000154b5880fc8
0x00000049e79fb700:   0000000000000166 00000154b8a15150
0x00000049e79fb710:   000000c300000003 00007ffd00000002
0x00000049e79fb720:   00000154b8a15150 00000049e79fb7c0
0x00000049e79fb730:   0000000000000000 0000000000000000
0x00000049e79fb740:   0000000000052070 00000154b21c1310
0x00000049e79fb750:   00000154b21c1320 00000154ab34a090
0x00000049e79fb760:   00000000000003d8 00000049e79fb890
0x00000049e79fb770:   0000000000000000 00000049e79fbcd0
0x00000049e79fb780:   00000049e79fbbf0 00007ffdedafcd5c
0x00000049e79fb790:   00000049e79fbbf0 00000049e79fb801
0x00000049e79fb7a0:   00000049e79fbc01 00000000ffffffff
0x00000049e79fb7b0:   0000000000000000 0000000000000000 

Instructions: (pc=0x00007ffdedee1d85)
0x00007ffdedee1c85:   43 08 8b 15 2b dd 62 00 48 8b 3c f8 65 48 8b 04
0x00007ffdedee1c95:   25 58 00 00 00 48 8b 1c d0 b8 50 00 00 00 80 3c
0x00007ffdedee1ca5:   18 00 75 05 e8 92 ba 2f 00 b8 20 00 00 00 48 8b
0x00007ffdedee1cb5:   cf 48 8b 04 18 48 8b 90 d0 04 00 00 48 8b 07 48
0x00007ffdedee1cc5:   8b 9a 80 00 00 00 ff 50 68 8b c0 48 8d 0c c5 18
0x00007ffdedee1cd5:   0b 00 00 48 8b 83 58 08 00 00 48 8b 5c 24 30 48
0x00007ffdedee1ce5:   8b 04 01 48 83 c4 20 5f c3 cc cc 48 89 5c 24 18
0x00007ffdedee1cf5:   48 89 6c 24 20 56 48 83 ec 20 48 8b 01 8b ea 48
0x00007ffdedee1d05:   8b d9 ff 90 c8 00 00 00 8b f0 3b e8 73 58 65 48
0x00007ffdedee1d15:   8b 04 25 58 00 00 00 8b 0d 96 dc 62 00 48 8b 1c
0x00007ffdedee1d25:   c8 b8 50 00 00 00 80 3c 18 00 75 05 e8 0a ba 2f
0x00007ffdedee1d35:   00 b8 20 00 00 00 48 8b 04 18 48 8b 88 d0 04 00
0x00007ffdedee1d45:   00 48 8b 81 80 00 00 00 48 8b 80 58 08 00 00 48
0x00007ffdedee1d55:   8b 80 b8 0a 00 00 48 8b 5c 24 40 48 8b 6c 24 48
0x00007ffdedee1d65:   48 83 c4 20 5e c3 48 8b 43 40 48 89 7c 24 30 bf
0x00007ffdedee1d75:   01 00 00 00 4c 89 74 24 38 48 8b 48 08 48 8b 01
0x00007ffdedee1d85:   ff 50 08 8d 0c 30 3b e9 72 1a 90 48 8b 43 40 8b
0x00007ffdedee1d95:   f1 ff c7 48 8b 0c f8 48 8b 01 ff 50 08 8d 0c 30
0x00007ffdedee1da5:   3b e9 73 e7 48 8b 03 48 8b cb ff 90 e8 00 00 00
0x00007ffdedee1db5:   4c 8b f0 48 85 c0 74 10 48 8b 13 48 8b cb ff 92
0x00007ffdedee1dc5:   b0 00 00 00 3b f8 74 17 48 8b 43 40 2b ee 8b cf
0x00007ffdedee1dd5:   8b d5 48 8b 0c c8 48 8b 01 ff 50 10 4c 8b f0 48
0x00007ffdedee1de5:   8b 7c 24 30 49 8b c6 4c 8b 74 24 38 48 8b 5c 24
0x00007ffdedee1df5:   40 48 8b 6c 24 48 48 83 c4 20 5e c3 cc cc cc cc
0x00007ffdedee1e05:   cc cc cc cc cc cc cc cc cc cc cc 85 d2 75 08 48
0x00007ffdedee1e15:   8d 05 d5 7c 59 00 c3 48 8b 41 08 48 8b 48 08 48
0x00007ffdedee1e25:   8b 01 48 ff 60 78 cc cc cc cc cc 48 83 ec 28 ba
0x00007ffdedee1e35:   50 00 00 00 48 8d 0d d0 40 40 00 e8 8b 7b ca ff
0x00007ffdedee1e45:   e8 76 18 0e 00 33 c0 48 83 c4 28 c3 cc cc cc cc
0x00007ffdedee1e55:   cc cc cc cc cc cc cc cc cc cc cc 8b c2 48 8d 04
0x00007ffdedee1e65:   40 48 c1 e0 05 48 03 41 48 c3 cc 48 89 5c 24 08
0x00007ffdedee1e75:   57 48 83 ec 20 8b fa 48 8b d9 83 fa 05 73 17 48 


Stack slot to memory mapping:
stack at sp + 0 slots: 0x00000154b9067e28 points into unknown readable memory: 0x0000000000001000 | 00 10 00 00 00 00 00 00
stack at sp + 1 slots: 0x00000049e79fbbf0 is pointing into the stack for thread: 0x00000154aed312b0
stack at sp + 2 slots: 0x00000154b8d74df0 points into unknown readable memory: 0xffffffff3f3fffff | ff ff 3f 3f ff ff ff ff
stack at sp + 3 slots: 0x00000154b94c5258 points into unknown readable memory: 0x00007ffdee207760 | 60 77 20 ee fd 7f 00 00
stack at sp + 4 slots: 0x00000049e79fbbf0 is pointing into the stack for thread: 0x00000154aed312b0
stack at sp + 5 slots: 0x00007ffdedaff95f jvm.dll
stack at sp + 6 slots: 0x00000154b9065560 points into unknown readable memory: 0x0000000000000000 | 00 00 00 00 00 00 00 00
stack at sp + 7 slots: 0x00000154b5880fc8 points into unknown readable memory: 0x00007ffdee2119f8 | f8 19 21 ee fd 7f 00 00


---------------  P R O C E S S  ---------------

Threads class SMR info:
_java_thread_list=0x00000154b91cc9f0, length=127, elements={
0x0000015493eca090, 0x00000154ae06efa0, 0x00000154ae0b67f0, 0x00000154aeca8140,
0x00000154aed14020, 0x00000154aed185c0, 0x00000154aed1af80, 0x00000154aed312b0,
0x00000154aed33da0, 0x00000154aed4a790, 0x00000154af172150, 0x00000154af1c1e30,
0x00000154af4649b0, 0x00000154b10f73e0, 0x00000154b10f8310, 0x00000154b10f9240,
0x00000154b1fb36f0, 0x00000154af463a80, 0x00000154af463f90, 0x00000154af4644a0,
0x00000154b26b63d0, 0x00000154b26b17e0, 0x00000154b26b4570, 0x00000154b26b4a80,
0x00000154b10f9750, 0x00000154b10fe340, 0x00000154b10f6ed0, 0x00000154b1fb1890,
0x00000154b1fafa30, 0x00000154b1fb1da0, 0x00000154b1faf520, 0x00000154b1fb2cd0,
0x00000154b1fb5f70, 0x00000154b26b4f90, 0x00000154b26b54a0, 0x00000154b26b2c20,
0x00000154b26b2200, 0x00000154b26b5ec0, 0x00000154b26b1cf0, 0x00000154b2ab1570,
0x00000154b10fd920, 0x00000154b2ab1ac0, 0x00000154b10fa170, 0x00000154b10fab90,
0x00000154b10fb0a0, 0x00000154b10fbac0, 0x00000154b10fb5b0, 0x00000154b10fbfd0,
0x00000154b10fd410, 0x00000154b10fc4e0, 0x00000154b1fb3c00, 0x00000154b1fb31e0,
0x00000154b1fb22b0, 0x00000154b1fb27c0, 0x00000154b1fb0960, 0x00000154b1faeb00,
0x00000154b1fb5a60, 0x00000154b1fb0450, 0x00000154b1fb4110, 0x00000154b1fb0e70,
0x00000154b1fb1380, 0x00000154b1fb4620, 0x00000154b1fb4b30, 0x00000154b1fb5040,
0x00000154b1faf010, 0x00000154b1fb5550, 0x00000154b1fb6480, 0x00000154af466810,
0x00000154af465df0, 0x00000154af4658e0, 0x00000154af464ec0, 0x00000154af463570,
0x00000154af466300, 0x00000154af4653d0, 0x00000154b26b68e0, 0x00000154b26afe90,
0x00000154b26b6df0, 0x00000154b26af980, 0x00000154b26b3130, 0x00000154b26b03a0,
0x00000154b26b3640, 0x00000154b3e47c90, 0x00000154b3e45e30, 0x00000154b3e495e0,
0x00000154b3e490d0, 0x00000154b3e47270, 0x00000154b3e481a0, 0x00000154b3e48bc0,
0x00000154b3e46d60, 0x00000154b3e44f00, 0x00000154b3e49af0, 0x00000154b3e45410,
0x00000154b3e43fd0, 0x00000154b3e4a000, 0x00000154b3e4a510, 0x00000154b3e4af30,
0x00000154b3e4b950, 0x00000154b3e4aa20, 0x00000154b3e444e0, 0x00000154b3e486b0,
0x00000154b3e4b440, 0x00000154b3e449f0, 0x00000154b3e45920, 0x00000154b3e46340,
0x00000154b3e47780, 0x00000154b3e46850, 0x00000154b536f190, 0x00000154b5370ff0,
0x00000154b536b9e0, 0x00000154b536ce20, 0x00000154b536ec80, 0x00000154b536afc0,
0x00000154b536b4d0, 0x00000154b536c910, 0x00000154b536dd50, 0x00000154b536e770,
0x00000154b536d330, 0x00000154b536f6a0, 0x00000154b536fbb0, 0x00000154b536c400,
0x00000154b53700c0, 0x00000154b5371f20, 0x00000154b53705d0, 0x00000154b5370ae0,
0x00000154b5371a10, 0x00000154b10fde30, 0x00000154b65da810
}

Java Threads: ( => current thread )
  0x0000015493eca090 JavaThread "main" [_thread_blocked, id=1888, stack(0x00000049e6c00000,0x00000049e6d00000)]
  0x00000154ae06efa0 JavaThread "Reference Handler" daemon [_thread_blocked, id=7592, stack(0x00000049e7300000,0x00000049e7400000)]
  0x00000154ae0b67f0 JavaThread "Finalizer" daemon [_thread_blocked, id=10460, stack(0x00000049e7400000,0x00000049e7500000)]
  0x00000154aeca8140 JavaThread "Signal Dispatcher" daemon [_thread_blocked, id=5332, stack(0x00000049e7500000,0x00000049e7600000)]
  0x00000154aed14020 JavaThread "Attach Listener" daemon [_thread_blocked, id=8060, stack(0x00000049e7600000,0x00000049e7700000)]
  0x00000154aed185c0 JavaThread "Service Thread" daemon [_thread_blocked, id=6756, stack(0x00000049e7700000,0x00000049e7800000)]
  0x00000154aed1af80 JavaThread "Monitor Deflation Thread" daemon [_thread_blocked, id=10732, stack(0x00000049e7800000,0x00000049e7900000)]
=>0x00000154aed312b0 JavaThread "C2 CompilerThread0" daemon [_thread_in_native, id=9548, stack(0x00000049e7900000,0x00000049e7a00000)]
  0x00000154aed33da0 JavaThread "C1 CompilerThread0" daemon [_thread_blocked, id=7140, stack(0x00000049e7a00000,0x00000049e7b00000)]
  0x00000154aed4a790 JavaThread "Sweeper thread" daemon [_thread_blocked, id=868, stack(0x00000049e7b00000,0x00000049e7c00000)]
  0x00000154af172150 JavaThread "Common-Cleaner" daemon [_thread_blocked, id=8660, stack(0x00000049e7c00000,0x00000049e7d00000)]
  0x00000154af1c1e30 JavaThread "Notification Thread" daemon [_thread_blocked, id=7304, stack(0x00000049e7d00000,0x00000049e7e00000)]
  0x00000154af4649b0 JavaThread "Daemon health stats" [_thread_blocked, id=5132, stack(0x00000049e8500000,0x00000049e8600000)]
  0x00000154b10f73e0 JavaThread "Incoming local TCP Connector on port 55259" [_thread_in_native, id=3988, stack(0x00000049e8600000,0x00000049e8700000)]
  0x00000154b10f8310 JavaThread "Daemon periodic checks" [_thread_blocked, id=500, stack(0x00000049e8700000,0x00000049e8800000)]
  0x00000154b10f9240 JavaThread "Daemon" [_thread_blocked, id=5736, stack(0x00000049e8800000,0x00000049e8900000)]
  0x00000154b1fb36f0 JavaThread "Handler for socket connection from /127.0.0.1:55259 to /127.0.0.1:55260" [_thread_in_native, id=9488, stack(0x00000049e8900000,0x00000049e8a00000)]
  0x00000154af463a80 JavaThread "Cancel handler" [_thread_blocked, id=9412, stack(0x00000049e8a00000,0x00000049e8b00000)]
  0x00000154af463f90 JavaThread "Daemon worker" [_thread_in_vm, id=6920, stack(0x00000049e8b00000,0x00000049e8c00000)]
  0x00000154af4644a0 JavaThread "Asynchronous log dispatcher for DefaultDaemonConnection: socket connection from /127.0.0.1:55259 to /127.0.0.1:55260" [_thread_blocked, id=1584, stack(0x00000049e8c00000,0x00000049e8d00000)]
  0x00000154b26b63d0 JavaThread "Stdin handler" [_thread_blocked, id=8488, stack(0x00000049e8d00000,0x00000049e8e00000)]
  0x00000154b26b17e0 JavaThread "Daemon client event forwarder" [_thread_blocked, id=10552, stack(0x00000049e8e00000,0x00000049e8f00000)]
  0x00000154b26b4570 JavaThread "Cache worker for journal cache (C:\Users\Karim Benzema\.gradle\wrapper\dists\gradle-8.0-bin\caches\journal-1)" [_thread_blocked, id=9452, stack(0x00000049e9200000,0x00000049e9300000)]
  0x00000154b26b4a80 JavaThread "File lock request listener" [_thread_in_native, id=1524, stack(0x00000049e9300000,0x00000049e9400000)]
  0x00000154b10f9750 JavaThread "Cache worker for file hash cache (C:\Users\Karim Benzema\.gradle\wrapper\dists\gradle-8.0-bin\caches\8.0\fileHashes)" [_thread_blocked, id=1856, stack(0x00000049e9400000,0x00000049e9500000)]
  0x00000154b10fe340 JavaThread "File watcher server" daemon [_thread_in_native, id=2212, stack(0x00000049e9600000,0x00000049e9700000)]
  0x00000154b10f6ed0 JavaThread "File watcher consumer" daemon [_thread_blocked, id=8868, stack(0x00000049e9700000,0x00000049e9800000)]
  0x00000154b1fb1890 JavaThread "Cache worker for checksums cache (F:\MyMovie\.gradle\8.0\checksums)" [_thread_blocked, id=1400, stack(0x00000049e9800000,0x00000049e9900000)]
  0x00000154b1fafa30 JavaThread "Cache worker for cache directory md-rule (C:\Users\Karim Benzema\.gradle\wrapper\dists\gradle-8.0-bin\caches\8.0\md-rule)" [_thread_blocked, id=7976, stack(0x00000049e9900000,0x00000049e9a00000)]
  0x00000154b1fb1da0 JavaThread "Cache worker for file content cache (C:\Users\Karim Benzema\.gradle\wrapper\dists\gradle-8.0-bin\caches\8.0\fileContent)" [_thread_blocked, id=9676, stack(0x00000049e9a00000,0x00000049e9b00000)]
  0x00000154b1faf520 JavaThread "Cache worker for file hash cache (F:\MyMovie\.gradle\8.0\fileHashes)" [_thread_blocked, id=11148, stack(0x00000049e9b00000,0x00000049e9c00000)]
  0x00000154b1fb2cd0 JavaThread "Cache worker for cache directory md-supplier (C:\Users\Karim Benzema\.gradle\wrapper\dists\gradle-8.0-bin\caches\8.0\md-supplier)" [_thread_blocked, id=3788, stack(0x00000049e9c00000,0x00000049e9d00000)]
  0x00000154b1fb5f70 JavaThread "Cache worker for execution history cache (C:\Users\Karim Benzema\.gradle\wrapper\dists\gradle-8.0-bin\caches\8.0\executionHistory)" [_thread_blocked, id=5928, stack(0x00000049e7f00000,0x00000049e8000000)]
  0x00000154b26b4f90 JavaThread "jar transforms" [_thread_blocked, id=10916, stack(0x00000049e9d00000,0x00000049e9e00000)]
  0x00000154b26b54a0 JavaThread "jar transforms Thread 2" [_thread_blocked, id=3756, stack(0x00000049e9e00000,0x00000049e9f00000)]
  0x00000154b26b2c20 JavaThread "jar transforms Thread 3" [_thread_blocked, id=712, stack(0x00000049e9f00000,0x00000049ea000000)]
  0x00000154b26b2200 JavaThread "jar transforms Thread 4" [_thread_blocked, id=10696, stack(0x00000049ea200000,0x00000049ea300000)]
  0x00000154b26b5ec0 JavaThread "Cache worker for dependencies-accessors (F:\MyMovie\.gradle\8.0\dependencies-accessors)" [_thread_blocked, id=4968, stack(0x00000049ea300000,0x00000049ea400000)]
  0x00000154b26b1cf0 JavaThread "jar transforms Thread 5" [_thread_blocked, id=7864, stack(0x00000049e9500000,0x00000049e9600000)]
  0x00000154b2ab1570 JavaThread "C2 CompilerThread1" daemon [_thread_in_native, id=7240, stack(0x00000049ea100000,0x00000049ea200000)]
  0x00000154b10fd920 JavaThread "Cache worker for Build Output Cleanup Cache (F:\MyMovie\.gradle\buildOutputCleanup)" [_thread_blocked, id=9560, stack(0x00000049ea400000,0x00000049ea500000)]
  0x00000154b2ab1ac0 JavaThread "C2 CompilerThread2" daemon [_thread_blocked, id=5144, stack(0x00000049ea500000,0x00000049ea600000)]
  0x00000154b10fa170 JavaThread "Unconstrained build operations" [_thread_blocked, id=8396, stack(0x00000049ea600000,0x00000049ea700000)]
  0x00000154b10fab90 JavaThread "Unconstrained build operations Thread 2" [_thread_blocked, id=1704, stack(0x00000049ea700000,0x00000049ea800000)]
  0x00000154b10fb0a0 JavaThread "Unconstrained build operations Thread 3" [_thread_blocked, id=1612, stack(0x00000049ea800000,0x00000049ea900000)]
  0x00000154b10fbac0 JavaThread "Unconstrained build operations Thread 4" [_thread_blocked, id=7852, stack(0x00000049ea900000,0x00000049eaa00000)]
  0x00000154b10fb5b0 JavaThread "Unconstrained build operations Thread 5" [_thread_blocked, id=7368, stack(0x00000049eaa00000,0x00000049eab00000)]
  0x00000154b10fbfd0 JavaThread "Unconstrained build operations Thread 6" [_thread_blocked, id=1520, stack(0x00000049eab00000,0x00000049eac00000)]
  0x00000154b10fd410 JavaThread "Unconstrained build operations Thread 7" [_thread_blocked, id=6592, stack(0x00000049eac00000,0x00000049ead00000)]
  0x00000154b10fc4e0 JavaThread "Unconstrained build operations Thread 8" [_thread_blocked, id=4156, stack(0x00000049ead00000,0x00000049eae00000)]
  0x00000154b1fb3c00 JavaThread "Unconstrained build operations Thread 9" [_thread_blocked, id=7112, stack(0x00000049eae00000,0x00000049eaf00000)]
  0x00000154b1fb31e0 JavaThread "Unconstrained build operations Thread 10" [_thread_blocked, id=10224, stack(0x00000049eaf00000,0x00000049eb000000)]
  0x00000154b1fb22b0 JavaThread "Unconstrained build operations Thread 11" [_thread_blocked, id=9388, stack(0x00000049eb000000,0x00000049eb100000)]
  0x00000154b1fb27c0 JavaThread "Unconstrained build operations Thread 12" [_thread_blocked, id=8960, stack(0x00000049eb100000,0x00000049eb200000)]
  0x00000154b1fb0960 JavaThread "Unconstrained build operations Thread 13" [_thread_blocked, id=10932, stack(0x00000049eb200000,0x00000049eb300000)]
  0x00000154b1faeb00 JavaThread "Unconstrained build operations Thread 14" [_thread_blocked, id=4032, stack(0x00000049eb300000,0x00000049eb400000)]
  0x00000154b1fb5a60 JavaThread "Unconstrained build operations Thread 15" [_thread_blocked, id=1672, stack(0x00000049eb400000,0x00000049eb500000)]
  0x00000154b1fb0450 JavaThread "Unconstrained build operations Thread 16" [_thread_blocked, id=9016, stack(0x00000049eb500000,0x00000049eb600000)]
  0x00000154b1fb4110 JavaThread "Unconstrained build operations Thread 17" [_thread_blocked, id=10160, stack(0x00000049eb600000,0x00000049eb700000)]
  0x00000154b1fb0e70 JavaThread "Unconstrained build operations Thread 18" [_thread_blocked, id=5824, stack(0x00000049eb700000,0x00000049eb800000)]
  0x00000154b1fb1380 JavaThread "Unconstrained build operations Thread 19" [_thread_blocked, id=10856, stack(0x00000049eb800000,0x00000049eb900000)]
  0x00000154b1fb4620 JavaThread "Unconstrained build operations Thread 20" [_thread_blocked, id=964, stack(0x00000049eb900000,0x00000049eba00000)]
  0x00000154b1fb4b30 JavaThread "Unconstrained build operations Thread 21" [_thread_blocked, id=5356, stack(0x00000049eba00000,0x00000049ebb00000)]
  0x00000154b1fb5040 JavaThread "Unconstrained build operations Thread 22" [_thread_blocked, id=5664, stack(0x00000049ebb00000,0x00000049ebc00000)]
  0x00000154b1faf010 JavaThread "Unconstrained build operations Thread 23" [_thread_blocked, id=2232, stack(0x00000049ebc00000,0x00000049ebd00000)]
  0x00000154b1fb5550 JavaThread "Unconstrained build operations Thread 24" [_thread_blocked, id=10380, stack(0x00000049ebd00000,0x00000049ebe00000)]
  0x00000154b1fb6480 JavaThread "Unconstrained build operations Thread 25" [_thread_blocked, id=5532, stack(0x00000049ebe00000,0x00000049ebf00000)]
  0x00000154af466810 JavaThread "Unconstrained build operations Thread 26" [_thread_blocked, id=5536, stack(0x00000049ebf00000,0x00000049ec000000)]
  0x00000154af465df0 JavaThread "Unconstrained build operations Thread 27" [_thread_blocked, id=4360, stack(0x00000049ec000000,0x00000049ec100000)]
  0x00000154af4658e0 JavaThread "Unconstrained build operations Thread 28" [_thread_blocked, id=6268, stack(0x00000049ec100000,0x00000049ec200000)]
  0x00000154af464ec0 JavaThread "Unconstrained build operations Thread 29" [_thread_blocked, id=9728, stack(0x00000049ec200000,0x00000049ec300000)]
  0x00000154af463570 JavaThread "Unconstrained build operations Thread 30" [_thread_blocked, id=1656, stack(0x00000049ec300000,0x00000049ec400000)]
  0x00000154af466300 JavaThread "Unconstrained build operations Thread 31" [_thread_blocked, id=3052, stack(0x00000049ec400000,0x00000049ec500000)]
  0x00000154af4653d0 JavaThread "Unconstrained build operations Thread 32" [_thread_blocked, id=2844, stack(0x00000049ec500000,0x00000049ec600000)]
  0x00000154b26b68e0 JavaThread "Unconstrained build operations Thread 33" [_thread_blocked, id=6724, stack(0x00000049ec600000,0x00000049ec700000)]
  0x00000154b26afe90 JavaThread "Unconstrained build operations Thread 34" [_thread_blocked, id=9556, stack(0x00000049ec700000,0x00000049ec800000)]
  0x00000154b26b6df0 JavaThread "Unconstrained build operations Thread 35" [_thread_blocked, id=3592, stack(0x00000049ec800000,0x00000049ec900000)]
  0x00000154b26af980 JavaThread "Unconstrained build operations Thread 36" [_thread_blocked, id=9616, stack(0x00000049ec900000,0x00000049eca00000)]
  0x00000154b26b3130 JavaThread "Unconstrained build operations Thread 37" [_thread_blocked, id=10276, stack(0x00000049eca00000,0x00000049ecb00000)]
  0x00000154b26b03a0 JavaThread "Unconstrained build operations Thread 38" [_thread_blocked, id=9468, stack(0x00000049ecb00000,0x00000049ecc00000)]
  0x00000154b26b3640 JavaThread "Unconstrained build operations Thread 39" [_thread_blocked, id=5360, stack(0x00000049ecc00000,0x00000049ecd00000)]
  0x00000154b3e47c90 JavaThread "Unconstrained build operations Thread 40" [_thread_blocked, id=6664, stack(0x00000049ecd00000,0x00000049ece00000)]
  0x00000154b3e45e30 JavaThread "Unconstrained build operations Thread 41" [_thread_blocked, id=6340, stack(0x00000049ece00000,0x00000049ecf00000)]
  0x00000154b3e495e0 JavaThread "Unconstrained build operations Thread 42" [_thread_blocked, id=8324, stack(0x00000049ecf00000,0x00000049ed000000)]
  0x00000154b3e490d0 JavaThread "Unconstrained build operations Thread 43" [_thread_blocked, id=10016, stack(0x00000049ed000000,0x00000049ed100000)]
  0x00000154b3e47270 JavaThread "Unconstrained build operations Thread 44" [_thread_blocked, id=536, stack(0x00000049ed100000,0x00000049ed200000)]
  0x00000154b3e481a0 JavaThread "Unconstrained build operations Thread 45" [_thread_blocked, id=1812, stack(0x00000049ed200000,0x00000049ed300000)]
  0x00000154b3e48bc0 JavaThread "Unconstrained build operations Thread 46" [_thread_blocked, id=5216, stack(0x00000049ed300000,0x00000049ed400000)]
  0x00000154b3e46d60 JavaThread "Unconstrained build operations Thread 47" [_thread_blocked, id=2540, stack(0x00000049ed400000,0x00000049ed500000)]
  0x00000154b3e44f00 JavaThread "Unconstrained build operations Thread 48" [_thread_blocked, id=9636, stack(0x00000049ed500000,0x00000049ed600000)]
  0x00000154b3e49af0 JavaThread "Unconstrained build operations Thread 49" [_thread_blocked, id=8808, stack(0x00000049ed600000,0x00000049ed700000)]
  0x00000154b3e45410 JavaThread "Unconstrained build operations Thread 50" [_thread_blocked, id=10508, stack(0x00000049ed700000,0x00000049ed800000)]
  0x00000154b3e43fd0 JavaThread "Unconstrained build operations Thread 51" [_thread_blocked, id=5088, stack(0x00000049ed800000,0x00000049ed900000)]
  0x00000154b3e4a000 JavaThread "Unconstrained build operations Thread 52" [_thread_blocked, id=7984, stack(0x00000049ed900000,0x00000049eda00000)]
  0x00000154b3e4a510 JavaThread "Unconstrained build operations Thread 53" [_thread_blocked, id=4124, stack(0x00000049eda00000,0x00000049edb00000)]
  0x00000154b3e4af30 JavaThread "Unconstrained build operations Thread 54" [_thread_blocked, id=7048, stack(0x00000049edb00000,0x00000049edc00000)]
  0x00000154b3e4b950 JavaThread "Unconstrained build operations Thread 55" [_thread_blocked, id=9304, stack(0x00000049edc00000,0x00000049edd00000)]
  0x00000154b3e4aa20 JavaThread "Unconstrained build operations Thread 56" [_thread_blocked, id=5448, stack(0x00000049edd00000,0x00000049ede00000)]
  0x00000154b3e444e0 JavaThread "Unconstrained build operations Thread 57" [_thread_blocked, id=5520, stack(0x00000049ede00000,0x00000049edf00000)]
  0x00000154b3e486b0 JavaThread "Unconstrained build operations Thread 58" [_thread_blocked, id=3996, stack(0x00000049edf00000,0x00000049ee000000)]
  0x00000154b3e4b440 JavaThread "Unconstrained build operations Thread 59" [_thread_blocked, id=7980, stack(0x00000049ee000000,0x00000049ee100000)]
  0x00000154b3e449f0 JavaThread "Unconstrained build operations Thread 60" [_thread_blocked, id=3064, stack(0x00000049ee100000,0x00000049ee200000)]
  0x00000154b3e45920 JavaThread "Unconstrained build operations Thread 61" [_thread_blocked, id=8440, stack(0x00000049ee200000,0x00000049ee300000)]
  0x00000154b3e46340 JavaThread "Unconstrained build operations Thread 62" [_thread_blocked, id=1028, stack(0x00000049ee300000,0x00000049ee400000)]
  0x00000154b3e47780 JavaThread "Unconstrained build operations Thread 63" [_thread_blocked, id=10804, stack(0x00000049ee400000,0x00000049ee500000)]
  0x00000154b3e46850 JavaThread "Unconstrained build operations Thread 64" [_thread_blocked, id=6808, stack(0x00000049ee500000,0x00000049ee600000)]
  0x00000154b536f190 JavaThread "Unconstrained build operations Thread 65" [_thread_blocked, id=7504, stack(0x00000049ee600000,0x00000049ee700000)]
  0x00000154b5370ff0 JavaThread "Unconstrained build operations Thread 66" [_thread_blocked, id=6416, stack(0x00000049ee700000,0x00000049ee800000)]
  0x00000154b536b9e0 JavaThread "Unconstrained build operations Thread 67" [_thread_blocked, id=3880, stack(0x00000049ee800000,0x00000049ee900000)]
  0x00000154b536ce20 JavaThread "Unconstrained build operations Thread 68" [_thread_blocked, id=9428, stack(0x00000049ee900000,0x00000049eea00000)]
  0x00000154b536ec80 JavaThread "Unconstrained build operations Thread 69" [_thread_blocked, id=5720, stack(0x00000049eea00000,0x00000049eeb00000)]
  0x00000154b536afc0 JavaThread "Unconstrained build operations Thread 70" [_thread_blocked, id=5040, stack(0x00000049eeb00000,0x00000049eec00000)]
  0x00000154b536b4d0 JavaThread "Unconstrained build operations Thread 71" [_thread_blocked, id=6284, stack(0x00000049eec00000,0x00000049eed00000)]
  0x00000154b536c910 JavaThread "Unconstrained build operations Thread 72" [_thread_blocked, id=5984, stack(0x00000049eed00000,0x00000049eee00000)]
  0x00000154b536dd50 JavaThread "Unconstrained build operations Thread 73" [_thread_blocked, id=8436, stack(0x00000049eee00000,0x00000049eef00000)]
  0x00000154b536e770 JavaThread "Unconstrained build operations Thread 74" [_thread_blocked, id=8012, stack(0x00000049eef00000,0x00000049ef000000)]
  0x00000154b536d330 JavaThread "Unconstrained build operations Thread 75" [_thread_blocked, id=8728, stack(0x00000049ef000000,0x00000049ef100000)]
  0x00000154b536f6a0 JavaThread "Unconstrained build operations Thread 76" [_thread_blocked, id=6772, stack(0x00000049ef100000,0x00000049ef200000)]
  0x00000154b536fbb0 JavaThread "Unconstrained build operations Thread 77" [_thread_blocked, id=8040, stack(0x00000049ef200000,0x00000049ef300000)]
  0x00000154b536c400 JavaThread "Unconstrained build operations Thread 78" [_thread_blocked, id=7632, stack(0x00000049ef300000,0x00000049ef400000)]
  0x00000154b53700c0 JavaThread "Unconstrained build operations Thread 79" [_thread_blocked, id=8296, stack(0x00000049ef400000,0x00000049ef500000)]
  0x00000154b5371f20 JavaThread "Unconstrained build operations Thread 80" [_thread_blocked, id=7668, stack(0x00000049ef500000,0x00000049ef600000)]
  0x00000154b53705d0 JavaThread "jar transforms Thread 6" [_thread_blocked, id=6256, stack(0x00000049ef600000,0x00000049ef700000)]
  0x00000154b5370ae0 JavaThread "jar transforms Thread 7" [_thread_blocked, id=3412, stack(0x00000049ef700000,0x00000049ef800000)]
  0x00000154b5371a10 JavaThread "jar transforms Thread 8" [_thread_blocked, id=5200, stack(0x00000049ef800000,0x00000049ef900000)]
  0x00000154b10fde30 JavaThread "build event listener" [_thread_blocked, id=1808, stack(0x00000049ef900000,0x00000049efa00000)]
  0x00000154b65da810 JavaThread "Memory manager" [_thread_blocked, id=7464, stack(0x00000049efa00000,0x00000049efb00000)]

Other Threads:
  0x00000154adfc8820 VMThread "VM Thread" [stack: 0x00000049e7200000,0x00000049e7300000] [id=6928]
  0x00000154aee01f10 WatcherThread [stack: 0x00000049e7e00000,0x00000049e7f00000] [id=8552]
  0x00000154ab271a10 GCTaskThread "GC Thread#0" [stack: 0x00000049e6d00000,0x00000049e6e00000] [id=3684]
  0x00000154af4cde00 GCTaskThread "GC Thread#1" [stack: 0x00000049e8000000,0x00000049e8100000] [id=6684]
  0x00000154af4ee800 GCTaskThread "GC Thread#2" [stack: 0x00000049e8100000,0x00000049e8200000] [id=9148]
  0x00000154af4f1690 GCTaskThread "GC Thread#3" [stack: 0x00000049e8200000,0x00000049e8300000] [id=11112]
  0x00000154aec96d40 GCTaskThread "GC Thread#4" [stack: 0x00000049e8300000,0x00000049e8400000] [id=7860]
  0x00000154b26ff3e0 GCTaskThread "GC Thread#5" [stack: 0x00000049e8400000,0x00000049e8500000] [id=9084]
  0x00000154b26fe240 GCTaskThread "GC Thread#6" [stack: 0x00000049e8f00000,0x00000049e9000000] [id=10352]
  0x00000154b26ffcb0 GCTaskThread "GC Thread#7" [stack: 0x00000049e9000000,0x00000049e9100000] [id=7300]
  0x00000154ab27a110 ConcurrentGCThread "G1 Main Marker" [stack: 0x00000049e6e00000,0x00000049e6f00000] [id=4588]
  0x00000154ab27a9d0 ConcurrentGCThread "G1 Conc#0" [stack: 0x00000049e6f00000,0x00000049e7000000] [id=7928]
  0x00000154b26feb10 ConcurrentGCThread "G1 Conc#1" [stack: 0x00000049e9100000,0x00000049e9200000] [id=1684]
  0x00000154ab34bf40 ConcurrentGCThread "G1 Refine#0" [stack: 0x00000049e7000000,0x00000049e7100000] [id=2440]
  0x00000154af0f2330 ConcurrentGCThread "G1 Refine#1" [stack: 0x00000049ea000000,0x00000049ea100000] [id=6388]
  0x00000154ab34d6a0 ConcurrentGCThread "G1 Service" [stack: 0x00000049e7100000,0x00000049e7200000] [id=10988]

Threads with active compile tasks:
C2 CompilerThread0    11321 6342       4       org.objectweb.asm.MethodWriter::computeAllFrames (510 bytes)
C2 CompilerThread1    11322 6179   !   4       com.google.common.reflect.TypeVisitor::visit (244 bytes)

VM state: not at safepoint (normal execution)

VM Mutex/Monitor currently owned by a thread: None

Heap address: 0x0000000080000000, size: 2048 MB, Compressed Oops mode: 32-bit

CDS archive(s) not mapped
Compressed class space mapped at: 0x0000000100000000-0x0000000140000000, reserved size: 1073741824
Narrow klass base: 0x0000000000000000, Narrow klass shift: 3, Narrow klass range: 0x140000000

GC Precious Log:
 CPUs: 8 total, 8 available
 Memory: 10178M
 Large Page Support: Disabled
 NUMA Support: Disabled
 Compressed Oops: Enabled (32-bit)
 Heap Region Size: 1M
 Heap Min Capacity: 8M
 Heap Initial Capacity: 160M
 Heap Max Capacity: 2G
 Pre-touch: Disabled
 Parallel Workers: 8
 Concurrent Workers: 2
 Concurrent Refinement Workers: 8
 Periodic GC: Disabled

Heap:
 garbage-first heap   total 148480K, used 82598K [0x0000000080000000, 0x0000000100000000)
  region size 1024K, 27 young (27648K), 1 survivors (1024K)
 Metaspace       used 60563K, committed 61056K, reserved 1105920K
  class space    used 8012K, committed 8192K, reserved 1048576K

Heap Regions: E=young(eden), S=young(survivor), O=old, HS=humongous(starts), HC=humongous(continues), CS=collection set, F=free, OA=open archive, CA=closed archive, TAMS=top-at-mark-start (previous, next)
|   0|0x0000000080000000, 0x0000000080100000, 0x0000000080100000|100%|HS|  |TAMS 0x0000000080100000, 0x0000000080000000| Complete 
|   1|0x0000000080100000, 0x0000000080200000, 0x0000000080200000|100%|HC|  |TAMS 0x0000000080200000, 0x0000000080100000| Complete 
|   2|0x0000000080200000, 0x0000000080300000, 0x0000000080300000|100%|HC|  |TAMS 0x0000000080300000, 0x0000000080200000| Complete 
|   3|0x0000000080300000, 0x0000000080400000, 0x0000000080400000|100%|HC|  |TAMS 0x0000000080400000, 0x0000000080300000| Complete 
|   4|0x0000000080400000, 0x0000000080500000, 0x0000000080500000|100%| O|  |TAMS 0x0000000080500000, 0x0000000080400000| Untracked 
|   5|0x0000000080500000, 0x0000000080600000, 0x0000000080600000|100%| O|  |TAMS 0x0000000080600000, 0x0000000080500000| Untracked 
|   6|0x0000000080600000, 0x0000000080700000, 0x0000000080700000|100%| O|  |TAMS 0x0000000080700000, 0x0000000080600000| Untracked 
|   7|0x0000000080700000, 0x0000000080800000, 0x0000000080800000|100%| O|  |TAMS 0x0000000080800000, 0x0000000080700000| Untracked 
|   8|0x0000000080800000, 0x0000000080900000, 0x0000000080900000|100%| O|  |TAMS 0x0000000080900000, 0x0000000080800000| Untracked 
|   9|0x0000000080900000, 0x0000000080a00000, 0x0000000080a00000|100%| O|  |TAMS 0x0000000080a00000, 0x0000000080900000| Untracked 
|  10|0x0000000080a00000, 0x0000000080b00000, 0x0000000080b00000|100%| O|  |TAMS 0x0000000080b00000, 0x0000000080a00000| Untracked 
|  11|0x0000000080b00000, 0x0000000080b00000, 0x0000000080c00000|  0%| F|  |TAMS 0x0000000080b00000, 0x0000000080b00000| Untracked 
|  12|0x0000000080c00000, 0x0000000080d00000, 0x0000000080d00000|100%| O|  |TAMS 0x0000000080d00000, 0x0000000080c00000| Untracked 
|  13|0x0000000080d00000, 0x0000000080e00000, 0x0000000080e00000|100%| O|  |TAMS 0x0000000080e00000, 0x0000000080d00000| Untracked 
|  14|0x0000000080e00000, 0x0000000080f00000, 0x0000000080f00000|100%| O|  |TAMS 0x0000000080f00000, 0x0000000080e00000| Untracked 
|  15|0x0000000080f00000, 0x0000000081000000, 0x0000000081000000|100%| O|  |TAMS 0x0000000081000000, 0x0000000080f00000| Untracked 
|  16|0x0000000081000000, 0x0000000081100000, 0x0000000081100000|100%| O|  |TAMS 0x0000000081100000, 0x0000000081000000| Untracked 
|  17|0x0000000081100000, 0x0000000081200000, 0x0000000081200000|100%| O|  |TAMS 0x0000000081200000, 0x0000000081100000| Untracked 
|  18|0x0000000081200000, 0x0000000081300000, 0x0000000081300000|100%| O|  |TAMS 0x0000000081300000, 0x0000000081200000| Untracked 
|  19|0x0000000081300000, 0x0000000081400000, 0x0000000081400000|100%| O|  |TAMS 0x0000000081400000, 0x0000000081300000| Untracked 
|  20|0x0000000081400000, 0x0000000081500000, 0x0000000081500000|100%| O|  |TAMS 0x0000000081500000, 0x0000000081400000| Untracked 
|  21|0x0000000081500000, 0x0000000081600000, 0x0000000081600000|100%| O|  |TAMS 0x0000000081600000, 0x0000000081500000| Untracked 
|  22|0x0000000081600000, 0x0000000081700000, 0x0000000081700000|100%| O|  |TAMS 0x0000000081700000, 0x0000000081600000| Untracked 
|  23|0x0000000081700000, 0x0000000081800000, 0x0000000081800000|100%| O|  |TAMS 0x0000000081800000, 0x0000000081700000| Complete 
|  24|0x0000000081800000, 0x0000000081900000, 0x0000000081900000|100%| O|  |TAMS 0x0000000081900000, 0x0000000081800000| Untracked 
|  25|0x0000000081900000, 0x0000000081a00000, 0x0000000081a00000|100%| O|  |TAMS 0x0000000081a00000, 0x0000000081900000| Untracked 
|  26|0x0000000081a00000, 0x0000000081b00000, 0x0000000081b00000|100%| O|  |TAMS 0x0000000081b00000, 0x0000000081a00000| Untracked 
|  27|0x0000000081b00000, 0x0000000081c00000, 0x0000000081c00000|100%| O|  |TAMS 0x0000000081c00000, 0x0000000081b00000| Untracked 
|  28|0x0000000081c00000, 0x0000000081d00000, 0x0000000081d00000|100%| O|  |TAMS 0x0000000081d00000, 0x0000000081c00000| Untracked 
|  29|0x0000000081d00000, 0x0000000081e00000, 0x0000000081e00000|100%| O|  |TAMS 0x0000000081e00000, 0x0000000081d00000| Untracked 
|  30|0x0000000081e00000, 0x0000000081f00000, 0x0000000081f00000|100%| O|  |TAMS 0x0000000081f00000, 0x0000000081e00000| Untracked 
|  31|0x0000000081f00000, 0x0000000082000000, 0x0000000082000000|100%| O|  |TAMS 0x0000000082000000, 0x0000000081f00000| Untracked 
|  32|0x0000000082000000, 0x0000000082100000, 0x0000000082100000|100%| O|  |TAMS 0x0000000082100000, 0x0000000082000000| Untracked 
|  33|0x0000000082100000, 0x0000000082200000, 0x0000000082200000|100%| O|  |TAMS 0x0000000082200000, 0x0000000082100000| Untracked 
|  34|0x0000000082200000, 0x0000000082300000, 0x0000000082300000|100%| O|  |TAMS 0x0000000082300000, 0x0000000082200000| Untracked 
|  35|0x0000000082300000, 0x0000000082400000, 0x0000000082400000|100%|HS|  |TAMS 0x0000000082400000, 0x0000000082300000| Complete 
|  36|0x0000000082400000, 0x0000000082500000, 0x0000000082500000|100%|HS|  |TAMS 0x0000000082500000, 0x0000000082400000| Complete 
|  37|0x0000000082500000, 0x0000000082600000, 0x0000000082600000|100%|HC|  |TAMS 0x0000000082600000, 0x0000000082500000| Complete 
|  38|0x0000000082600000, 0x0000000082700000, 0x0000000082700000|100%| O|  |TAMS 0x0000000082700000, 0x0000000082600000| Untracked 
|  39|0x0000000082700000, 0x0000000082800000, 0x0000000082800000|100%| O|  |TAMS 0x0000000082800000, 0x0000000082700000| Untracked 
|  40|0x0000000082800000, 0x0000000082900000, 0x0000000082900000|100%| O|  |TAMS 0x0000000082900000, 0x0000000082800000| Untracked 
|  41|0x0000000082900000, 0x0000000082a00000, 0x0000000082a00000|100%| O|  |TAMS 0x0000000082a00000, 0x0000000082900000| Untracked 
|  42|0x0000000082a00000, 0x0000000082b00000, 0x0000000082b00000|100%| O|  |TAMS 0x0000000082b00000, 0x0000000082a00000| Untracked 
|  43|0x0000000082b00000, 0x0000000082c00000, 0x0000000082c00000|100%|HS|  |TAMS 0x0000000082c00000, 0x0000000082b00000| Complete 
|  44|0x0000000082c00000, 0x0000000082d00000, 0x0000000082d00000|100%|HS|  |TAMS 0x0000000082d00000, 0x0000000082c00000| Complete 
|  45|0x0000000082d00000, 0x0000000082e00000, 0x0000000082e00000|100%|HC|  |TAMS 0x0000000082e00000, 0x0000000082d00000| Complete 
|  46|0x0000000082e00000, 0x0000000082f00000, 0x0000000082f00000|100%|HC|  |TAMS 0x0000000082f00000, 0x0000000082e00000| Complete 
|  47|0x0000000082f00000, 0x0000000083000000, 0x0000000083000000|100%|HC|  |TAMS 0x0000000083000000, 0x0000000082f00000| Complete 
|  48|0x0000000083000000, 0x0000000083100000, 0x0000000083100000|100%| O|  |TAMS 0x0000000083100000, 0x0000000083000000| Untracked 
|  49|0x0000000083100000, 0x0000000083200000, 0x0000000083200000|100%| O|  |TAMS 0x0000000083200000, 0x0000000083100000| Untracked 
|  50|0x0000000083200000, 0x0000000083300000, 0x0000000083300000|100%| O|  |TAMS 0x0000000083300000, 0x0000000083200000| Untracked 
|  51|0x0000000083300000, 0x0000000083400000, 0x0000000083400000|100%| O|  |TAMS 0x0000000083400000, 0x0000000083300000| Untracked 
|  52|0x0000000083400000, 0x0000000083500000, 0x0000000083500000|100%| O|  |TAMS 0x0000000083500000, 0x0000000083400000| Untracked 
|  53|0x0000000083500000, 0x0000000083600000, 0x0000000083600000|100%| O|  |TAMS 0x0000000083600000, 0x0000000083500000| Untracked 
|  54|0x0000000083600000, 0x0000000083700000, 0x0000000083700000|100%| O|  |TAMS 0x0000000083700000, 0x0000000083600000| Untracked 
|  55|0x0000000083700000, 0x00000000837eac00, 0x0000000083800000| 91%| O|  |TAMS 0x00000000837eac00, 0x0000000083700000| Untracked 
|  56|0x0000000083800000, 0x0000000083800000, 0x0000000083900000|  0%| F|  |TAMS 0x0000000083800000, 0x0000000083800000| Untracked 
|  57|0x0000000083900000, 0x0000000083900000, 0x0000000083a00000|  0%| F|  |TAMS 0x0000000083900000, 0x0000000083900000| Untracked 
|  58|0x0000000083a00000, 0x0000000083a00000, 0x0000000083b00000|  0%| F|  |TAMS 0x0000000083a00000, 0x0000000083a00000| Untracked 
|  59|0x0000000083b00000, 0x0000000083b00000, 0x0000000083c00000|  0%| F|  |TAMS 0x0000000083b00000, 0x0000000083b00000| Untracked 
|  60|0x0000000083c00000, 0x0000000083c00000, 0x0000000083d00000|  0%| F|  |TAMS 0x0000000083c00000, 0x0000000083c00000| Untracked 
|  61|0x0000000083d00000, 0x0000000083d00000, 0x0000000083e00000|  0%| F|  |TAMS 0x0000000083d00000, 0x0000000083d00000| Untracked 
|  62|0x0000000083e00000, 0x0000000083e00000, 0x0000000083f00000|  0%| F|  |TAMS 0x0000000083e00000, 0x0000000083e00000| Untracked 
|  63|0x0000000083f00000, 0x0000000083f00000, 0x0000000084000000|  0%| F|  |TAMS 0x0000000083f00000, 0x0000000083f00000| Untracked 
|  64|0x0000000084000000, 0x0000000084000000, 0x0000000084100000|  0%| F|  |TAMS 0x0000000084000000, 0x0000000084000000| Untracked 
|  65|0x0000000084100000, 0x0000000084100000, 0x0000000084200000|  0%| F|  |TAMS 0x0000000084100000, 0x0000000084100000| Untracked 
|  66|0x0000000084200000, 0x0000000084200000, 0x0000000084300000|  0%| F|  |TAMS 0x0000000084200000, 0x0000000084200000| Untracked 
|  67|0x0000000084300000, 0x0000000084300000, 0x0000000084400000|  0%| F|  |TAMS 0x0000000084300000, 0x0000000084300000| Untracked 
|  68|0x0000000084400000, 0x0000000084400000, 0x0000000084500000|  0%| F|  |TAMS 0x0000000084400000, 0x0000000084400000| Untracked 
|  69|0x0000000084500000, 0x0000000084500000, 0x0000000084600000|  0%| F|  |TAMS 0x0000000084500000, 0x0000000084500000| Untracked 
|  70|0x0000000084600000, 0x0000000084600000, 0x0000000084700000|  0%| F|  |TAMS 0x0000000084600000, 0x0000000084600000| Untracked 
|  71|0x0000000084700000, 0x0000000084700000, 0x0000000084800000|  0%| F|  |TAMS 0x0000000084700000, 0x0000000084700000| Untracked 
|  72|0x0000000084800000, 0x0000000084800000, 0x0000000084900000|  0%| F|  |TAMS 0x0000000084800000, 0x0000000084800000| Untracked 
|  73|0x0000000084900000, 0x0000000084900000, 0x0000000084a00000|  0%| F|  |TAMS 0x0000000084900000, 0x0000000084900000| Untracked 
|  74|0x0000000084a00000, 0x0000000084a00000, 0x0000000084b00000|  0%| F|  |TAMS 0x0000000084a00000, 0x0000000084a00000| Untracked 
|  75|0x0000000084b00000, 0x0000000084b00000, 0x0000000084c00000|  0%| F|  |TAMS 0x0000000084b00000, 0x0000000084b00000| Untracked 
|  76|0x0000000084c00000, 0x0000000084cbed30, 0x0000000084d00000| 74%| S|CS|TAMS 0x0000000084c00000, 0x0000000084c00000| Complete 
|  77|0x0000000084d00000, 0x0000000084d00000, 0x0000000084e00000|  0%| F|  |TAMS 0x0000000084d00000, 0x0000000084d00000| Untracked 
|  78|0x0000000084e00000, 0x0000000084e00000, 0x0000000084f00000|  0%| F|  |TAMS 0x0000000084e00000, 0x0000000084e00000| Untracked 
|  79|0x0000000084f00000, 0x0000000084f00000, 0x0000000085000000|  0%| F|  |TAMS 0x0000000084f00000, 0x0000000084f00000| Untracked 
|  80|0x0000000085000000, 0x0000000085000000, 0x0000000085100000|  0%| F|  |TAMS 0x0000000085000000, 0x0000000085000000| Untracked 
|  81|0x0000000085100000, 0x0000000085100000, 0x0000000085200000|  0%| F|  |TAMS 0x0000000085100000, 0x0000000085100000| Untracked 
|  82|0x0000000085200000, 0x0000000085200000, 0x0000000085300000|  0%| F|  |TAMS 0x0000000085200000, 0x0000000085200000| Untracked 
|  83|0x0000000085300000, 0x0000000085300000, 0x0000000085400000|  0%| F|  |TAMS 0x0000000085300000, 0x0000000085300000| Untracked 
|  84|0x0000000085400000, 0x0000000085400000, 0x0000000085500000|  0%| F|  |TAMS 0x0000000085400000, 0x0000000085400000| Untracked 
|  85|0x0000000085500000, 0x0000000085500000, 0x0000000085600000|  0%| F|  |TAMS 0x0000000085500000, 0x0000000085500000| Untracked 
|  86|0x0000000085600000, 0x0000000085600000, 0x0000000085700000|  0%| F|  |TAMS 0x0000000085600000, 0x0000000085600000| Untracked 
|  87|0x0000000085700000, 0x0000000085700000, 0x0000000085800000|  0%| F|  |TAMS 0x0000000085700000, 0x0000000085700000| Untracked 
|  88|0x0000000085800000, 0x0000000085800000, 0x0000000085900000|  0%| F|  |TAMS 0x0000000085800000, 0x0000000085800000| Untracked 
|  89|0x0000000085900000, 0x0000000085900000, 0x0000000085a00000|  0%| F|  |TAMS 0x0000000085900000, 0x0000000085900000| Untracked 
|  90|0x0000000085a00000, 0x0000000085a00000, 0x0000000085b00000|  0%| F|  |TAMS 0x0000000085a00000, 0x0000000085a00000| Untracked 
|  91|0x0000000085b00000, 0x0000000085b00000, 0x0000000085c00000|  0%| F|  |TAMS 0x0000000085b00000, 0x0000000085b00000| Untracked 
|  92|0x0000000085c00000, 0x0000000085c00000, 0x0000000085d00000|  0%| F|  |TAMS 0x0000000085c00000, 0x0000000085c00000| Untracked 
|  93|0x0000000085d00000, 0x0000000085d00000, 0x0000000085e00000|  0%| F|  |TAMS 0x0000000085d00000, 0x0000000085d00000| Untracked 
|  94|0x0000000085e00000, 0x0000000085e00000, 0x0000000085f00000|  0%| F|  |TAMS 0x0000000085e00000, 0x0000000085e00000| Untracked 
|  95|0x0000000085f00000, 0x0000000085f00000, 0x0000000086000000|  0%| F|  |TAMS 0x0000000085f00000, 0x0000000085f00000| Untracked 
|  96|0x0000000086000000, 0x0000000086000000, 0x0000000086100000|  0%| F|  |TAMS 0x0000000086000000, 0x0000000086000000| Untracked 
|  97|0x0000000086100000, 0x0000000086100000, 0x0000000086200000|  0%| F|  |TAMS 0x0000000086100000, 0x0000000086100000| Untracked 
|  98|0x0000000086200000, 0x0000000086200000, 0x0000000086300000|  0%| F|  |TAMS 0x0000000086200000, 0x0000000086200000| Untracked 
|  99|0x0000000086300000, 0x0000000086300000, 0x0000000086400000|  0%| F|  |TAMS 0x0000000086300000, 0x0000000086300000| Untracked 
| 100|0x0000000086400000, 0x0000000086400000, 0x0000000086500000|  0%| F|  |TAMS 0x0000000086400000, 0x0000000086400000| Untracked 
| 101|0x0000000086500000, 0x0000000086500000, 0x0000000086600000|  0%| F|  |TAMS 0x0000000086500000, 0x0000000086500000| Untracked 
| 102|0x0000000086600000, 0x0000000086600000, 0x0000000086700000|  0%| F|  |TAMS 0x0000000086600000, 0x0000000086600000| Untracked 
| 103|0x0000000086700000, 0x0000000086700000, 0x0000000086800000|  0%| F|  |TAMS 0x0000000086700000, 0x0000000086700000| Untracked 
| 104|0x0000000086800000, 0x0000000086800000, 0x0000000086900000|  0%| F|  |TAMS 0x0000000086800000, 0x0000000086800000| Untracked 
| 105|0x0000000086900000, 0x0000000086900000, 0x0000000086a00000|  0%| F|  |TAMS 0x0000000086900000, 0x0000000086900000| Untracked 
| 106|0x0000000086a00000, 0x0000000086a00000, 0x0000000086b00000|  0%| F|  |TAMS 0x0000000086a00000, 0x0000000086a00000| Untracked 
| 107|0x0000000086b00000, 0x0000000086b00000, 0x0000000086c00000|  0%| F|  |TAMS 0x0000000086b00000, 0x0000000086b00000| Untracked 
| 108|0x0000000086c00000, 0x0000000086c00000, 0x0000000086d00000|  0%| F|  |TAMS 0x0000000086c00000, 0x0000000086c00000| Untracked 
| 109|0x0000000086d00000, 0x0000000086d00000, 0x0000000086e00000|  0%| F|  |TAMS 0x0000000086d00000, 0x0000000086d00000| Untracked 
| 110|0x0000000086e00000, 0x0000000086e00000, 0x0000000086f00000|  0%| F|  |TAMS 0x0000000086e00000, 0x0000000086e00000| Untracked 
| 111|0x0000000086f00000, 0x0000000086f00000, 0x0000000087000000|  0%| F|  |TAMS 0x0000000086f00000, 0x0000000086f00000| Untracked 
| 112|0x0000000087000000, 0x0000000087000000, 0x0000000087100000|  0%| F|  |TAMS 0x0000000087000000, 0x0000000087000000| Untracked 
| 113|0x0000000087100000, 0x0000000087100000, 0x0000000087200000|  0%| F|  |TAMS 0x0000000087100000, 0x0000000087100000| Untracked 
| 114|0x0000000087200000, 0x0000000087200000, 0x0000000087300000|  0%| F|  |TAMS 0x0000000087200000, 0x0000000087200000| Untracked 
| 115|0x0000000087300000, 0x0000000087300000, 0x0000000087400000|  0%| F|  |TAMS 0x0000000087300000, 0x0000000087300000| Untracked 
| 116|0x0000000087400000, 0x0000000087400000, 0x0000000087500000|  0%| F|  |TAMS 0x0000000087400000, 0x0000000087400000| Untracked 
| 117|0x0000000087500000, 0x0000000087500000, 0x0000000087600000|  0%| F|  |TAMS 0x0000000087500000, 0x0000000087500000| Untracked 
| 118|0x0000000087600000, 0x0000000087600000, 0x0000000087700000|  0%| F|  |TAMS 0x0000000087600000, 0x0000000087600000| Untracked 
| 119|0x0000000087700000, 0x0000000087780800, 0x0000000087800000| 50%| E|  |TAMS 0x0000000087700000, 0x0000000087700000| Complete 
| 120|0x0000000087800000, 0x0000000087900000, 0x0000000087900000|100%| E|CS|TAMS 0x0000000087800000, 0x0000000087800000| Complete 
| 121|0x0000000087900000, 0x0000000087a00000, 0x0000000087a00000|100%| E|CS|TAMS 0x0000000087900000, 0x0000000087900000| Complete 
| 122|0x0000000087a00000, 0x0000000087b00000, 0x0000000087b00000|100%| E|CS|TAMS 0x0000000087a00000, 0x0000000087a00000| Complete 
| 123|0x0000000087b00000, 0x0000000087c00000, 0x0000000087c00000|100%| E|CS|TAMS 0x0000000087b00000, 0x0000000087b00000| Complete 
| 124|0x0000000087c00000, 0x0000000087d00000, 0x0000000087d00000|100%| E|CS|TAMS 0x0000000087c00000, 0x0000000087c00000| Complete 
| 125|0x0000000087d00000, 0x0000000087e00000, 0x0000000087e00000|100%| E|CS|TAMS 0x0000000087d00000, 0x0000000087d00000| Complete 
| 126|0x0000000087e00000, 0x0000000087f00000, 0x0000000087f00000|100%| E|CS|TAMS 0x0000000087e00000, 0x0000000087e00000| Complete 
| 127|0x0000000087f00000, 0x0000000088000000, 0x0000000088000000|100%| E|CS|TAMS 0x0000000087f00000, 0x0000000087f00000| Complete 
| 128|0x0000000088000000, 0x0000000088100000, 0x0000000088100000|100%| E|CS|TAMS 0x0000000088000000, 0x0000000088000000| Complete 
| 129|0x0000000088100000, 0x0000000088200000, 0x0000000088200000|100%| E|CS|TAMS 0x0000000088100000, 0x0000000088100000| Complete 
| 130|0x0000000088200000, 0x0000000088300000, 0x0000000088300000|100%| E|CS|TAMS 0x0000000088200000, 0x0000000088200000| Complete 
| 131|0x0000000088300000, 0x0000000088400000, 0x0000000088400000|100%| E|CS|TAMS 0x0000000088300000, 0x0000000088300000| Complete 
| 132|0x0000000088400000, 0x0000000088500000, 0x0000000088500000|100%| E|CS|TAMS 0x0000000088400000, 0x0000000088400000| Complete 
| 133|0x0000000088500000, 0x0000000088600000, 0x0000000088600000|100%| E|CS|TAMS 0x0000000088500000, 0x0000000088500000| Complete 
| 134|0x0000000088600000, 0x0000000088700000, 0x0000000088700000|100%| E|CS|TAMS 0x0000000088600000, 0x0000000088600000| Complete 
| 135|0x0000000088700000, 0x0000000088800000, 0x0000000088800000|100%| E|CS|TAMS 0x0000000088700000, 0x0000000088700000| Complete 
| 136|0x0000000088800000, 0x0000000088900000, 0x0000000088900000|100%| E|CS|TAMS 0x0000000088800000, 0x0000000088800000| Complete 
| 137|0x0000000088900000, 0x0000000088a00000, 0x0000000088a00000|100%| E|CS|TAMS 0x0000000088900000, 0x0000000088900000| Complete 
| 138|0x0000000088a00000, 0x0000000088b00000, 0x0000000088b00000|100%| E|CS|TAMS 0x0000000088a00000, 0x0000000088a00000| Complete 
| 139|0x0000000088b00000, 0x0000000088c00000, 0x0000000088c00000|100%| E|CS|TAMS 0x0000000088b00000, 0x0000000088b00000| Complete 
| 140|0x0000000088c00000, 0x0000000088d00000, 0x0000000088d00000|100%| E|CS|TAMS 0x0000000088c00000, 0x0000000088c00000| Complete 
| 141|0x0000000088d00000, 0x0000000088e00000, 0x0000000088e00000|100%| E|CS|TAMS 0x0000000088d00000, 0x0000000088d00000| Complete 
| 142|0x0000000088e00000, 0x0000000088f00000, 0x0000000088f00000|100%| E|CS|TAMS 0x0000000088e00000, 0x0000000088e00000| Complete 
| 143|0x0000000088f00000, 0x0000000089000000, 0x0000000089000000|100%| E|CS|TAMS 0x0000000088f00000, 0x0000000088f00000| Complete 
| 159|0x0000000089f00000, 0x000000008a000000, 0x000000008a000000|100%| E|CS|TAMS 0x0000000089f00000, 0x0000000089f00000| Complete 

Card table byte_map: [0x00000154a6a50000,0x00000154a6e50000] _byte_map_base: 0x00000154a6650000

Marking Bits (Prev, Next): (CMBitMap*) 0x0000015493f14430, (CMBitMap*) 0x0000015493f14470
 Prev Bits: [0x00000154a7250000, 0x00000154a9250000)
 Next Bits: [0x00000154a9250000, 0x00000154ab250000)

Polling page: 0x0000015493620000

Metaspace:

Usage:
  Non-class:     51.34 MB used.
      Class:      7.83 MB used.
       Both:     59.17 MB used.

Virtual space:
  Non-class space:       56.00 MB reserved,      51.62 MB ( 92%) committed,  7 nodes.
      Class space:        1.00 GB reserved,       8.06 MB ( <1%) committed,  1 nodes.
             Both:        1.05 GB reserved,      59.69 MB (  6%) committed. 

Chunk freelists:
   Non-Class:  256.00 KB
       Class:  3.98 MB
        Both:  4.23 MB

MaxMetaspaceSize: unlimited
CompressedClassSpaceSize: 1.00 GB
Initial GC threshold: 21.00 MB
Current GC threshold: 91.88 MB
CDS: off
MetaspaceReclaimPolicy: balanced
 - commit_granule_bytes: 65536.
 - commit_granule_words: 8192.
 - virtual_space_node_default_size: 1048576.
 - enlarge_chunks_in_place: 1.
 - new_chunks_are_fully_committed: 0.
 - uncommit_free_chunks: 1.
 - use_allocation_guard: 0.
 - handle_deallocations: 1.


Internal statistics:

num_allocs_failed_limit: 6.
num_arena_births: 586.
num_arena_deaths: 0.
num_vsnodes_births: 8.
num_vsnodes_deaths: 0.
num_space_committed: 955.
num_space_uncommitted: 0.
num_chunks_returned_to_freelist: 6.
num_chunks_taken_from_freelist: 2548.
num_chunk_merges: 6.
num_chunk_splits: 1697.
num_chunks_enlarged: 1160.
num_purges: 0.
num_inconsistent_stats: 0.

CodeHeap 'non-profiled nmethods': size=120000Kb used=3096Kb max_used=3373Kb free=116904Kb
 bounds [0x000001549edf0000, 0x000001549f140000, 0x00000154a6320000]
CodeHeap 'profiled nmethods': size=120000Kb used=10525Kb max_used=11335Kb free=109474Kb
 bounds [0x0000015497320000, 0x0000015497e40000, 0x000001549e850000]
CodeHeap 'non-nmethods': size=5760Kb used=2333Kb max_used=2386Kb free=3426Kb
 bounds [0x000001549e850000, 0x000001549eac0000, 0x000001549edf0000]
 total_blobs=6444 nmethods=5588 adapters=767
 compilation: enabled
              stopped_count=0, restarted_count=0
 full_count=0

Compilation events (20 events):
Event: 11.157 Thread 0x00000154aed33da0 6360       3       java.lang.invoke.LambdaForm$MH/0x00000001000ac000::invoke (25 bytes)
Event: 11.157 Thread 0x00000154aed33da0 nmethod 6360 0x000001549732c310 code [0x000001549732c4e0, 0x000001549732c9d8]
Event: 11.157 Thread 0x00000154aed33da0 6362       3       java.util.logging.LogManager::getProperty (9 bytes)
Event: 11.158 Thread 0x00000154aed33da0 nmethod 6362 0x0000015497394a90 code [0x0000015497394c40, 0x0000015497394e08]
Event: 11.190 Thread 0x00000154aed33da0 6363       3       java.util.TreeMap::addEntryToEmptyMap (37 bytes)
Event: 11.191 Thread 0x00000154aed33da0 nmethod 6363 0x00000154978e6e90 code [0x00000154978e7080, 0x00000154978e7738]
Event: 11.191 Thread 0x00000154aed33da0 6365       2       java.lang.String$CaseInsensitiveComparator::compare (68 bytes)
Event: 11.191 Thread 0x00000154b2ab1ac0 nmethod 6128 0x000001549ef08210 code [0x000001549ef09400, 0x000001549ef10ec0]
Event: 11.191 Thread 0x00000154aed33da0 nmethod 6365 0x00000154978e6910 code [0x00000154978e6ae0, 0x00000154978e6d18]
Event: 11.191 Thread 0x00000154aed33da0 6364       2       java.lang.String$CaseInsensitiveComparator::compare (13 bytes)
Event: 11.192 Thread 0x00000154aed33da0 nmethod 6364 0x0000015497991c90 code [0x0000015497991e40, 0x0000015497991fc8]
Event: 11.192 Thread 0x00000154b2ab1ac0 6335       4       com.google.common.collect.RegularImmutableMap::checkNoConflictInKeyBucket (119 bytes)
Event: 11.195 Thread 0x00000154b2ab1ac0 nmethod 6335 0x000001549ee6c410 code [0x000001549ee6c5a0, 0x000001549ee6c718]
Event: 11.196 Thread 0x00000154b2ab1ac0 6366       4       java.util.Arrays::binarySearch0 (95 bytes)
Event: 11.199 Thread 0x00000154aed33da0 6367       3       com.sun.jmx.mbeanserver.MBeanAnalyzer$MethodOrder::compare (13 bytes)
Event: 11.199 Thread 0x00000154aed33da0 nmethod 6367 0x00000154978e6310 code [0x00000154978e64c0, 0x00000154978e67e8]
Event: 11.199 Thread 0x00000154aed33da0 6368       3       com.sun.jmx.mbeanserver.MBeanAnalyzer$MethodOrder::compare (106 bytes)
Event: 11.200 Thread 0x00000154aed33da0 nmethod 6368 0x000001549732ef90 code [0x000001549732f200, 0x000001549732fb18]
Event: 11.201 Thread 0x00000154aed33da0 6369       1       javax.management.openmbean.OpenType::getClassName (5 bytes)
Event: 11.202 Thread 0x00000154aed33da0 nmethod 6369 0x000001549ee10c90 code [0x000001549ee10e20, 0x000001549ee10ef8]

GC Heap History (20 events):
Event: 5.226 GC heap before
{Heap before GC invocations=6 (full 0):
 garbage-first heap   total 71680K, used 46762K [0x0000000080000000, 0x0000000100000000)
  region size 1024K, 30 young (30720K), 4 survivors (4096K)
 Metaspace       used 35609K, committed 35968K, reserved 1081344K
  class space    used 4876K, committed 5056K, reserved 1048576K
}
Event: 5.233 GC heap after
{Heap after GC invocations=7 (full 0):
 garbage-first heap   total 71680K, used 24427K [0x0000000080000000, 0x0000000100000000)
  region size 1024K, 4 young (4096K), 4 survivors (4096K)
 Metaspace       used 35609K, committed 35968K, reserved 1081344K
  class space    used 4876K, committed 5056K, reserved 1048576K
}
Event: 5.782 GC heap before
{Heap before GC invocations=8 (full 0):
 garbage-first heap   total 71680K, used 52075K [0x0000000080000000, 0x0000000100000000)
  region size 1024K, 32 young (32768K), 4 survivors (4096K)
 Metaspace       used 40375K, committed 40704K, reserved 1089536K
  class space    used 5355K, committed 5504K, reserved 1048576K
}
Event: 5.790 GC heap after
{Heap after GC invocations=9 (full 0):
 garbage-first heap   total 71680K, used 28445K [0x0000000080000000, 0x0000000100000000)
  region size 1024K, 4 young (4096K), 4 survivors (4096K)
 Metaspace       used 40375K, committed 40704K, reserved 1089536K
  class space    used 5355K, committed 5504K, reserved 1048576K
}
Event: 6.445 GC heap before
{Heap before GC invocations=9 (full 0):
 garbage-first heap   total 71680K, used 56093K [0x0000000080000000, 0x0000000100000000)
  region size 1024K, 28 young (28672K), 4 survivors (4096K)
 Metaspace       used 42576K, committed 42944K, reserved 1089536K
  class space    used 5569K, committed 5696K, reserved 1048576K
}
Event: 6.456 GC heap after
{Heap after GC invocations=10 (full 0):
 garbage-first heap   total 86016K, used 31826K [0x0000000080000000, 0x0000000100000000)
  region size 1024K, 4 young (4096K), 4 survivors (4096K)
 Metaspace       used 42576K, committed 42944K, reserved 1089536K
  class space    used 5569K, committed 5696K, reserved 1048576K
}
Event: 7.945 GC heap before
{Heap before GC invocations=10 (full 0):
 garbage-first heap   total 86016K, used 64594K [0x0000000080000000, 0x0000000100000000)
  region size 1024K, 35 young (35840K), 4 survivors (4096K)
 Metaspace       used 46992K, committed 47424K, reserved 1097728K
  class space    used 6152K, committed 6336K, reserved 1048576K
}
Event: 7.953 GC heap after
{Heap after GC invocations=11 (full 0):
 garbage-first heap   total 86016K, used 34399K [0x0000000080000000, 0x0000000100000000)
  region size 1024K, 3 young (3072K), 3 survivors (3072K)
 Metaspace       used 46992K, committed 47424K, reserved 1097728K
  class space    used 6152K, committed 6336K, reserved 1048576K
}
Event: 8.978 GC heap before
{Heap before GC invocations=11 (full 0):
 garbage-first heap   total 86016K, used 65119K [0x0000000080000000, 0x0000000100000000)
  region size 1024K, 33 young (33792K), 3 survivors (3072K)
 Metaspace       used 50833K, committed 51264K, reserved 1097728K
  class space    used 6740K, committed 6912K, reserved 1048576K
}
Event: 8.985 GC heap after
{Heap after GC invocations=12 (full 0):
 garbage-first heap   total 86016K, used 35828K [0x0000000080000000, 0x0000000100000000)
  region size 1024K, 5 young (5120K), 5 survivors (5120K)
 Metaspace       used 50833K, committed 51264K, reserved 1097728K
  class space    used 6740K, committed 6912K, reserved 1048576K
}
Event: 9.562 GC heap before
{Heap before GC invocations=12 (full 0):
 garbage-first heap   total 86016K, used 64500K [0x0000000080000000, 0x0000000100000000)
  region size 1024K, 34 young (34816K), 5 survivors (5120K)
 Metaspace       used 51699K, committed 52160K, reserved 1097728K
  class space    used 6821K, committed 7040K, reserved 1048576K
}
Event: 9.570 GC heap after
{Heap after GC invocations=13 (full 0):
 garbage-first heap   total 86016K, used 39631K [0x0000000080000000, 0x0000000100000000)
  region size 1024K, 5 young (5120K), 5 survivors (5120K)
 Metaspace       used 51699K, committed 52160K, reserved 1097728K
  class space    used 6821K, committed 7040K, reserved 1048576K
}
Event: 9.722 GC heap before
{Heap before GC invocations=13 (full 0):
 garbage-first heap   total 86016K, used 48847K [0x0000000080000000, 0x0000000100000000)
  region size 1024K, 13 young (13312K), 5 survivors (5120K)
 Metaspace       used 51989K, committed 52416K, reserved 1097728K
  class space    used 6865K, committed 7040K, reserved 1048576K
}
Event: 9.727 GC heap after
{Heap after GC invocations=14 (full 0):
 garbage-first heap   total 86016K, used 45654K [0x0000000080000000, 0x0000000100000000)
  region size 1024K, 4 young (4096K), 4 survivors (4096K)
 Metaspace       used 51989K, committed 52416K, reserved 1097728K
  class space    used 6865K, committed 7040K, reserved 1048576K
}
Event: 9.974 GC heap before
{Heap before GC invocations=15 (full 0):
 garbage-first heap   total 96256K, used 69206K [0x0000000080000000, 0x0000000100000000)
  region size 1024K, 22 young (22528K), 4 survivors (4096K)
 Metaspace       used 53538K, committed 53952K, reserved 1097728K
  class space    used 7055K, committed 7232K, reserved 1048576K
}
Event: 9.979 GC heap after
{Heap after GC invocations=16 (full 0):
 garbage-first heap   total 96256K, used 56645K [0x0000000080000000, 0x0000000100000000)
  region size 1024K, 3 young (3072K), 3 survivors (3072K)
 Metaspace       used 53538K, committed 53952K, reserved 1097728K
  class space    used 7055K, committed 7232K, reserved 1048576K
}
Event: 9.999 GC heap before
{Heap before GC invocations=16 (full 0):
 garbage-first heap   total 96256K, used 57669K [0x0000000080000000, 0x0000000100000000)
  region size 1024K, 4 young (4096K), 3 survivors (3072K)
 Metaspace       used 53622K, committed 54080K, reserved 1097728K
  class space    used 7073K, committed 7296K, reserved 1048576K
}
Event: 10.003 GC heap after
{Heap after GC invocations=17 (full 0):
 garbage-first heap   total 96256K, used 56444K [0x0000000080000000, 0x0000000100000000)
  region size 1024K, 1 young (1024K), 1 survivors (1024K)
 Metaspace       used 53622K, committed 54080K, reserved 1097728K
  class space    used 7073K, committed 7296K, reserved 1048576K
}
Event: 10.440 GC heap before
{Heap before GC invocations=17 (full 0):
 garbage-first heap   total 96256K, used 72828K [0x0000000080000000, 0x0000000100000000)
  region size 1024K, 17 young (17408K), 1 survivors (1024K)
 Metaspace       used 55779K, committed 56192K, reserved 1097728K
  class space    used 7394K, committed 7552K, reserved 1048576K
}
Event: 10.444 GC heap after
{Heap after GC invocations=18 (full 0):
 garbage-first heap   total 148480K, used 56998K [0x0000000080000000, 0x0000000100000000)
  region size 1024K, 1 young (1024K), 1 survivors (1024K)
 Metaspace       used 55779K, committed 56192K, reserved 1097728K
  class space    used 7394K, committed 7552K, reserved 1048576K
}

Dll operation events (2 events):
Event: 0.014 Loaded shared library C:\Program Files\Android\Android Studio\jbr\bin\java.dll
Event: 0.646 Loaded shared library C:\Program Files\Android\Android Studio\jbr\bin\verify.dll

Deoptimization events (20 events):
Event: 10.413 Thread 0x00000154af463f90 Uncommon trap: trap_request=0xffffff45 fr.pc=0x000001549f13ad60 relative=0x00000000000002a0
Event: 10.413 Thread 0x00000154af463f90 Uncommon trap: reason=unstable_if action=reinterpret pc=0x000001549f13ad60 method=org.gradle.internal.instantiation.generator.AbstractClassGenerator$InjectionAnnotationValidator.validateMethod(Ljava/lang/reflect/Method;Lorg/gradle/internal/reflect/Propert
Event: 10.413 Thread 0x00000154af463f90 DEOPT PACKING pc=0x000001549f13ad60 sp=0x00000049e8bf75c0
Event: 10.413 Thread 0x00000154af463f90 DEOPT UNPACKING pc=0x000001549e8a69a3 sp=0x00000049e8bf7588 mode 2
Event: 10.414 Thread 0x00000154af463f90 Uncommon trap: trap_request=0xffffffde fr.pc=0x000001549ee06ef0 relative=0x0000000000000470
Event: 10.414 Thread 0x00000154af463f90 Uncommon trap: reason=class_check action=maybe_recompile pc=0x000001549ee06ef0 method=org.gradle.internal.instantiation.generator.AbstractClassGenerator$InjectionAnnotationValidator.validateMethod(Ljava/lang/reflect/Method;Lorg/gradle/internal/reflect/Pro
Event: 10.414 Thread 0x00000154af463f90 DEOPT PACKING pc=0x000001549ee06ef0 sp=0x00000049e8bf7500
Event: 10.414 Thread 0x00000154af463f90 DEOPT UNPACKING pc=0x000001549e8a69a3 sp=0x00000049e8bf74f0 mode 2
Event: 10.445 Thread 0x00000154af172150 Uncommon trap: trap_request=0xffffffde fr.pc=0x000001549efebda8 relative=0x0000000000000488
Event: 10.445 Thread 0x00000154af172150 Uncommon trap: reason=class_check action=maybe_recompile pc=0x000001549efebda8 method=jdk.internal.ref.PhantomCleanable.clean()V @ 12 c2
Event: 10.445 Thread 0x00000154af172150 DEOPT PACKING pc=0x000001549efebda8 sp=0x00000049e7cff260
Event: 10.445 Thread 0x00000154af172150 DEOPT UNPACKING pc=0x000001549e8a69a3 sp=0x00000049e7cff240 mode 2
Event: 11.192 Thread 0x00000154af463f90 Uncommon trap: trap_request=0xffffff76 fr.pc=0x000001549f035558 relative=0x0000000000000198
Event: 11.192 Thread 0x00000154af463f90 Uncommon trap: reason=predicate action=maybe_recompile pc=0x000001549f035558 method=java.util.Arrays.binarySearch0([Ljava/lang/Object;IILjava/lang/Object;Ljava/util/Comparator;)I @ 25 c2
Event: 11.192 Thread 0x00000154af463f90 DEOPT PACKING pc=0x000001549f035558 sp=0x00000049e8bf4310
Event: 11.192 Thread 0x00000154af463f90 DEOPT UNPACKING pc=0x000001549e8a69a3 sp=0x00000049e8bf4220 mode 2
Event: 11.192 Thread 0x00000154af463f90 Uncommon trap: trap_request=0xffffff76 fr.pc=0x000001549f034e5c relative=0x000000000000019c
Event: 11.192 Thread 0x00000154af463f90 Uncommon trap: reason=predicate action=maybe_recompile pc=0x000001549f034e5c method=java.util.Arrays.binarySearch0([Ljava/lang/Object;IILjava/lang/Object;Ljava/util/Comparator;)I @ 25 c2
Event: 11.192 Thread 0x00000154af463f90 DEOPT PACKING pc=0x000001549f034e5c sp=0x00000049e8bf4290
Event: 11.192 Thread 0x00000154af463f90 DEOPT UNPACKING pc=0x000001549e8a69a3 sp=0x00000049e8bf4220 mode 2

Classes unloaded (0 events):
No events

Classes redefined (0 events):
No events

Internal exceptions (20 events):
Event: 8.961 Thread 0x00000154af463f90 Exception <a 'java/lang/NoSuchMethodError'{0x00000000836a5440}: 'java.lang.Object java.lang.invoke.DirectMethodHandle$Holder.newInvokeSpecial(java.lang.Object, java.lang.Object, int)'> (0x00000000836a5440) 
thrown [s\src\hotspot\share\interpreter\linkResolver.cpp, line 771]
Event: 9.305 Thread 0x00000154af463f90 Implicit null exception at 0x000001549f0f486f to 0x000001549f0f4ab0
Event: 9.660 Thread 0x00000154af463f90 Exception <a 'java/lang/NoSuchMethodError'{0x0000000086fea700}: 'long java.lang.invoke.DirectMethodHandle$Holder.invokeVirtual(java.lang.Object, java.lang.Object)'> (0x0000000086fea700) 
thrown [s\src\hotspot\share\interpreter\linkResolver.cpp, line 771]
Event: 9.667 Thread 0x00000154b26b17e0 Exception <a 'java/lang/NoSuchMethodError'{0x0000000086e78cd0}: static Lorg/gradle/internal/build/event/types/DefaultOperationFinishedProgressEvent;.<clinit>()V> (0x0000000086e78cd0) 
thrown [s\src\hotspot\share\prims\jni.cpp, line 1108]
Event: 9.672 Thread 0x00000154b26b17e0 Exception <a 'java/lang/NoSuchMethodError'{0x0000000086e9e5c8}: static Lorg/gradle/internal/build/event/types/DefaultProjectConfigurationSuccessResult;.<clinit>()V> (0x0000000086e9e5c8) 
thrown [s\src\hotspot\share\prims\jni.cpp, line 1108]
Event: 9.673 Thread 0x00000154b26b17e0 Exception <a 'java/lang/NoSuchMethodError'{0x0000000086e9f920}: static Lorg/gradle/internal/build/event/types/AbstractProjectConfigurationResult;.<clinit>()V> (0x0000000086e9f920) 
thrown [s\src\hotspot\share\prims\jni.cpp, line 1108]
Event: 9.673 Thread 0x00000154b26b17e0 Exception <a 'java/lang/NoSuchMethodError'{0x0000000086ea0e20}: static Lorg/gradle/internal/build/event/types/AbstractOperationResult;.<clinit>()V> (0x0000000086ea0e20) 
thrown [s\src\hotspot\share\prims\jni.cpp, line 1108]
Event: 9.673 Thread 0x00000154b26b17e0 Exception <a 'java/lang/NoSuchMethodError'{0x0000000086ea2028}: static Lorg/gradle/internal/build/event/types/AbstractResult;.<clinit>()V> (0x0000000086ea2028) 
thrown [s\src\hotspot\share\prims\jni.cpp, line 1108]
Event: 9.676 Thread 0x00000154b26b17e0 Exception <a 'java/lang/NoSuchMethodError'{0x0000000086eb9f20}: static Lorg/gradle/internal/build/event/types/DefaultPluginApplicationResult;.<clinit>()V> (0x0000000086eb9f20) 
thrown [s\src\hotspot\share\prims\jni.cpp, line 1108]
Event: 9.677 Thread 0x00000154b26b17e0 Exception <a 'java/lang/NoSuchMethodError'{0x0000000086ec5770}: static Lorg/gradle/internal/build/event/types/DefaultBinaryPluginIdentifier;.<clinit>()V> (0x0000000086ec5770) 
thrown [s\src\hotspot\share\prims\jni.cpp, line 1108]
Event: 9.681 Thread 0x00000154b26b17e0 Exception <a 'java/lang/NoSuchMethodError'{0x0000000086ef15c0}: static Lorg/gradle/internal/build/event/types/DefaultScriptPluginIdentifier;.<clinit>()V> (0x0000000086ef15c0) 
thrown [s\src\hotspot\share\prims\jni.cpp, line 1108]
Event: 9.688 Thread 0x00000154af463f90 Exception <a 'java/lang/ClassNotFoundException'{0x0000000086d25c60}: build_6pihe9b1ljpxnjujr1p5nq9eyBeanInfo> (0x0000000086d25c60) 
thrown [s\src\hotspot\share\classfile\systemDictionary.cpp, line 256]
Event: 9.688 Thread 0x00000154af463f90 Exception <a 'java/lang/ClassNotFoundException'{0x0000000086d2c4e0}: build_6pihe9b1ljpxnjujr1p5nq9eyCustomizer> (0x0000000086d2c4e0) 
thrown [s\src\hotspot\share\classfile\systemDictionary.cpp, line 256]
Event: 9.838 Thread 0x00000154af463f90 Exception <a 'java/lang/ClassNotFoundException'{0x000000008537cac8}: org/gradle/api/internal/plugins/DefaultObjectConfigurationActionBeanInfo> (0x000000008537cac8) 
thrown [s\src\hotspot\share\classfile\systemDictionary.cpp, line 256]
Event: 9.839 Thread 0x00000154af463f90 Exception <a 'java/lang/ClassNotFoundException'{0x000000008538ee20}: org/gradle/api/internal/plugins/DefaultObjectConfigurationActionCustomizer> (0x000000008538ee20) 
thrown [s\src\hotspot\share\classfile\systemDictionary.cpp, line 256]
Event: 10.011 Thread 0x00000154af463f90 Exception <a 'java/lang/NoSuchMethodError'{0x0000000089f644d0}: 'java.lang.Object java.lang.invoke.DirectMethodHandle$Holder.newInvokeSpecial(java.lang.Object, java.lang.Object, java.lang.Object, java.lang.Object, int)'> (0x0000000089f644d0) 
thrown [s\src\hotspot\share\interpreter\linkResolver.cpp, line 771]
Event: 10.012 Thread 0x00000154af463f90 Exception <a 'java/lang/NoSuchMethodError'{0x0000000089f69670}: 'java.lang.Object java.lang.invoke.DirectMethodHandle$Holder.invokeSpecial(java.lang.Object, java.lang.Object, java.lang.Object, java.lang.Object, java.lang.Object, int)'> (0x0000000089f69670) 
thrown [s\src\hotspot\share\interpreter\linkResolver.cpp, line 771]
Event: 10.012 Thread 0x00000154af463f90 Exception <a 'java/lang/NoSuchMethodError'{0x0000000089f6e148}: 'java.lang.Object java.lang.invoke.Invokers$Holder.linkToTargetMethod(java.lang.Object, java.lang.Object, java.lang.Object, int, java.lang.Object)'> (0x0000000089f6e148) 
thrown [s\src\hotspot\share\interpreter\linkResolver.cpp, line 771]
Event: 10.394 Thread 0x00000154af463f90 Exception <a 'java/lang/NoSuchMethodError'{0x0000000084e69bf8}: 'int java.lang.invoke.DirectMethodHandle$Holder.invokeInterface(java.lang.Object, java.lang.Object, java.lang.Object, java.lang.Object)'> (0x0000000084e69bf8) 
thrown [s\src\hotspot\share\interpreter\linkResolver.cpp, line 771]
Event: 11.161 Thread 0x00000154af463f90 Exception <a 'java/lang/IncompatibleClassChangeError'{0x0000000087ac1620}: Found class java.lang.Object, but interface was expected> (0x0000000087ac1620) 
thrown [s\src\hotspot\share\interpreter\linkResolver.cpp, line 838]

VM Operations (20 events):
Event: 9.721 Executing VM operation: G1TryInitiateConcMark
Event: 9.727 Executing VM operation: G1TryInitiateConcMark done
Event: 9.770 Executing VM operation: G1Concurrent
Event: 9.774 Executing VM operation: G1Concurrent done
Event: 9.798 Executing VM operation: G1Concurrent
Event: 9.799 Executing VM operation: G1Concurrent done
Event: 9.974 Executing VM operation: G1CollectForAllocation
Event: 9.979 Executing VM operation: G1CollectForAllocation done
Event: 9.999 Executing VM operation: G1CollectForAllocation
Event: 10.003 Executing VM operation: G1CollectForAllocation done
Event: 10.377 Executing VM operation: HandshakeAllThreads
Event: 10.379 Executing VM operation: HandshakeAllThreads done
Event: 10.391 Executing VM operation: HandshakeAllThreads
Event: 10.392 Executing VM operation: HandshakeAllThreads done
Event: 10.440 Executing VM operation: G1CollectForAllocation
Event: 10.444 Executing VM operation: G1CollectForAllocation done
Event: 10.503 Executing VM operation: G1Concurrent
Event: 10.509 Executing VM operation: G1Concurrent done
Event: 10.531 Executing VM operation: G1Concurrent
Event: 10.532 Executing VM operation: G1Concurrent done

Events (20 events):
Event: 11.194 loading class com/sun/jmx/mbeanserver/PerInterface$InitMaps
Event: 11.194 loading class com/sun/jmx/mbeanserver/PerInterface$InitMaps done
Event: 11.195 loading class com/sun/jmx/mbeanserver/MXBeanLookup
Event: 11.196 loading class com/sun/jmx/mbeanserver/MXBeanLookup done
Event: 11.196 loading class com/sun/jmx/mbeanserver/WeakIdentityHashMap
Event: 11.197 loading class com/sun/jmx/mbeanserver/WeakIdentityHashMap done
Event: 11.197 loading class com/sun/jmx/mbeanserver/WeakIdentityHashMap$IdentityWeakReference
Event: 11.197 loading class com/sun/jmx/mbeanserver/WeakIdentityHashMap$IdentityWeakReference done
Event: 11.197 loading class java/lang/management/ThreadInfo
Event: 11.198 loading class java/lang/management/ThreadInfo done
Event: 11.199 loading class java/lang/management/LockInfo
Event: 11.199 loading class java/lang/management/LockInfo done
Event: 11.199 loading class java/lang/management/MonitorInfo
Event: 11.199 loading class java/lang/management/MonitorInfo done
Event: 11.200 loading class com/sun/jmx/mbeanserver/DefaultMXBeanMappingFactory$CompositeMapping
Event: 11.200 loading class com/sun/jmx/mbeanserver/DefaultMXBeanMappingFactory$CompositeMapping done
Event: 11.201 loading class com/sun/jmx/mbeanserver/DefaultMXBeanMappingFactory$ArrayMapping
Event: 11.201 loading class com/sun/jmx/mbeanserver/DefaultMXBeanMappingFactory$ArrayMapping done
Event: 11.201 loading class com/sun/jmx/mbeanserver/DefaultMXBeanMappingFactory$EnumMapping
Event: 11.202 loading class com/sun/jmx/mbeanserver/DefaultMXBeanMappingFactory$EnumMapping done


Dynamic libraries:
0x00007ff729b30000 - 0x00007ff729b3a000 	C:\Program Files\Android\Android Studio\jbr\bin\java.exe
0x00007ffe2d410000 - 0x00007ffe2d608000 	C:\Windows\SYSTEM32\ntdll.dll
0x00007ffe2d310000 - 0x00007ffe2d3cf000 	C:\Windows\System32\KERNEL32.DLL
0x00007ffe2ab20000 - 0x00007ffe2ae16000 	C:\Windows\System32\KERNELBASE.dll
0x00007ffe275b0000 - 0x00007ffe27641000 	C:\Windows\SYSTEM32\apphelp.dll
0x00007ffdf1ef0000 - 0x00007ffdf2386000 	C:\Windows\SYSTEM32\AcLayers.DLL
0x00007ffe2be90000 - 0x00007ffe2bf2e000 	C:\Windows\System32\msvcrt.dll
0x00007ffe2c520000 - 0x00007ffe2c6bd000 	C:\Windows\System32\USER32.dll
0x00007ffe2b030000 - 0x00007ffe2b052000 	C:\Windows\System32\win32u.dll
0x00007ffe2d0c0000 - 0x00007ffe2d0ec000 	C:\Windows\System32\GDI32.dll
0x00007ffe2b220000 - 0x00007ffe2b335000 	C:\Windows\System32\gdi32full.dll
0x00007ffe2b340000 - 0x00007ffe2b3dd000 	C:\Windows\System32\msvcp_win.dll
0x00007ffe2b120000 - 0x00007ffe2b220000 	C:\Windows\System32\ucrtbase.dll
0x00007ffe2b520000 - 0x00007ffe2bc64000 	C:\Windows\System32\SHELL32.dll
0x00007ffe2cd30000 - 0x00007ffe2cd85000 	C:\Windows\System32\SHLWAPI.dll
0x00007ffe2b470000 - 0x00007ffe2b51f000 	C:\Windows\System32\ADVAPI32.dll
0x00007ffe2cfa0000 - 0x00007ffe2d03c000 	C:\Windows\System32\sechost.dll
0x00007ffe2bc80000 - 0x00007ffe2bda6000 	C:\Windows\System32\RPCRT4.dll
0x0000015491b20000 - 0x0000015491b23000 	C:\Windows\SYSTEM32\sfc.dll
0x00007ffe0e3f0000 - 0x00007ffe0e48d000 	C:\Windows\SYSTEM32\WINSPOOL.DRV
0x00007ffe2c070000 - 0x00007ffe2c3c4000 	C:\Windows\System32\combase.dll
0x00007ffe2bf30000 - 0x00007ffe2bfdd000 	C:\Windows\System32\shcore.dll
0x00007ffe162a0000 - 0x00007ffe162b2000 	C:\Windows\SYSTEM32\sfc_os.DLL
0x00007ffe24cb0000 - 0x00007ffe24cc1000 	C:\Windows\SYSTEM32\SortWindows61.dll
0x00007ffe2c3d0000 - 0x00007ffe2c400000 	C:\Windows\System32\IMM32.DLL
0x00007ffe24e70000 - 0x00007ffe24e8b000 	C:\Program Files\Android\Android Studio\jbr\bin\VCRUNTIME140.dll
0x00007ffe24ed0000 - 0x00007ffe24ee7000 	C:\Program Files\Android\Android Studio\jbr\bin\jli.dll
0x00007ffe29e70000 - 0x00007ffe2a10a000 	C:\Windows\WinSxS\amd64_microsoft.windows.common-controls_6595b64144ccf1df_6.0.19041.1110_none_60b5254171f9507e\COMCTL32.dll
0x00007ffe25920000 - 0x00007ffe2592c000 	C:\Program Files\Android\Android Studio\jbr\bin\vcruntime140_1.dll
0x00007ffe23240000 - 0x00007ffe232cd000 	C:\Program Files\Android\Android Studio\jbr\bin\msvcp140.dll
0x00007ffded940000 - 0x00007ffdee5ad000 	C:\Program Files\Android\Android Studio\jbr\bin\server\jvm.dll
0x00007ffe259a0000 - 0x00007ffe259a9000 	C:\Windows\SYSTEM32\WSOCK32.dll
0x00007ffe22860000 - 0x00007ffe2286a000 	C:\Windows\SYSTEM32\VERSION.dll
0x00007ffe2a640000 - 0x00007ffe2a667000 	C:\Windows\SYSTEM32\WINMM.dll
0x00007ffe2d2a0000 - 0x00007ffe2d30b000 	C:\Windows\System32\WS2_32.dll
0x00007ffe27ba0000 - 0x00007ffe27bb2000 	C:\Windows\SYSTEM32\kernel.appcore.dll
0x00007ffe24350000 - 0x00007ffe2435a000 	C:\Program Files\Android\Android Studio\jbr\bin\jimage.dll
0x00007ffe2a400000 - 0x00007ffe2a5e4000 	C:\Windows\SYSTEM32\DBGHELP.DLL
0x00007ffe2a220000 - 0x00007ffe2a254000 	C:\Windows\SYSTEM32\dbgcore.DLL
0x00007ffe2b3e0000 - 0x00007ffe2b462000 	C:\Windows\System32\bcryptPrimitives.dll
0x00007ffe23a10000 - 0x00007ffe23a35000 	C:\Program Files\Android\Android Studio\jbr\bin\java.dll
0x00007ffe239f0000 - 0x00007ffe23a08000 	C:\Program Files\Android\Android Studio\jbr\bin\zip.dll
0x00007ffe27da0000 - 0x00007ffe28534000 	C:\Windows\SYSTEM32\windows.storage.dll
0x00007ffe29dd0000 - 0x00007ffe29dfe000 	C:\Windows\SYSTEM32\Wldp.dll
0x00007ffe2aa20000 - 0x00007ffe2aa45000 	C:\Windows\SYSTEM32\profapi.dll
0x00007ffe234b0000 - 0x00007ffe234c9000 	C:\Program Files\Android\Android Studio\jbr\bin\net.dll
0x00007ffe21fd0000 - 0x00007ffe220da000 	C:\Windows\SYSTEM32\WINHTTP.dll
0x00007ffe29c70000 - 0x00007ffe29cda000 	C:\Windows\system32\mswsock.dll
0x00007ffe23490000 - 0x00007ffe234a6000 	C:\Program Files\Android\Android Studio\jbr\bin\nio.dll
0x00007ffe23130000 - 0x00007ffe23140000 	C:\Program Files\Android\Android Studio\jbr\bin\verify.dll
0x00007ffe23520000 - 0x00007ffe23547000 	C:\Users\Karim Benzema\.gradle\wrapper\dists\gradle-8.0-bin\native\68d5fa5c4cc2d200863cafc0d521ce42e7d3e7ee720ec0a83991735586a16f82\windows-amd64\native-platform.dll
0x00007ffdf6020000 - 0x00007ffdf6164000 	C:\Users\Karim Benzema\.gradle\wrapper\dists\gradle-8.0-bin\native\e376f236ea51e6404a007f0833ffe2c6e607c4080706a723a18a27aeea778392\windows-amd64\native-platform-file-events.dll
0x00007ffe23fc0000 - 0x00007ffe23fc9000 	C:\Program Files\Android\Android Studio\jbr\bin\management.dll
0x00007ffe23da0000 - 0x00007ffe23dab000 	C:\Program Files\Android\Android Studio\jbr\bin\management_ext.dll
0x00007ffe2c510000 - 0x00007ffe2c518000 	C:\Windows\System32\PSAPI.DLL
0x00007ffe2a790000 - 0x00007ffe2a7a8000 	C:\Windows\SYSTEM32\CRYPTSP.dll
0x00007ffe294b0000 - 0x00007ffe294e4000 	C:\Windows\system32\rsaenh.dll
0x00007ffe2aaf0000 - 0x00007ffe2ab17000 	C:\Windows\System32\bcrypt.dll
0x00007ffe2a9e0000 - 0x00007ffe2aa0e000 	C:\Windows\SYSTEM32\USERENV.dll
0x00007ffe29d90000 - 0x00007ffe29d9c000 	C:\Windows\SYSTEM32\CRYPTBASE.dll
0x00007ffe29820000 - 0x00007ffe2985c000 	C:\Windows\SYSTEM32\IPHLPAPI.DLL
0x00007ffe2bc70000 - 0x00007ffe2bc78000 	C:\Windows\System32\NSI.dll
0x00007ffe228f0000 - 0x00007ffe22907000 	C:\Windows\SYSTEM32\dhcpcsvc6.DLL
0x00007ffe22ad0000 - 0x00007ffe22aed000 	C:\Windows\SYSTEM32\dhcpcsvc.DLL
0x00007ffe29860000 - 0x00007ffe2992a000 	C:\Windows\SYSTEM32\DNSAPI.dll
0x00007ffe27430000 - 0x00007ffe27437000 	C:\Windows\system32\wshunix.dll

dbghelp: loaded successfully - version: 4.0.5 - missing functions: none
symbol engine: initialized successfully - sym options: 0x614 - pdb path: .;C:\Program Files\Android\Android Studio\jbr\bin;C:\Windows\SYSTEM32;C:\Windows\WinSxS\amd64_microsoft.windows.common-controls_6595b64144ccf1df_6.0.19041.1110_none_60b5254171f9507e;C:\Program Files\Android\Android Studio\jbr\bin\server;C:\Users\Karim Benzema\.gradle\wrapper\dists\gradle-8.0-bin\native\68d5fa5c4cc2d200863cafc0d521ce42e7d3e7ee720ec0a83991735586a16f82\windows-amd64;C:\Users\Karim Benzema\.gradle\wrapper\dists\gradle-8.0-bin\native\e376f236ea51e6404a007f0833ffe2c6e607c4080706a723a18a27aeea778392\windows-amd64

VM Arguments:
jvm_args: --add-opens=java.base/java.util=ALL-UNNAMED --add-opens=java.base/java.lang=ALL-UNNAMED --add-opens=java.base/java.lang.invoke=ALL-UNNAMED --add-opens=java.prefs/java.util.prefs=ALL-UNNAMED --add-opens=java.base/java.nio.charset=ALL-UNNAMED --add-opens=java.base/java.net=ALL-UNNAMED --add-opens=java.base/java.util.concurrent.atomic=ALL-UNNAMED -Xmx2048m -Dfile.encoding=UTF-8 -Duser.country=ID -Duser.language=en -Duser.variant 
java_command: org.gradle.launcher.daemon.bootstrap.GradleDaemon 8.0
java_class_path (initial): C:\Users\Karim Benzema\.gradle\wrapper\dists\gradle-8.0-bin\wrapper\dists\gradle-8.0-bin\ca5e32bp14vu59qr306oxotwh\gradle-8.0\lib\gradle-launcher-8.0.jar
Launcher Type: SUN_STANDARD

[Global flags]
     intx CICompilerCount                          = 4                                         {product} {ergonomic}
     uint ConcGCThreads                            = 2                                         {product} {ergonomic}
     uint G1ConcRefinementThreads                  = 8                                         {product} {ergonomic}
   size_t G1HeapRegionSize                         = 1048576                                   {product} {ergonomic}
    uintx GCDrainStackTargetSize                   = 64                                        {product} {ergonomic}
   size_t InitialHeapSize                          = 167772160                                 {product} {ergonomic}
   size_t MarkStackSize                            = 4194304                                   {product} {ergonomic}
   size_t MaxHeapSize                              = 2147483648                                {product} {command line}
   size_t MaxNewSize                               = 1287651328                                {product} {ergonomic}
   size_t MinHeapDeltaBytes                        = 1048576                                   {product} {ergonomic}
   size_t MinHeapSize                              = 8388608                                   {product} {ergonomic}
    uintx NonNMethodCodeHeapSize                   = 5839372                                {pd product} {ergonomic}
    uintx NonProfiledCodeHeapSize                  = 122909434                              {pd product} {ergonomic}
    uintx ProfiledCodeHeapSize                     = 122909434                              {pd product} {ergonomic}
    uintx ReservedCodeCacheSize                    = 251658240                              {pd product} {ergonomic}
     bool SegmentedCodeCache                       = true                                      {product} {ergonomic}
   size_t SoftMaxHeapSize                          = 2147483648                             {manageable} {ergonomic}
     bool UseCompressedClassPointers               = true                           {product lp64_product} {ergonomic}
     bool UseCompressedOops                        = true                           {product lp64_product} {ergonomic}
     bool UseG1GC                                  = true                                      {product} {ergonomic}
     bool UseLargePagesIndividualAllocation        = false                                  {pd product} {ergonomic}

Logging:
Log output configuration:
 #0: stdout all=warning uptime,level,tags
 #1: stderr all=off uptime,level,tags

Environment Variables:
JAVA_HOME=C:\Program Files\Java\jdk-17
PATH=C:\Program Files\Common Files\Oracle\Java\javapath;C:\Windows\system32;C:\Windows;C:\Windows\System32\Wbem;C:\Windows\System32\WindowsPowerShell\v1.0\;C:\Windows\System32\OpenSSH\;C:\Users\Karim Benzema\AppData\Local\Android\Sdk;C:\Program Files\Java\jdk-17\bin;C:\Program Files\Git\cmd;C:\xampp\php;C:\ProgramData\ComposerSetup\bin;C:\Users\Karim Benzema\AppData\Local\Microsoft\WindowsApps;C:\Users\Karim Benzema\AppData\Roaming\Composer\vendor\bin;C:\Microsoft VS Code\bin
USERNAME=Karim Benzema
OS=Windows_NT
PROCESSOR_IDENTIFIER=AMD64 Family 23 Model 24 Stepping 1, AuthenticAMD
TMP=C:\Users\KARIMB~1\AppData\Local\Temp
TEMP=C:\Users\KARIMB~1\AppData\Local\Temp



---------------  S Y S T E M  ---------------

OS:
 Windows 10 , 64 bit Build 19041 (10.0.19041.3155)
OS uptime: 0 days 12:05 hours

CPU: total 8 (initial active 8) (8 cores per cpu, 2 threads per core) family 23 model 24 stepping 1 microcode 0x0, cx8, cmov, fxsr, ht, mmx, 3dnowpref, sse, sse2, sse3, ssse3, sse4a, sse4.1, sse4.2, popcnt, lzcnt, tsc, tscinvbit, avx, avx2, aes, clmul, bmi1, bmi2, adx, sha, fma, vzeroupper, clflush, clflushopt

Memory: 4k page, system-wide physical 10178M (3882M free)
TotalPageFile size 13378M (AvailPageFile size 6038M)
current process WorkingSet (physical memory assigned to process): 370M, peak: 370M
current process commit charge ("private bytes"): 429M, peak: 431M

vm_info: OpenJDK 64-Bit Server VM (17.0.6+0-b2043.56-9586694) for windows-amd64 JRE (17.0.6+0-b2043.56-9586694), built on Feb  9 2023 20:06:20 by "androidbuild" with MS VC++ 16.10 / 16.11 (VS2019)

END.
