#
# A fatal error has been detected by the Java Runtime Environment:
#
#  EXCEPTION_ACCESS_VIOLATION (0xc0000005) at pc=0x0000018073fbf930, pid=6312, tid=7852
#
# JRE version: OpenJDK Runtime Environment (17.0.6) (build 17.0.6+0-b2043.56-9586694)
# Java VM: OpenJDK 64-Bit Server VM (17.0.6+0-b2043.56-9586694, mixed mode, tiered, compressed oops, compressed class ptrs, g1 gc, windows-amd64)
# Problematic frame:
# C  0x0000018073fbf930
#
# No core dump will be written. Minidumps are not enabled by default on client versions of Windows
#
# If you would like to submit a bug report, please visit:
#   https://bugreport.java.com/bugreport/crash.jsp
#

---------------  S U M M A R Y ------------

Command Line: org.jetbrains.kotlin.cli.jvm.K2JVMCompiler @F:\MyMovie\app\build\20230803_11503001323896398554.compiler.options

Host: AMD Ryzen 5 3500U with Radeon Vega Mobile Gfx  , 8 cores, 9G,  Windows 10 , 64 bit Build 19041 (10.0.19041.3155)
Time: Thu Aug  3 13:19:18 2023 SE Asia Standard Time elapsed time: 11.746183 seconds (0d 0h 0m 11s)

---------------  T H R E A D  ---------------

Current thread (0x0000018071dff110):  JavaThread "C2 CompilerThread1" daemon [_thread_in_native, id=7852, stack(0x00000047d6800000,0x00000047d6900000)]


Current CompileTask:
C2:  11746 9557       4       org.jetbrains.kotlin.types.TypeUtils::contains (301 bytes)

Stack: [0x00000047d6800000,0x00000047d6900000],  sp=0x00000047d68fa908,  free space=1002k
Native frames: (J=compiled Java code, j=interpreted, Vv=VM code, C=native code)
C  0x0000018073fbf930


siginfo: EXCEPTION_ACCESS_VIOLATION (0xc0000005), data execution prevention violation at address 0x0000018073fbf930


Register to memory mapping:

RIP=0x0000018073fbf930 points into unknown readable memory: 0x00007ffdee2e7478 | 78 74 2e ee fd 7f 00 00
RAX=0x00000180745b03f8 points into unknown readable memory: 0x0000018072b6b3c8 | c8 b3 b6 72 80 01 00 00
RBX=0x000000000000072a is an unknown value
RCX=0x00000180745b03a8 points into unknown readable memory: 0x00000180745b03f8 | f8 03 5b 74 80 01 00 00
RDX=0x000001807938b970 points into unknown readable memory: 0x0000000000000e54 | 54 0e 00 00 00 00 00 00
RSP=0x00000047d68fa908 is pointing into the stack for thread: 0x0000018071dff110
RBP=0x00000000000000a8 is an unknown value
RSI=0x00000000000000a7 is an unknown value
RDI=0x0000000000000be6 is an unknown value
R8 =0x00000000000000a7 is an unknown value
R9 =0x0000018072b6b3c8 points into unknown readable memory: 0x00007ffdee265860 | 60 58 26 ee fd 7f 00 00
R10=0x0000000000000001 is an unknown value
R11=0x00000047d68fa8b0 is pointing into the stack for thread: 0x0000018071dff110
R12=0x0000000000000002 is an unknown value
R13=0x00000047d68facf0 is pointing into the stack for thread: 0x0000018071dff110
R14=0x0000018078ab0400 points into unknown readable memory: 0x000001806fd4a060 | 60 a0 d4 6f 80 01 00 00
R15=0x00000180745b03a8 points into unknown readable memory: 0x00000180745b03f8 | f8 03 5b 74 80 01 00 00


Registers:
RAX=0x00000180745b03f8, RBX=0x000000000000072a, RCX=0x00000180745b03a8, RDX=0x000001807938b970
RSP=0x00000047d68fa908, RBP=0x00000000000000a8, RSI=0x00000000000000a7, RDI=0x0000000000000be6
R8 =0x00000000000000a7, R9 =0x0000018072b6b3c8, R10=0x0000000000000001, R11=0x00000047d68fa8b0
R12=0x0000000000000002, R13=0x00000047d68facf0, R14=0x0000018078ab0400, R15=0x00000180745b03a8
RIP=0x0000018073fbf930, EFLAGS=0x0000000000010202

Top of Stack: (sp=0x00000047d68fa908)
0x00000047d68fa908:   00007ffdedecbba1 0000000000000724
0x00000047d68fa918:   00000180794353c8 0000018000000724
0x00000047d68fa928:   000001807938aab0 0000000000000000
0x00000047d68fa938:   0000000000000002 0000000000068248
0x00000047d68fa948:   0000018070fbd970 00000000000017cc
0x00000047d68fa958:   000001806ff1b5d0 00000047d68faa70
0x00000047d68fa968:   00007ffdedec9f17 00000047d68facf0
0x00000047d68fa978:   000001800000072a 0000018072b6b3c8
0x00000047d68fa988:   00000047d68facf0 0000000000010010
0x00000047d68fa998:   0000000000010020 0000000000000000
0x00000047d68fa9a8:   00000047d68fa9b4 0000000372109630
0x00000047d68fa9b8:   0000018071d57ee0 0000000000000002
0x00000047d68fa9c8:   0000018073ef05d0 0000018000000002
0x00000047d68fa9d8:   0000018070e5cb20 000001807412df28
0x00000047d68fa9e8:   0000018071d57ee0 0000018071d57ee0
0x00000047d68fa9f8:   0000000000000000 0000000000000000 

Instructions: (pc=0x0000018073fbf930)
0x0000018073fbf830:   98 f9 fb 73 80 01 00 00 04 00 00 00 04 00 00 00
0x0000018073fbf840:   01 00 00 00 04 00 00 00 e1 12 00 00 00 02 00 00
0x0000018073fbf850:   00 00 00 00 fd 7f 00 00 00 00 00 00 00 00 00 00
0x0000018073fbf860:   30 dd fb 73 80 01 00 00 b8 f8 fb 73 80 01 00 00
0x0000018073fbf870:   08 57 cb 78 80 01 00 00 20 f8 fb 73 80 01 00 00
0x0000018073fbf880:   c8 11 4d ee fd 7f 00 00 c8 11 4d ee fd 7f 00 00
0x0000018073fbf890:   c8 11 4d ee fd 7f 00 00 b8 f8 fb 73 80 01 00 00
0x0000018073fbf8a0:   b8 f8 fb 73 80 01 00 00 c8 11 4d ee fd 7f 00 00
0x0000018073fbf8b0:   c8 11 4d ee fd 7f 00 00 70 04 26 ee fd 7f 00 00
0x0000018073fbf8c0:   f0 f8 fb 73 80 01 00 00 10 f9 fb 73 80 01 00 00
0x0000018073fbf8d0:   04 00 00 00 04 00 00 00 01 00 00 00 04 00 00 00
0x0000018073fbf8e0:   ac 14 00 00 00 02 00 00 00 00 00 00 fd 7f 00 00
0x0000018073fbf8f0:   00 00 00 00 00 00 00 00 30 dd fb 73 80 01 00 00
0x0000018073fbf900:   30 dd fb 73 80 01 00 00 b0 f7 fb 73 80 01 00 00
0x0000018073fbf910:   20 f8 fb 73 80 01 00 00 c8 11 4d ee fd 7f 00 00
0x0000018073fbf920:   c8 11 4d ee fd 7f 00 00 c8 11 4d ee fd 7f 00 00
0x0000018073fbf930:   78 74 2e ee fd 7f 00 00 80 f9 fb 73 80 01 00 00
0x0000018073fbf940:   08 fa fb 73 80 01 00 00 03 00 00 00 03 00 00 00
0x0000018073fbf950:   01 00 00 00 04 00 00 00 0c 10 00 00 30 00 00 00
0x0000018073fbf960:   00 00 00 00 fd 7f 00 00 00 00 00 00 fd 7f 00 00
0x0000018073fbf970:   02 00 00 00 00 00 00 00 e8 ee d8 6f 80 01 00 00
0x0000018073fbf980:   90 ee fb 73 80 01 00 00 78 5d 43 79 80 01 00 00
0x0000018073fbf990:   20 f8 fb 73 80 01 00 00 30 f9 fb 73 80 01 00 00
0x0000018073fbf9a0:   c8 11 4d ee fd 7f 00 00 c8 11 4d ee fd 7f 00 00
0x0000018073fbf9b0:   c8 11 4d ee fd 7f 00 00 f8 97 26 ee fd 7f 00 00
0x0000018073fbf9c0:   f8 f9 fb 73 80 01 00 00 28 fa fb 73 80 01 00 00
0x0000018073fbf9d0:   02 00 00 00 02 00 00 00 00 00 00 00 04 00 00 00
0x0000018073fbf9e0:   8b 14 00 00 04 03 00 00 00 00 00 00 fd 7f 00 00
0x0000018073fbf9f0:   08 eb d8 6f 80 01 00 00 00 00 00 00 00 00 00 00
0x0000018073fbfa00:   00 00 00 00 00 00 00 00 a0 03 5b 74 80 01 00 00
0x0000018073fbfa10:   a0 03 5b 74 80 01 00 00 c8 11 4d ee fd 7f 00 00
0x0000018073fbfa20:   c8 11 4d ee fd 7f 00 00 70 b7 b6 72 80 01 00 00 


Stack slot to memory mapping:
stack at sp + 0 slots: 0x00007ffdedecbba1 jvm.dll
stack at sp + 1 slots: 0x0000000000000724 is an unknown value
stack at sp + 2 slots: 0x00000180794353c8 points into unknown readable memory: 0x00007ffdee265e08 | 08 5e 26 ee fd 7f 00 00
stack at sp + 3 slots: 0x0000018000000724 is an unknown value
stack at sp + 4 slots: 0x000001807938aab0 points into unknown readable memory: 0x0000000000000000 | 00 00 00 00 00 00 00 00
stack at sp + 5 slots: 0x0 is NULL
stack at sp + 6 slots: 0x0000000000000002 is an unknown value
stack at sp + 7 slots: 0x0000000000068248 is an unknown value


---------------  P R O C E S S  ---------------

Threads class SMR info:
_java_thread_list=0x000001806fc76350, length=14, elements={
0x0000018051bac970, 0x000001806f26e360, 0x000001806f26f580, 0x000001806fd19420,
0x000001806fd1bf70, 0x000001806fd1f940, 0x000001806fd24310, 0x000001806fd39550,
0x000001806fd3e050, 0x000001806fd42e10, 0x000001806fd419d0, 0x000001806fd41ee0,
0x0000018071dff110, 0x0000018071dfbbf0
}

Java Threads: ( => current thread )
  0x0000018051bac970 JavaThread "main" [_thread_in_Java, id=2440, stack(0x00000047d5100000,0x00000047d5200000)]
  0x000001806f26e360 JavaThread "Reference Handler" daemon [_thread_blocked, id=5824, stack(0x00000047d5800000,0x00000047d5900000)]
  0x000001806f26f580 JavaThread "Finalizer" daemon [_thread_blocked, id=4156, stack(0x00000047d5900000,0x00000047d5a00000)]
  0x000001806fd19420 JavaThread "Signal Dispatcher" daemon [_thread_blocked, id=9772, stack(0x00000047d5a00000,0x00000047d5b00000)]
  0x000001806fd1bf70 JavaThread "Attach Listener" daemon [_thread_blocked, id=1036, stack(0x00000047d5b00000,0x00000047d5c00000)]
  0x000001806fd1f940 JavaThread "Service Thread" daemon [_thread_blocked, id=5144, stack(0x00000047d5c00000,0x00000047d5d00000)]
  0x000001806fd24310 JavaThread "Monitor Deflation Thread" daemon [_thread_blocked, id=10380, stack(0x00000047d5d00000,0x00000047d5e00000)]
  0x000001806fd39550 JavaThread "C2 CompilerThread0" daemon [_thread_in_native, id=10956, stack(0x00000047d5e00000,0x00000047d5f00000)]
  0x000001806fd3e050 JavaThread "C1 CompilerThread0" daemon [_thread_in_native, id=1240, stack(0x00000047d5f00000,0x00000047d6000000)]
  0x000001806fd42e10 JavaThread "Sweeper thread" daemon [_thread_blocked, id=10244, stack(0x00000047d6000000,0x00000047d6100000)]
  0x000001806fd419d0 JavaThread "Notification Thread" daemon [_thread_blocked, id=9412, stack(0x00000047d6100000,0x00000047d6200000)]
  0x000001806fd41ee0 JavaThread "Common-Cleaner" daemon [_thread_blocked, id=956, stack(0x00000047d6300000,0x00000047d6400000)]
=>0x0000018071dff110 JavaThread "C2 CompilerThread1" daemon [_thread_in_native, id=7852, stack(0x00000047d6800000,0x00000047d6900000)]
  0x0000018071dfbbf0 JavaThread "C2 CompilerThread2" daemon [_thread_in_native, id=10048, stack(0x00000047d6d00000,0x00000047d6e00000)]

Other Threads:
  0x000001806f1812a0 VMThread "VM Thread" [stack: 0x00000047d5700000,0x00000047d5800000] [id=10520]
  0x000001806fe51e10 WatcherThread [stack: 0x00000047d6200000,0x00000047d6300000] [id=10332]
  0x0000018051bf6b00 GCTaskThread "GC Thread#0" [stack: 0x00000047d5200000,0x00000047d5300000] [id=2268]
  0x000001807021b080 GCTaskThread "GC Thread#1" [stack: 0x00000047d6400000,0x00000047d6500000] [id=10456]
  0x00000180701c1400 GCTaskThread "GC Thread#2" [stack: 0x00000047d6500000,0x00000047d6600000] [id=6920]
  0x000001806ffd4c80 GCTaskThread "GC Thread#3" [stack: 0x00000047d6600000,0x00000047d6700000] [id=5532]
  0x000001807015e1d0 GCTaskThread "GC Thread#4" [stack: 0x00000047d6700000,0x00000047d6800000] [id=8524]
  0x0000018071264f30 GCTaskThread "GC Thread#5" [stack: 0x00000047d6900000,0x00000047d6a00000] [id=7456]
  0x0000018071265510 GCTaskThread "GC Thread#6" [stack: 0x00000047d6a00000,0x00000047d6b00000] [id=5356]
  0x0000018071263aa0 GCTaskThread "GC Thread#7" [stack: 0x00000047d6b00000,0x00000047d6c00000] [id=5664]
  0x0000018051bfe8c0 ConcurrentGCThread "G1 Main Marker" [stack: 0x00000047d5300000,0x00000047d5400000] [id=10736]
  0x000001806c42ab70 ConcurrentGCThread "G1 Conc#0" [stack: 0x00000047d5400000,0x00000047d5500000] [id=3468]
  0x0000018071263d90 ConcurrentGCThread "G1 Conc#1" [stack: 0x00000047d6c00000,0x00000047d6d00000] [id=8060]
  0x000001806c4fd2c0 ConcurrentGCThread "G1 Refine#0" [stack: 0x00000047d5500000,0x00000047d5600000] [id=9388]
  0x0000018070b247c0 ConcurrentGCThread "G1 Refine#1" [stack: 0x00000047d6e00000,0x00000047d6f00000] [id=5884]
  0x000001806c4fdba0 ConcurrentGCThread "G1 Service" [stack: 0x00000047d5600000,0x00000047d5700000] [id=1656]

Threads with active compile tasks:
C2 CompilerThread0    11837 8938       4       org.jetbrains.org.objectweb.asm.ClassReader::readCode (5089 bytes)
C1 CompilerThread0    11837 9646       3       org.jetbrains.kotlin.com.intellij.lang.java.JavaParserDefinition::createElement (84 bytes)
C2 CompilerThread1    11837 9557       4       org.jetbrains.kotlin.types.TypeUtils::contains (301 bytes)
C2 CompilerThread2    11837 9579       4       org.jetbrains.org.objectweb.asm.ClassReader::readElementValue (1237 bytes)

VM state: not at safepoint (normal execution)

VM Mutex/Monitor currently owned by a thread: None

Heap address: 0x0000000760e00000, size: 2546 MB, Compressed Oops mode: Zero based, Oop shift amount: 3

CDS archive(s) not mapped
Compressed class space mapped at: 0x0000000800000000-0x0000000840000000, reserved size: 1073741824
Narrow klass base: 0x0000000800000000, Narrow klass shift: 0, Narrow klass range: 0x40000000

GC Precious Log:
 CPUs: 8 total, 8 available
 Memory: 10178M
 Large Page Support: Disabled
 NUMA Support: Disabled
 Compressed Oops: Enabled (Zero based)
 Heap Region Size: 2M
 Heap Min Capacity: 8M
 Heap Initial Capacity: 160M
 Heap Max Capacity: 2546M
 Pre-touch: Disabled
 Parallel Workers: 8
 Concurrent Workers: 2
 Concurrent Refinement Workers: 8
 Periodic GC: Disabled

Heap:
 garbage-first heap   total 278528K, used 69281K [0x0000000760e00000, 0x0000000800000000)
  region size 2048K, 7 young (14336K), 2 survivors (4096K)
 Metaspace       used 67246K, committed 67584K, reserved 1114112K
  class space    used 7894K, committed 8064K, reserved 1048576K

Heap Regions: E=young(eden), S=young(survivor), O=old, HS=humongous(starts), HC=humongous(continues), CS=collection set, F=free, OA=open archive, CA=closed archive, TAMS=top-at-mark-start (previous, next)
|   0|0x0000000760e00000, 0x0000000761000000, 0x0000000761000000|100%|HS|  |TAMS 0x0000000761000000, 0x0000000760e00000| Complete 
|   1|0x0000000761000000, 0x0000000761200000, 0x0000000761200000|100%|HC|  |TAMS 0x0000000761200000, 0x0000000761000000| Complete 
|   2|0x0000000761200000, 0x0000000761400000, 0x0000000761400000|100%| O|  |TAMS 0x0000000761400000, 0x0000000761200000| Untracked 
|   3|0x0000000761400000, 0x0000000761600000, 0x0000000761600000|100%|HS|  |TAMS 0x0000000761600000, 0x0000000761400000| Complete 
|   4|0x0000000761600000, 0x0000000761800000, 0x0000000761800000|100%|HC|  |TAMS 0x0000000761800000, 0x0000000761600000| Complete 
|   5|0x0000000761800000, 0x0000000761a00000, 0x0000000761a00000|100%| O|  |TAMS 0x0000000761a00000, 0x0000000761800000| Untracked 
|   6|0x0000000761a00000, 0x0000000761c00000, 0x0000000761c00000|100%| O|  |TAMS 0x0000000761c00000, 0x0000000761a00000| Untracked 
|   7|0x0000000761c00000, 0x0000000761e00000, 0x0000000761e00000|100%| O|  |TAMS 0x0000000761e00000, 0x0000000761c00000| Untracked 
|   8|0x0000000761e00000, 0x0000000762000000, 0x0000000762000000|100%| O|  |TAMS 0x0000000762000000, 0x0000000761e00000| Untracked 
|   9|0x0000000762000000, 0x0000000762200000, 0x0000000762200000|100%| O|  |TAMS 0x0000000762200000, 0x0000000762000000| Untracked 
|  10|0x0000000762200000, 0x0000000762400000, 0x0000000762400000|100%| O|  |TAMS 0x0000000762400000, 0x0000000762200000| Untracked 
|  11|0x0000000762400000, 0x0000000762600000, 0x0000000762600000|100%| O|  |TAMS 0x0000000762600000, 0x0000000762400000| Untracked 
|  12|0x0000000762600000, 0x0000000762800000, 0x0000000762800000|100%| O|  |TAMS 0x0000000762800000, 0x0000000762600000| Untracked 
|  13|0x0000000762800000, 0x0000000762a00000, 0x0000000762a00000|100%| O|  |TAMS 0x0000000762a00000, 0x0000000762800000| Untracked 
|  14|0x0000000762a00000, 0x0000000762c00000, 0x0000000762c00000|100%|HS|  |TAMS 0x0000000762c00000, 0x0000000762a00000| Complete 
|  15|0x0000000762c00000, 0x0000000762e00000, 0x0000000762e00000|100%| O|  |TAMS 0x0000000762e00000, 0x0000000762c00000| Untracked 
|  16|0x0000000762e00000, 0x0000000763000000, 0x0000000763000000|100%| O|  |TAMS 0x0000000763000000, 0x0000000762e00000| Untracked 
|  17|0x0000000763000000, 0x0000000763200000, 0x0000000763200000|100%| O|  |TAMS 0x0000000763200000, 0x0000000763000000| Untracked 
|  18|0x0000000763200000, 0x0000000763400000, 0x0000000763400000|100%| O|  |TAMS 0x0000000763400000, 0x0000000763200000| Untracked 
|  19|0x0000000763400000, 0x0000000763600000, 0x0000000763600000|100%| O|  |TAMS 0x0000000763400000, 0x0000000763400000| Untracked 
|  20|0x0000000763600000, 0x0000000763800000, 0x0000000763800000|100%| O|  |TAMS 0x0000000763800000, 0x0000000763600000| Untracked 
|  21|0x0000000763800000, 0x0000000763a00000, 0x0000000763a00000|100%| O|  |TAMS 0x0000000763a00000, 0x0000000763800000| Untracked 
|  22|0x0000000763a00000, 0x0000000763c00000, 0x0000000763c00000|100%| O|  |TAMS 0x0000000763c00000, 0x0000000763a00000| Untracked 
|  23|0x0000000763c00000, 0x0000000763e00000, 0x0000000763e00000|100%| O|  |TAMS 0x0000000763e00000, 0x0000000763c00000| Untracked 
|  24|0x0000000763e00000, 0x0000000764000000, 0x0000000764000000|100%| O|  |TAMS 0x0000000764000000, 0x0000000763e00000| Untracked 
|  25|0x0000000764000000, 0x0000000764200000, 0x0000000764200000|100%| O|  |TAMS 0x00000007641c1c00, 0x0000000764000000| Untracked 
|  26|0x0000000764200000, 0x0000000764400000, 0x0000000764400000|100%| O|  |TAMS 0x0000000764200000, 0x0000000764200000| Untracked 
|  27|0x0000000764400000, 0x00000007645a8400, 0x0000000764600000| 82%| O|  |TAMS 0x0000000764400000, 0x0000000764400000| Untracked 
|  28|0x0000000764600000, 0x0000000764600000, 0x0000000764800000|  0%| F|  |TAMS 0x0000000764600000, 0x0000000764600000| Untracked 
|  29|0x0000000764800000, 0x0000000764800000, 0x0000000764a00000|  0%| F|  |TAMS 0x0000000764800000, 0x0000000764800000| Untracked 
|  30|0x0000000764a00000, 0x0000000764a00000, 0x0000000764c00000|  0%| F|  |TAMS 0x0000000764a00000, 0x0000000764a00000| Untracked 
|  31|0x0000000764c00000, 0x0000000764c00000, 0x0000000764e00000|  0%| F|  |TAMS 0x0000000764c00000, 0x0000000764c00000| Untracked 
|  32|0x0000000764e00000, 0x0000000764e00000, 0x0000000765000000|  0%| F|  |TAMS 0x0000000764e00000, 0x0000000764e00000| Untracked 
|  33|0x0000000765000000, 0x0000000765000000, 0x0000000765200000|  0%| F|  |TAMS 0x0000000765000000, 0x0000000765000000| Untracked 
|  34|0x0000000765200000, 0x0000000765400000, 0x0000000765400000|100%| S|CS|TAMS 0x0000000765200000, 0x0000000765200000| Complete 
|  35|0x0000000765400000, 0x0000000765400000, 0x0000000765600000|  0%| F|  |TAMS 0x0000000765400000, 0x0000000765400000| Untracked 
|  36|0x0000000765600000, 0x0000000765800000, 0x0000000765800000|100%| S|CS|TAMS 0x0000000765600000, 0x0000000765600000| Complete 
|  37|0x0000000765800000, 0x0000000765800000, 0x0000000765a00000|  0%| F|  |TAMS 0x0000000765800000, 0x0000000765800000| Untracked 
|  38|0x0000000765a00000, 0x0000000765a00000, 0x0000000765c00000|  0%| F|  |TAMS 0x0000000765a00000, 0x0000000765a00000| Untracked 
|  39|0x0000000765c00000, 0x0000000765c00000, 0x0000000765e00000|  0%| F|  |TAMS 0x0000000765c00000, 0x0000000765c00000| Untracked 
|  40|0x0000000765e00000, 0x0000000765e00000, 0x0000000766000000|  0%| F|  |TAMS 0x0000000765e00000, 0x0000000765e00000| Untracked 
|  41|0x0000000766000000, 0x0000000766000000, 0x0000000766200000|  0%| F|  |TAMS 0x0000000766000000, 0x0000000766000000| Untracked 
|  42|0x0000000766200000, 0x0000000766200000, 0x0000000766400000|  0%| F|  |TAMS 0x0000000766200000, 0x0000000766200000| Untracked 
|  43|0x0000000766400000, 0x0000000766400000, 0x0000000766600000|  0%| F|  |TAMS 0x0000000766400000, 0x0000000766400000| Untracked 
|  44|0x0000000766600000, 0x0000000766600000, 0x0000000766800000|  0%| F|  |TAMS 0x0000000766600000, 0x0000000766600000| Untracked 
|  45|0x0000000766800000, 0x0000000766800000, 0x0000000766a00000|  0%| F|  |TAMS 0x0000000766800000, 0x0000000766800000| Untracked 
|  46|0x0000000766a00000, 0x0000000766a00000, 0x0000000766c00000|  0%| F|  |TAMS 0x0000000766a00000, 0x0000000766a00000| Untracked 
|  47|0x0000000766c00000, 0x0000000766c00000, 0x0000000766e00000|  0%| F|  |TAMS 0x0000000766c00000, 0x0000000766c00000| Untracked 
|  48|0x0000000766e00000, 0x0000000766e00000, 0x0000000767000000|  0%| F|  |TAMS 0x0000000766e00000, 0x0000000766e00000| Untracked 
|  49|0x0000000767000000, 0x0000000767000000, 0x0000000767200000|  0%| F|  |TAMS 0x0000000767000000, 0x0000000767000000| Untracked 
|  50|0x0000000767200000, 0x0000000767200000, 0x0000000767400000|  0%| F|  |TAMS 0x0000000767200000, 0x0000000767200000| Untracked 
|  51|0x0000000767400000, 0x0000000767400000, 0x0000000767600000|  0%| F|  |TAMS 0x0000000767400000, 0x0000000767400000| Untracked 
|  52|0x0000000767600000, 0x0000000767600000, 0x0000000767800000|  0%| F|  |TAMS 0x0000000767600000, 0x0000000767600000| Untracked 
|  53|0x0000000767800000, 0x0000000767800000, 0x0000000767a00000|  0%| F|  |TAMS 0x0000000767800000, 0x0000000767800000| Untracked 
|  54|0x0000000767a00000, 0x0000000767a00000, 0x0000000767c00000|  0%| F|  |TAMS 0x0000000767a00000, 0x0000000767a00000| Untracked 
|  55|0x0000000767c00000, 0x0000000767c00000, 0x0000000767e00000|  0%| F|  |TAMS 0x0000000767c00000, 0x0000000767c00000| Untracked 
|  56|0x0000000767e00000, 0x0000000767e00000, 0x0000000768000000|  0%| F|  |TAMS 0x0000000767e00000, 0x0000000767e00000| Untracked 
|  57|0x0000000768000000, 0x0000000768000000, 0x0000000768200000|  0%| F|  |TAMS 0x0000000768000000, 0x0000000768000000| Untracked 
|  58|0x0000000768200000, 0x0000000768200000, 0x0000000768400000|  0%| F|  |TAMS 0x0000000768200000, 0x0000000768200000| Untracked 
|  59|0x0000000768400000, 0x0000000768400000, 0x0000000768600000|  0%| F|  |TAMS 0x0000000768400000, 0x0000000768400000| Untracked 
|  60|0x0000000768600000, 0x0000000768600000, 0x0000000768800000|  0%| F|  |TAMS 0x0000000768600000, 0x0000000768600000| Untracked 
|  61|0x0000000768800000, 0x0000000768800000, 0x0000000768a00000|  0%| F|  |TAMS 0x0000000768800000, 0x0000000768800000| Untracked 
|  62|0x0000000768a00000, 0x0000000768a00000, 0x0000000768c00000|  0%| F|  |TAMS 0x0000000768a00000, 0x0000000768a00000| Untracked 
|  63|0x0000000768c00000, 0x0000000768c00000, 0x0000000768e00000|  0%| F|  |TAMS 0x0000000768c00000, 0x0000000768c00000| Untracked 
|  64|0x0000000768e00000, 0x0000000768e00000, 0x0000000769000000|  0%| F|  |TAMS 0x0000000768e00000, 0x0000000768e00000| Untracked 
|  65|0x0000000769000000, 0x0000000769000000, 0x0000000769200000|  0%| F|  |TAMS 0x0000000769000000, 0x0000000769000000| Untracked 
|  66|0x0000000769200000, 0x0000000769200000, 0x0000000769400000|  0%| F|  |TAMS 0x0000000769200000, 0x0000000769200000| Untracked 
|  67|0x0000000769400000, 0x0000000769400000, 0x0000000769600000|  0%| F|  |TAMS 0x0000000769400000, 0x0000000769400000| Untracked 
|  68|0x0000000769600000, 0x0000000769600000, 0x0000000769800000|  0%| F|  |TAMS 0x0000000769600000, 0x0000000769600000| Untracked 
|  69|0x0000000769800000, 0x0000000769800000, 0x0000000769a00000|  0%| F|  |TAMS 0x0000000769800000, 0x0000000769800000| Untracked 
|  70|0x0000000769a00000, 0x0000000769a00000, 0x0000000769c00000|  0%| F|  |TAMS 0x0000000769a00000, 0x0000000769a00000| Untracked 
|  71|0x0000000769c00000, 0x0000000769c00000, 0x0000000769e00000|  0%| F|  |TAMS 0x0000000769c00000, 0x0000000769c00000| Untracked 
|  72|0x0000000769e00000, 0x0000000769e00000, 0x000000076a000000|  0%| F|  |TAMS 0x0000000769e00000, 0x0000000769e00000| Untracked 
|  73|0x000000076a000000, 0x000000076a000000, 0x000000076a200000|  0%| F|  |TAMS 0x000000076a000000, 0x000000076a000000| Untracked 
|  74|0x000000076a200000, 0x000000076a200000, 0x000000076a400000|  0%| F|  |TAMS 0x000000076a200000, 0x000000076a200000| Untracked 
|  75|0x000000076a400000, 0x000000076a400000, 0x000000076a600000|  0%| F|  |TAMS 0x000000076a400000, 0x000000076a400000| Untracked 
|  76|0x000000076a600000, 0x000000076a600000, 0x000000076a800000|  0%| F|  |TAMS 0x000000076a600000, 0x000000076a600000| Untracked 
|  77|0x000000076a800000, 0x000000076a800000, 0x000000076aa00000|  0%| F|  |TAMS 0x000000076a800000, 0x000000076a800000| Untracked 
|  78|0x000000076aa00000, 0x000000076aa00000, 0x000000076ac00000|  0%| F|  |TAMS 0x000000076aa00000, 0x000000076aa00000| Untracked 
|  79|0x000000076ac00000, 0x000000076ac00000, 0x000000076ae00000|  0%| F|  |TAMS 0x000000076ac00000, 0x000000076ac00000| Untracked 
|  80|0x000000076ae00000, 0x000000076ae00000, 0x000000076b000000|  0%| F|  |TAMS 0x000000076ae00000, 0x000000076ae00000| Untracked 
|  81|0x000000076b000000, 0x000000076b000000, 0x000000076b200000|  0%| F|  |TAMS 0x000000076b000000, 0x000000076b000000| Untracked 
|  82|0x000000076b200000, 0x000000076b200000, 0x000000076b400000|  0%| F|  |TAMS 0x000000076b200000, 0x000000076b200000| Untracked 
|  83|0x000000076b400000, 0x000000076b400000, 0x000000076b600000|  0%| F|  |TAMS 0x000000076b400000, 0x000000076b400000| Untracked 
|  84|0x000000076b600000, 0x000000076b600000, 0x000000076b800000|  0%| F|  |TAMS 0x000000076b600000, 0x000000076b600000| Untracked 
|  85|0x000000076b800000, 0x000000076b800000, 0x000000076ba00000|  0%| F|  |TAMS 0x000000076b800000, 0x000000076b800000| Untracked 
|  86|0x000000076ba00000, 0x000000076ba00000, 0x000000076bc00000|  0%| F|  |TAMS 0x000000076ba00000, 0x000000076ba00000| Untracked 
|  87|0x000000076bc00000, 0x000000076bc00000, 0x000000076be00000|  0%| F|  |TAMS 0x000000076bc00000, 0x000000076bc00000| Untracked 
|  88|0x000000076be00000, 0x000000076be00000, 0x000000076c000000|  0%| F|  |TAMS 0x000000076be00000, 0x000000076be00000| Untracked 
|  89|0x000000076c000000, 0x000000076c000000, 0x000000076c200000|  0%| F|  |TAMS 0x000000076c000000, 0x000000076c000000| Untracked 
|  90|0x000000076c200000, 0x000000076c200000, 0x000000076c400000|  0%| F|  |TAMS 0x000000076c200000, 0x000000076c200000| Untracked 
|  91|0x000000076c400000, 0x000000076c400000, 0x000000076c600000|  0%| F|  |TAMS 0x000000076c400000, 0x000000076c400000| Untracked 
|  92|0x000000076c600000, 0x000000076c600000, 0x000000076c800000|  0%| F|  |TAMS 0x000000076c600000, 0x000000076c600000| Untracked 
|  93|0x000000076c800000, 0x000000076c800000, 0x000000076ca00000|  0%| F|  |TAMS 0x000000076c800000, 0x000000076c800000| Untracked 
|  94|0x000000076ca00000, 0x000000076ca00000, 0x000000076cc00000|  0%| F|  |TAMS 0x000000076ca00000, 0x000000076ca00000| Untracked 
|  95|0x000000076cc00000, 0x000000076cc00000, 0x000000076ce00000|  0%| F|  |TAMS 0x000000076cc00000, 0x000000076cc00000| Untracked 
|  96|0x000000076ce00000, 0x000000076ce00000, 0x000000076d000000|  0%| F|  |TAMS 0x000000076ce00000, 0x000000076ce00000| Untracked 
|  97|0x000000076d000000, 0x000000076d000000, 0x000000076d200000|  0%| F|  |TAMS 0x000000076d000000, 0x000000076d000000| Untracked 
|  98|0x000000076d200000, 0x000000076d200000, 0x000000076d400000|  0%| F|  |TAMS 0x000000076d200000, 0x000000076d200000| Untracked 
|  99|0x000000076d400000, 0x000000076d400000, 0x000000076d600000|  0%| F|  |TAMS 0x000000076d400000, 0x000000076d400000| Untracked 
| 100|0x000000076d600000, 0x000000076d600000, 0x000000076d800000|  0%| F|  |TAMS 0x000000076d600000, 0x000000076d600000| Untracked 
| 101|0x000000076d800000, 0x000000076d800000, 0x000000076da00000|  0%| F|  |TAMS 0x000000076d800000, 0x000000076d800000| Untracked 
| 102|0x000000076da00000, 0x000000076da00000, 0x000000076dc00000|  0%| F|  |TAMS 0x000000076da00000, 0x000000076da00000| Untracked 
| 103|0x000000076dc00000, 0x000000076dc00000, 0x000000076de00000|  0%| F|  |TAMS 0x000000076dc00000, 0x000000076dc00000| Untracked 
| 104|0x000000076de00000, 0x000000076de00000, 0x000000076e000000|  0%| F|  |TAMS 0x000000076de00000, 0x000000076de00000| Untracked 
| 105|0x000000076e000000, 0x000000076e000000, 0x000000076e200000|  0%| F|  |TAMS 0x000000076e000000, 0x000000076e000000| Untracked 
| 106|0x000000076e200000, 0x000000076e200000, 0x000000076e400000|  0%| F|  |TAMS 0x000000076e200000, 0x000000076e200000| Untracked 
| 107|0x000000076e400000, 0x000000076e400000, 0x000000076e600000|  0%| F|  |TAMS 0x000000076e400000, 0x000000076e400000| Untracked 
| 108|0x000000076e600000, 0x000000076e600000, 0x000000076e800000|  0%| F|  |TAMS 0x000000076e600000, 0x000000076e600000| Untracked 
| 109|0x000000076e800000, 0x000000076e800000, 0x000000076ea00000|  0%| F|  |TAMS 0x000000076e800000, 0x000000076e800000| Untracked 
| 110|0x000000076ea00000, 0x000000076ea00000, 0x000000076ec00000|  0%| F|  |TAMS 0x000000076ea00000, 0x000000076ea00000| Untracked 
| 111|0x000000076ec00000, 0x000000076ec00000, 0x000000076ee00000|  0%| F|  |TAMS 0x000000076ec00000, 0x000000076ec00000| Untracked 
| 112|0x000000076ee00000, 0x000000076ee00000, 0x000000076f000000|  0%| F|  |TAMS 0x000000076ee00000, 0x000000076ee00000| Untracked 
| 113|0x000000076f000000, 0x000000076f000000, 0x000000076f200000|  0%| F|  |TAMS 0x000000076f000000, 0x000000076f000000| Untracked 
| 114|0x000000076f200000, 0x000000076f200000, 0x000000076f400000|  0%| F|  |TAMS 0x000000076f200000, 0x000000076f200000| Untracked 
| 115|0x000000076f400000, 0x000000076f400000, 0x000000076f600000|  0%| F|  |TAMS 0x000000076f400000, 0x000000076f400000| Untracked 
| 116|0x000000076f600000, 0x000000076f600000, 0x000000076f800000|  0%| F|  |TAMS 0x000000076f600000, 0x000000076f600000| Untracked 
| 117|0x000000076f800000, 0x000000076f800000, 0x000000076fa00000|  0%| F|  |TAMS 0x000000076f800000, 0x000000076f800000| Untracked 
| 118|0x000000076fa00000, 0x000000076fa00000, 0x000000076fc00000|  0%| F|  |TAMS 0x000000076fa00000, 0x000000076fa00000| Untracked 
| 119|0x000000076fc00000, 0x000000076fc00000, 0x000000076fe00000|  0%| F|  |TAMS 0x000000076fc00000, 0x000000076fc00000| Untracked 
| 120|0x000000076fe00000, 0x000000076fe00000, 0x0000000770000000|  0%| F|  |TAMS 0x000000076fe00000, 0x000000076fe00000| Untracked 
| 121|0x0000000770000000, 0x0000000770000000, 0x0000000770200000|  0%| F|  |TAMS 0x0000000770000000, 0x0000000770000000| Untracked 
| 122|0x0000000770200000, 0x0000000770200000, 0x0000000770400000|  0%| F|  |TAMS 0x0000000770200000, 0x0000000770200000| Untracked 
| 123|0x0000000770400000, 0x0000000770400000, 0x0000000770600000|  0%| F|  |TAMS 0x0000000770400000, 0x0000000770400000| Untracked 
| 124|0x0000000770600000, 0x0000000770600000, 0x0000000770800000|  0%| F|  |TAMS 0x0000000770600000, 0x0000000770600000| Untracked 
| 125|0x0000000770800000, 0x0000000770800000, 0x0000000770a00000|  0%| F|  |TAMS 0x0000000770800000, 0x0000000770800000| Untracked 
| 126|0x0000000770a00000, 0x0000000770a00000, 0x0000000770c00000|  0%| F|  |TAMS 0x0000000770a00000, 0x0000000770a00000| Untracked 
| 127|0x0000000770c00000, 0x0000000770c00000, 0x0000000770e00000|  0%| F|  |TAMS 0x0000000770c00000, 0x0000000770c00000| Untracked 
| 128|0x0000000770e00000, 0x0000000770e00000, 0x0000000771000000|  0%| F|  |TAMS 0x0000000770e00000, 0x0000000770e00000| Untracked 
| 129|0x0000000771000000, 0x0000000771000000, 0x0000000771200000|  0%| F|  |TAMS 0x0000000771000000, 0x0000000771000000| Untracked 
| 130|0x0000000771200000, 0x0000000771200000, 0x0000000771400000|  0%| F|  |TAMS 0x0000000771200000, 0x0000000771200000| Untracked 
| 131|0x0000000771400000, 0x00000007715008b8, 0x0000000771600000| 50%| E|  |TAMS 0x0000000771400000, 0x0000000771400000| Complete 
| 132|0x0000000771600000, 0x0000000771800000, 0x0000000771800000|100%| E|CS|TAMS 0x0000000771600000, 0x0000000771600000| Complete 
| 133|0x0000000771800000, 0x0000000771a00000, 0x0000000771a00000|100%| E|CS|TAMS 0x0000000771800000, 0x0000000771800000| Complete 
| 134|0x0000000771a00000, 0x0000000771c00000, 0x0000000771c00000|100%| E|CS|TAMS 0x0000000771a00000, 0x0000000771a00000| Complete 
| 135|0x0000000771c00000, 0x0000000771e00000, 0x0000000771e00000|100%| E|CS|TAMS 0x0000000771c00000, 0x0000000771c00000| Complete 

Card table byte_map: [0x0000018066a10000,0x0000018066f10000] _byte_map_base: 0x0000018062f09000

Marking Bits (Prev, Next): (CMBitMap*) 0x0000018051bf6fd0, (CMBitMap*) 0x0000018051bf6f90
 Prev Bits: [0x0000018069be0000, 0x000001806c3a8000)
 Next Bits: [0x0000018067410000, 0x0000018069bd8000)

Polling page: 0x0000018056a80000

Metaspace:

Usage:
  Non-class:     57.96 MB used.
      Class:      7.71 MB used.
       Both:     65.67 MB used.

Virtual space:
  Non-class space:       64.00 MB reserved,      58.12 MB ( 91%) committed,  8 nodes.
      Class space:        1.00 GB reserved,       7.88 MB ( <1%) committed,  1 nodes.
             Both:        1.06 GB reserved,      66.00 MB (  6%) committed. 

Chunk freelists:
   Non-Class:  1.44 MB
       Class:  126.00 KB
        Both:  1.56 MB

MaxMetaspaceSize: unlimited
CompressedClassSpaceSize: 1.00 GB
Initial GC threshold: 21.00 MB
Current GC threshold: 104.50 MB
CDS: off
MetaspaceReclaimPolicy: balanced
 - commit_granule_bytes: 65536.
 - commit_granule_words: 8192.
 - virtual_space_node_default_size: 1048576.
 - enlarge_chunks_in_place: 1.
 - new_chunks_are_fully_committed: 0.
 - uncommit_free_chunks: 1.
 - use_allocation_guard: 0.
 - handle_deallocations: 1.


Internal statistics:

num_allocs_failed_limit: 6.
num_arena_births: 338.
num_arena_deaths: 0.
num_vsnodes_births: 9.
num_vsnodes_deaths: 0.
num_space_committed: 1054.
num_space_uncommitted: 0.
num_chunks_returned_to_freelist: 6.
num_chunks_taken_from_freelist: 2461.
num_chunk_merges: 6.
num_chunk_splits: 1942.
num_chunks_enlarged: 1678.
num_purges: 0.
num_inconsistent_stats: 0.

CodeHeap 'non-profiled nmethods': size=120000Kb used=4818Kb max_used=4818Kb free=115182Kb
 bounds [0x000001805e570000, 0x000001805ea30000, 0x0000018065aa0000]
CodeHeap 'profiled nmethods': size=120000Kb used=24165Kb max_used=24165Kb free=95834Kb
 bounds [0x0000018056aa0000, 0x0000018058240000, 0x000001805dfd0000]
CodeHeap 'non-nmethods': size=5760Kb used=1321Kb max_used=1391Kb free=4438Kb
 bounds [0x000001805dfd0000, 0x000001805e240000, 0x000001805e570000]
 total_blobs=9333 nmethods=8699 adapters=543
 compilation: enabled
              stopped_count=0, restarted_count=0
 full_count=0

Compilation events (20 events):
Event: 11.716 Thread 0x000001806fd3e050 nmethod 9568 0x0000018056d9a410 code [0x0000018056d9a5c0, 0x0000018056d9a818]
Event: 11.716 Thread 0x000001806fd3e050 9569       3       org.jetbrains.kotlin.storage.LockBasedStorageManager$5::doPostCompute (20 bytes)
Event: 11.716 Thread 0x000001806fd3e050 nmethod 9569 0x000001805724bf10 code [0x000001805724c0c0, 0x000001805724c318]
Event: 11.716 Thread 0x000001806fd3e050 9570       3       org.jetbrains.kotlin.types.AbstractTypeConstructor$supertypes$3::invoke (12 bytes)
Event: 11.716 Thread 0x000001806fd3e050 nmethod 9570 0x0000018056cd8a90 code [0x0000018056cd8c40, 0x0000018056cd8e88]
Event: 11.716 Thread 0x000001806fd3e050 9571       3       org.jetbrains.kotlin.types.AbstractTypeConstructor$supertypes$3::invoke (205 bytes)
Event: 11.718 Thread 0x000001806fd3e050 nmethod 9571 0x00000180581deb90 code [0x00000180581defe0, 0x00000180581e1318]
Event: 11.718 Thread 0x000001806fd3e050 9576       3       org.jetbrains.kotlin.load.java.lazy.descriptors.LazyJavaScope::resolveMethodToFunctionDescriptor (484 bytes)
Event: 11.727 Thread 0x000001806fd3e050 nmethod 9576 0x00000180581e1d10 code [0x00000180581e26e0, 0x00000180581e8788]
Event: 11.727 Thread 0x000001806fd3e050 9578       3       org.jetbrains.kotlin.load.java.lazy.descriptors.LazyJavaScope::computeMethodReturnType (55 bytes)
Event: 11.728 Thread 0x000001806fd3e050 nmethod 9578 0x00000180581ea810 code [0x00000180581eab00, 0x00000180581eb928]
Event: 11.728 Thread 0x000001806fd3e050 9577       3       org.jetbrains.kotlin.load.java.lazy.ContextKt::childForMethod$default (17 bytes)
Event: 11.728 Thread 0x000001806fd3e050 nmethod 9577 0x00000180572c3b10 code [0x00000180572c3ca0, 0x00000180572c3de8]
Event: 11.728 Thread 0x000001806fd3e050 9574       3       org.jetbrains.kotlin.types.AbstractTypeConstructor$Supertypes::setSupertypesWithoutCycles (12 bytes)
Event: 11.729 Thread 0x000001806fd3e050 nmethod 9574 0x00000180581ebe90 code [0x00000180581ec0a0, 0x00000180581ec6b8]
Event: 11.729 Thread 0x000001806fd3e050 9580       1       org.jetbrains.kotlin.load.java.typeEnhancement.NotNullTypeParameterImpl::isMarkedNullable (2 bytes)
Event: 11.729 Thread 0x000001806fd3e050 nmethod 9580 0x000001805ea1f090 code [0x000001805ea1f220, 0x000001805ea1f2f8]
Event: 11.729 Thread 0x000001806fd3e050 9572       3       org.jetbrains.kotlin.types.AbstractTypeConstructor$supertypes$3$resultWithoutCycles$1::<init> (11 bytes)
Event: 11.730 Thread 0x000001806fd3e050 nmethod 9572 0x0000018056f68090 code [0x0000018056f68240, 0x0000018056f68478]
Event: 11.732 Thread 0x000001806fd3e050 9581       3       org.jetbrains.kotlin.resolve.jvm.kotlinSignature.SignaturesPropagationData::getSuperFunctionsForMethod (234 bytes)

GC Heap History (20 events):
Event: 6.398 GC heap before
{Heap before GC invocations=15 (full 0):
 garbage-first heap   total 79872K, used 58922K [0x0000000760e00000, 0x0000000800000000)
  region size 2048K, 12 young (24576K), 1 survivors (2048K)
 Metaspace       used 56018K, committed 56320K, reserved 1105920K
  class space    used 6704K, committed 6848K, reserved 1048576K
}
Event: 6.411 GC heap after
{Heap after GC invocations=16 (full 0):
 garbage-first heap   total 79872K, used 39291K [0x0000000760e00000, 0x0000000800000000)
  region size 2048K, 2 young (4096K), 2 survivors (4096K)
 Metaspace       used 56018K, committed 56320K, reserved 1105920K
  class space    used 6704K, committed 6848K, reserved 1048576K
}
Event: 6.988 GC heap before
{Heap before GC invocations=16 (full 0):
 garbage-first heap   total 79872K, used 57723K [0x0000000760e00000, 0x0000000800000000)
  region size 2048K, 12 young (24576K), 2 survivors (4096K)
 Metaspace       used 58379K, committed 58688K, reserved 1105920K
  class space    used 7018K, committed 7168K, reserved 1048576K
}
Event: 7.001 GC heap after
{Heap after GC invocations=17 (full 0):
 garbage-first heap   total 79872K, used 41796K [0x0000000760e00000, 0x0000000800000000)
  region size 2048K, 2 young (4096K), 2 survivors (4096K)
 Metaspace       used 58379K, committed 58688K, reserved 1105920K
  class space    used 7018K, committed 7168K, reserved 1048576K
}
Event: 7.657 GC heap before
{Heap before GC invocations=18 (full 0):
 garbage-first heap   total 79872K, used 60228K [0x0000000760e00000, 0x0000000800000000)
  region size 2048K, 11 young (22528K), 2 survivors (4096K)
 Metaspace       used 59348K, committed 59648K, reserved 1105920K
  class space    used 7082K, committed 7232K, reserved 1048576K
}
Event: 7.670 GC heap after
{Heap after GC invocations=19 (full 0):
 garbage-first heap   total 79872K, used 44776K [0x0000000760e00000, 0x0000000800000000)
  region size 2048K, 2 young (4096K), 2 survivors (4096K)
 Metaspace       used 59348K, committed 59648K, reserved 1105920K
  class space    used 7082K, committed 7232K, reserved 1048576K
}
Event: 7.719 GC heap before
{Heap before GC invocations=19 (full 0):
 garbage-first heap   total 79872K, used 46824K [0x0000000760e00000, 0x0000000800000000)
  region size 2048K, 3 young (6144K), 2 survivors (4096K)
 Metaspace       used 59396K, committed 59712K, reserved 1105920K
  class space    used 7082K, committed 7232K, reserved 1048576K
}
Event: 7.737 GC heap after
{Heap after GC invocations=20 (full 0):
 garbage-first heap   total 96256K, used 45573K [0x0000000760e00000, 0x0000000800000000)
  region size 2048K, 1 young (2048K), 1 survivors (2048K)
 Metaspace       used 59396K, committed 59712K, reserved 1105920K
  class space    used 7082K, committed 7232K, reserved 1048576K
}
Event: 8.281 GC heap before
{Heap before GC invocations=20 (full 0):
 garbage-first heap   total 96256K, used 72197K [0x0000000760e00000, 0x0000000800000000)
  region size 2048K, 14 young (28672K), 1 survivors (2048K)
 Metaspace       used 59751K, committed 60032K, reserved 1105920K
  class space    used 7098K, committed 7232K, reserved 1048576K
}
Event: 8.296 GC heap after
{Heap after GC invocations=21 (full 0):
 garbage-first heap   total 96256K, used 50528K [0x0000000760e00000, 0x0000000800000000)
  region size 2048K, 2 young (4096K), 2 survivors (4096K)
 Metaspace       used 59751K, committed 60032K, reserved 1105920K
  class space    used 7098K, committed 7232K, reserved 1048576K
}
Event: 8.589 GC heap before
{Heap before GC invocations=22 (full 0):
 garbage-first heap   total 96256K, used 73056K [0x0000000760e00000, 0x0000000800000000)
  region size 2048K, 13 young (26624K), 2 survivors (4096K)
 Metaspace       used 60353K, committed 60608K, reserved 1105920K
  class space    used 7174K, committed 7296K, reserved 1048576K
}
Event: 8.604 GC heap after
{Heap after GC invocations=23 (full 0):
 garbage-first heap   total 96256K, used 52214K [0x0000000760e00000, 0x0000000800000000)
  region size 2048K, 1 young (2048K), 1 survivors (2048K)
 Metaspace       used 60353K, committed 60608K, reserved 1105920K
  class space    used 7174K, committed 7296K, reserved 1048576K
}
Event: 8.615 GC heap before
{Heap before GC invocations=23 (full 0):
 garbage-first heap   total 96256K, used 54262K [0x0000000760e00000, 0x0000000800000000)
  region size 2048K, 2 young (4096K), 1 survivors (2048K)
 Metaspace       used 60353K, committed 60608K, reserved 1105920K
  class space    used 7174K, committed 7296K, reserved 1048576K
}
Event: 8.639 GC heap after
{Heap after GC invocations=24 (full 0):
 garbage-first heap   total 96256K, used 52038K [0x0000000760e00000, 0x0000000800000000)
  region size 2048K, 1 young (2048K), 1 survivors (2048K)
 Metaspace       used 60353K, committed 60608K, reserved 1105920K
  class space    used 7174K, committed 7296K, reserved 1048576K
}
Event: 9.485 GC heap before
{Heap before GC invocations=24 (full 0):
 garbage-first heap   total 96256K, used 74566K [0x0000000760e00000, 0x0000000800000000)
  region size 2048K, 12 young (24576K), 1 survivors (2048K)
 Metaspace       used 63839K, committed 64128K, reserved 1105920K
  class space    used 7654K, committed 7808K, reserved 1048576K
}
Event: 9.495 GC heap after
{Heap after GC invocations=25 (full 0):
 garbage-first heap   total 96256K, used 53657K [0x0000000760e00000, 0x0000000800000000)
  region size 2048K, 2 young (4096K), 2 survivors (4096K)
 Metaspace       used 63839K, committed 64128K, reserved 1105920K
  class space    used 7654K, committed 7808K, reserved 1048576K
}
Event: 10.480 GC heap before
{Heap before GC invocations=26 (full 0):
 garbage-first heap   total 96256K, used 76185K [0x0000000760e00000, 0x0000000800000000)
  region size 2048K, 13 young (26624K), 2 survivors (4096K)
 Metaspace       used 65580K, committed 65920K, reserved 1114112K
  class space    used 7814K, committed 7936K, reserved 1048576K
}
Event: 10.494 GC heap after
{Heap after GC invocations=27 (full 0):
 garbage-first heap   total 96256K, used 56779K [0x0000000760e00000, 0x0000000800000000)
  region size 2048K, 2 young (4096K), 2 survivors (4096K)
 Metaspace       used 65580K, committed 65920K, reserved 1114112K
  class space    used 7814K, committed 7936K, reserved 1048576K
}
Event: 11.449 GC heap before
{Heap before GC invocations=27 (full 0):
 garbage-first heap   total 96256K, used 75211K [0x0000000760e00000, 0x0000000800000000)
  region size 2048K, 12 young (24576K), 2 survivors (4096K)
 Metaspace       used 66930K, committed 67264K, reserved 1114112K
  class space    used 7890K, committed 8064K, reserved 1048576K
}
Event: 11.467 GC heap after
{Heap after GC invocations=28 (full 0):
 garbage-first heap   total 278528K, used 61089K [0x0000000760e00000, 0x0000000800000000)
  region size 2048K, 2 young (4096K), 2 survivors (4096K)
 Metaspace       used 66930K, committed 67264K, reserved 1114112K
  class space    used 7890K, committed 8064K, reserved 1048576K
}

Dll operation events (2 events):
Event: 0.014 Loaded shared library C:\Program Files\Android\Android Studio\jbr\bin\java.dll
Event: 1.329 Loaded shared library C:\Program Files\Android\Android Studio\jbr\bin\verify.dll

Deoptimization events (20 events):
Event: 11.659 Thread 0x0000018051bac970 Uncommon trap: trap_request=0xffffff45 fr.pc=0x000001805e5b7874 relative=0x00000000000003d4
Event: 11.659 Thread 0x0000018051bac970 Uncommon trap: reason=unstable_if action=reinterpret pc=0x000001805e5b7874 method=java.lang.AbstractStringBuilder.isLatin1()Z @ 10 c2
Event: 11.659 Thread 0x0000018051bac970 DEOPT PACKING pc=0x000001805e5b7874 sp=0x00000047d51f36c0
Event: 11.659 Thread 0x0000018051bac970 DEOPT UNPACKING pc=0x000001805e0269a3 sp=0x00000047d51f3640 mode 2
Event: 11.659 Thread 0x0000018051bac970 Uncommon trap: trap_request=0xffffff45 fr.pc=0x000001805e92cf78 relative=0x00000000000004b8
Event: 11.659 Thread 0x0000018051bac970 Uncommon trap: reason=unstable_if action=reinterpret pc=0x000001805e92cf78 method=java.lang.AbstractStringBuilder.putStringAt(ILjava/lang/String;II)V @ 8 c2
Event: 11.659 Thread 0x0000018051bac970 DEOPT PACKING pc=0x000001805e92cf78 sp=0x00000047d51f3930
Event: 11.659 Thread 0x0000018051bac970 DEOPT UNPACKING pc=0x000001805e0269a3 sp=0x00000047d51f37c8 mode 2
Event: 11.659 Thread 0x0000018051bac970 Uncommon trap: trap_request=0xffffff45 fr.pc=0x000001805e93e978 relative=0x00000000000004b8
Event: 11.659 Thread 0x0000018051bac970 Uncommon trap: reason=unstable_if action=reinterpret pc=0x000001805e93e978 method=java.lang.AbstractStringBuilder.putStringAt(ILjava/lang/String;II)V @ 8 c2
Event: 11.659 Thread 0x0000018051bac970 DEOPT PACKING pc=0x000001805e93e978 sp=0x00000047d51f38e0
Event: 11.659 Thread 0x0000018051bac970 DEOPT UNPACKING pc=0x000001805e0269a3 sp=0x00000047d51f37d0 mode 2
Event: 11.664 Thread 0x0000018051bac970 Uncommon trap: trap_request=0xffffffde fr.pc=0x000001805e90b760 relative=0x00000000000057e0
Event: 11.664 Thread 0x0000018051bac970 Uncommon trap: reason=class_check action=maybe_recompile pc=0x000001805e90b760 method=org.jetbrains.kotlin.types.TypeUtils.contains(Lorg/jetbrains/kotlin/types/KotlinType;Lkotlin/jvm/functions/Function1;Lorg/jetbrains/kotlin/utils/SmartSet;)Z @ 95 c2
Event: 11.664 Thread 0x0000018051bac970 DEOPT PACKING pc=0x000001805e90b760 sp=0x00000047d51f3b50
Event: 11.664 Thread 0x0000018051bac970 DEOPT UNPACKING pc=0x000001805e0269a3 sp=0x00000047d51f3b68 mode 2
Event: 11.687 Thread 0x0000018051bac970 Uncommon trap: trap_request=0xffffff45 fr.pc=0x000001805e9af580 relative=0x0000000000000380
Event: 11.687 Thread 0x0000018051bac970 Uncommon trap: reason=unstable_if action=reinterpret pc=0x000001805e9af580 method=org.jetbrains.kotlin.psi.KtQualifiedExpression.getExpression(Z)Lorg/jetbrains/kotlin/psi/KtExpression; @ 59 c2
Event: 11.688 Thread 0x0000018051bac970 DEOPT PACKING pc=0x000001805e9af580 sp=0x00000047d51f78c0
Event: 11.688 Thread 0x0000018051bac970 DEOPT UNPACKING pc=0x000001805e0269a3 sp=0x00000047d51f7840 mode 2

Classes unloaded (0 events):
No events

Classes redefined (0 events):
No events

Internal exceptions (20 events):
Event: 7.149 Thread 0x0000018051bac970 Exception <a 'java/lang/NoSuchMethodError'{0x000000076827d0d0}: 'java.lang.Object java.lang.invoke.DirectMethodHandle$Holder.invokeStaticInit(java.lang.Object, java.lang.Object, java.lang.Object)'> (0x000000076827d0d0) 
thrown [s\src\hotspot\share\interpreter\linkResolver.cpp, line 771]
Event: 7.838 Thread 0x0000018051bac970 Implicit null exception at 0x000001805e5bae74 to 0x000001805e5bb068
Event: 7.839 Thread 0x0000018051bac970 Implicit null exception at 0x000001805e6aad8f to 0x000001805e6aae09
Event: 8.328 Thread 0x0000018051bac970 Exception <a 'java/lang/NoSuchMethodError'{0x000000076aca4dc0}: 'int java.lang.invoke.DirectMethodHandle$Holder.invokeInterface(java.lang.Object, java.lang.Object)'> (0x000000076aca4dc0) 
thrown [s\src\hotspot\share\interpreter\linkResolver.cpp, line 771]
Event: 8.434 Thread 0x0000018051bac970 Implicit null exception at 0x000001805e6b4dbc to 0x000001805e6b56b8
Event: 8.845 Thread 0x0000018051bac970 Exception <a 'java/lang/NoSuchMethodError'{0x00000007660b4260}: 'int java.lang.invoke.DirectMethodHandle$Holder.invokeVirtual(java.lang.Object, java.lang.Object, java.lang.Object)'> (0x00000007660b4260) 
thrown [s\src\hotspot\share\interpreter\linkResolver.cpp, line 771]
Event: 8.885 Thread 0x0000018051bac970 Exception <a 'java/lang/NoSuchMethodError'{0x000000076618dac0}: 'void java.lang.invoke.DirectMethodHandle$Holder.invokeSpecial(java.lang.Object, java.lang.Object, int, java.lang.Object)'> (0x000000076618dac0) 
thrown [s\src\hotspot\share\interpreter\linkResolver.cpp, line 771]
Event: 8.962 Thread 0x0000018051bac970 Exception <a 'java/lang/NoSuchMethodError'{0x0000000765f6f3f8}: 'void java.lang.invoke.DirectMethodHandle$Holder.invokeInterface(java.lang.Object, java.lang.Object)'> (0x0000000765f6f3f8) 
thrown [s\src\hotspot\share\interpreter\linkResolver.cpp, line 771]
Event: 9.005 Thread 0x0000018051bac970 Exception <a 'java/lang/IncompatibleClassChangeError'{0x0000000765c706d8}: Found class java.lang.Object, but interface was expected> (0x0000000765c706d8) 
thrown [s\src\hotspot\share\interpreter\linkResolver.cpp, line 838]
Event: 9.131 Thread 0x0000018051bac970 Implicit null exception at 0x000001805e58b355 to 0x000001805e58b918
Event: 9.158 Thread 0x0000018051bac970 Exception <a 'java/lang/NoSuchMethodError'{0x000000076590edd8}: 'java.lang.Object java.lang.invoke.DirectMethodHandle$Holder.invokeInterface(java.lang.Object, java.lang.Object, java.lang.Object)'> (0x000000076590edd8) 
thrown [s\src\hotspot\share\interpreter\linkResolver.cpp, line 771]
Event: 9.158 Thread 0x0000018051bac970 Exception <a 'java/lang/IncompatibleClassChangeError'{0x0000000765912748}: Found class java.lang.Object, but interface was expected> (0x0000000765912748) 
thrown [s\src\hotspot\share\interpreter\linkResolver.cpp, line 838]
Event: 9.171 Thread 0x0000018051bac970 Implicit null exception at 0x000001805e58c452 to 0x000001805e58ca04
Event: 9.702 Thread 0x0000018051bac970 Exception <a 'java/lang/NoSuchMethodError'{0x000000076addfc30}: 'int java.lang.invoke.DirectMethodHandle$Holder.invokeStaticInit(java.lang.Object, int)'> (0x000000076addfc30) 
thrown [s\src\hotspot\share\interpreter\linkResolver.cpp, line 771]
Event: 9.813 Thread 0x0000018051bac970 Exception <a 'java/lang/NoSuchMethodError'{0x0000000768084870}: 'void java.lang.invoke.DirectMethodHandle$Holder.invokeStatic(java.lang.Object, java.lang.Object, java.lang.Object)'> (0x0000000768084870) 
thrown [s\src\hotspot\share\interpreter\linkResolver.cpp, line 771]
Event: 9.850 Thread 0x0000018051bac970 Exception <a 'java/lang/NoSuchMethodError'{0x000000076816fd70}: 'java.lang.Object java.lang.invoke.DirectMethodHandle$Holder.newInvokeSpecial(java.lang.Object, java.lang.Object, java.lang.Object, java.lang.Object, java.lang.Object, java.lang.Object, java.lang.Object)'> (0x000000076816fd70) 
thrown [s\src\hotspot\share\interpreter\linkResolver.cpp, line 771]
Event: 9.850 Thread 0x0000018051bac970 Exception <a 'java/lang/NoSuchMethodError'{0x0000000768174e78}: 'java.lang.Object java.lang.invoke.Invokers$Holder.linkToTargetMethod(java.lang.Object, java.lang.Object, java.lang.Object, java.lang.Object, java.lang.Object, java.lang.Object, java.lang.Object)'> (0x0000000768174e78) 
thrown [s\src\hotspot\share\interpreter\linkResolver.cpp, line 771]
Event: 10.787 Thread 0x0000018051bac970 Exception <a 'java/lang/NoSuchMethodError'{0x00000007681417a8}: 'java.lang.Object java.lang.invoke.DirectMethodHandle$Holder.invokeStatic(java.lang.Object, int, java.lang.Object, java.lang.Object)'> (0x00000007681417a8) 
thrown [s\src\hotspot\share\interpreter\linkResolver.cpp, line 771]
Event: 10.788 Thread 0x0000018051bac970 Exception <a 'java/lang/NoSuchMethodError'{0x0000000768149a18}: 'java.lang.Object java.lang.invoke.DirectMethodHandle$Holder.newInvokeSpecial(java.lang.Object, int, java.lang.Object)'> (0x0000000768149a18) 
thrown [s\src\hotspot\share\interpreter\linkResolver.cpp, line 771]
Event: 11.341 Thread 0x0000018051bac970 Implicit null exception at 0x000001805e5d74d8 to 0x000001805e5d756e

VM Operations (20 events):
Event: 10.753 Executing VM operation: ICBufferFull
Event: 10.754 Executing VM operation: ICBufferFull done
Event: 10.784 Executing VM operation: HandshakeAllThreads
Event: 10.784 Executing VM operation: HandshakeAllThreads done
Event: 10.970 Executing VM operation: HandshakeAllThreads
Event: 10.970 Executing VM operation: HandshakeAllThreads done
Event: 10.978 Executing VM operation: ICBufferFull
Event: 10.979 Executing VM operation: ICBufferFull done
Event: 11.199 Executing VM operation: ICBufferFull
Event: 11.199 Executing VM operation: ICBufferFull done
Event: 11.357 Executing VM operation: ICBufferFull
Event: 11.358 Executing VM operation: ICBufferFull done
Event: 11.449 Executing VM operation: G1CollectForAllocation
Event: 11.467 Executing VM operation: G1CollectForAllocation done
Event: 11.620 Executing VM operation: ICBufferFull
Event: 11.620 Executing VM operation: ICBufferFull done
Event: 11.664 Executing VM operation: HandshakeAllThreads
Event: 11.665 Executing VM operation: HandshakeAllThreads done
Event: 11.729 Executing VM operation: ICBufferFull
Event: 11.730 Executing VM operation: ICBufferFull done

Events (20 events):
Event: 8.969 loading class java/util/stream/AbstractSpinedBuffer done
Event: 8.969 loading class java/util/stream/SpinedBuffer done
Event: 8.969 loading class java/util/stream/Nodes$SpinedNodeBuilder done
Event: 9.655 Thread 0x000001806fd42e10 flushing nmethod 0x0000018057216f90
Event: 9.656 Thread 0x000001806fd42e10 flushing nmethod 0x0000018057274f90
Event: 9.656 Thread 0x000001806fd42e10 flushing nmethod 0x000001805729b390
Event: 9.657 Thread 0x000001806fd42e10 flushing nmethod 0x000001805735f910
Event: 9.657 Thread 0x000001806fd42e10 flushing nmethod 0x0000018057399a10
Event: 9.657 Thread 0x000001806fd42e10 flushing nmethod 0x00000180573d5910
Event: 11.673 Thread 0x000001806fd42e10 flushing nmethod 0x0000018056c59890
Event: 11.673 Thread 0x000001806fd42e10 flushing nmethod 0x0000018056c68390
Event: 11.674 Thread 0x000001806fd42e10 flushing nmethod 0x0000018056cd8a90
Event: 11.676 Thread 0x000001806fd42e10 flushing nmethod 0x0000018056d9a410
Event: 11.678 Thread 0x000001806fd42e10 flushing nmethod 0x0000018056f67d90
Event: 11.683 Thread 0x000001806fd42e10 flushing nmethod 0x000001805724bf10
Event: 11.683 Thread 0x000001806fd42e10 flushing nmethod 0x000001805724d390
Event: 11.684 Thread 0x000001806fd42e10 flushing nmethod 0x00000180572bd210
Event: 11.684 Thread 0x000001806fd42e10 flushing nmethod 0x00000180572c3b10
Event: 11.684 Thread 0x000001806fd42e10 flushing nmethod 0x00000180572d1310
Event: 11.685 Thread 0x000001806fd42e10 flushing nmethod 0x0000018057352410


Dynamic libraries:
0x00007ff729b30000 - 0x00007ff729b3a000 	C:\Program Files\Android\Android Studio\jbr\bin\java.exe
0x00007ffe2d410000 - 0x00007ffe2d608000 	C:\Windows\SYSTEM32\ntdll.dll
0x00007ffe2d310000 - 0x00007ffe2d3cf000 	C:\Windows\System32\KERNEL32.DLL
0x00007ffe2ab20000 - 0x00007ffe2ae16000 	C:\Windows\System32\KERNELBASE.dll
0x00007ffe275b0000 - 0x00007ffe27641000 	C:\Windows\SYSTEM32\apphelp.dll
0x00007ffdf1ef0000 - 0x00007ffdf2386000 	C:\Windows\SYSTEM32\AcLayers.DLL
0x00007ffe2be90000 - 0x00007ffe2bf2e000 	C:\Windows\System32\msvcrt.dll
0x00007ffe2c520000 - 0x00007ffe2c6bd000 	C:\Windows\System32\USER32.dll
0x00007ffe2b030000 - 0x00007ffe2b052000 	C:\Windows\System32\win32u.dll
0x00007ffe2d0c0000 - 0x00007ffe2d0ec000 	C:\Windows\System32\GDI32.dll
0x00007ffe2b220000 - 0x00007ffe2b335000 	C:\Windows\System32\gdi32full.dll
0x00007ffe2b340000 - 0x00007ffe2b3dd000 	C:\Windows\System32\msvcp_win.dll
0x00007ffe2b120000 - 0x00007ffe2b220000 	C:\Windows\System32\ucrtbase.dll
0x00007ffe2b520000 - 0x00007ffe2bc64000 	C:\Windows\System32\SHELL32.dll
0x00007ffe2cd30000 - 0x00007ffe2cd85000 	C:\Windows\System32\SHLWAPI.dll
0x00007ffe2b470000 - 0x00007ffe2b51f000 	C:\Windows\System32\ADVAPI32.dll
0x00007ffe2cfa0000 - 0x00007ffe2d03c000 	C:\Windows\System32\sechost.dll
0x00007ffe2bc80000 - 0x00007ffe2bda6000 	C:\Windows\System32\RPCRT4.dll
0x00000180518b0000 - 0x00000180518b3000 	C:\Windows\SYSTEM32\sfc.dll
0x00007ffe0e3f0000 - 0x00007ffe0e48d000 	C:\Windows\SYSTEM32\WINSPOOL.DRV
0x00007ffe2c070000 - 0x00007ffe2c3c4000 	C:\Windows\System32\combase.dll
0x00007ffe2bf30000 - 0x00007ffe2bfdd000 	C:\Windows\System32\shcore.dll
0x00007ffe162a0000 - 0x00007ffe162b2000 	C:\Windows\SYSTEM32\sfc_os.DLL
0x00007ffe24cb0000 - 0x00007ffe24cc1000 	C:\Windows\SYSTEM32\SortWindows61.dll
0x00007ffe2c3d0000 - 0x00007ffe2c400000 	C:\Windows\System32\IMM32.DLL
0x00007ffe24ed0000 - 0x00007ffe24ee7000 	C:\Program Files\Android\Android Studio\jbr\bin\jli.dll
0x00007ffe24df0000 - 0x00007ffe24e0b000 	C:\Program Files\Android\Android Studio\jbr\bin\VCRUNTIME140.dll
0x00007ffe29e70000 - 0x00007ffe2a10a000 	C:\Windows\WinSxS\amd64_microsoft.windows.common-controls_6595b64144ccf1df_6.0.19041.1110_none_60b5254171f9507e\COMCTL32.dll
0x00007ffe25920000 - 0x00007ffe2592c000 	C:\Program Files\Android\Android Studio\jbr\bin\vcruntime140_1.dll
0x00007ffe23240000 - 0x00007ffe232cd000 	C:\Program Files\Android\Android Studio\jbr\bin\msvcp140.dll
0x00007ffded940000 - 0x00007ffdee5ad000 	C:\Program Files\Android\Android Studio\jbr\bin\server\jvm.dll
0x00007ffe22860000 - 0x00007ffe2286a000 	C:\Windows\SYSTEM32\VERSION.dll
0x00007ffe259a0000 - 0x00007ffe259a9000 	C:\Windows\SYSTEM32\WSOCK32.dll
0x00007ffe2a640000 - 0x00007ffe2a667000 	C:\Windows\SYSTEM32\WINMM.dll
0x00007ffe2d2a0000 - 0x00007ffe2d30b000 	C:\Windows\System32\WS2_32.dll
0x00007ffe27ba0000 - 0x00007ffe27bb2000 	C:\Windows\SYSTEM32\kernel.appcore.dll
0x00007ffe24350000 - 0x00007ffe2435a000 	C:\Program Files\Android\Android Studio\jbr\bin\jimage.dll
0x00007ffe2a400000 - 0x00007ffe2a5e4000 	C:\Windows\SYSTEM32\DBGHELP.DLL
0x00007ffe2a220000 - 0x00007ffe2a254000 	C:\Windows\SYSTEM32\dbgcore.DLL
0x00007ffe2b3e0000 - 0x00007ffe2b462000 	C:\Windows\System32\bcryptPrimitives.dll
0x00007ffe23a10000 - 0x00007ffe23a35000 	C:\Program Files\Android\Android Studio\jbr\bin\java.dll
0x00007ffe239f0000 - 0x00007ffe23a08000 	C:\Program Files\Android\Android Studio\jbr\bin\zip.dll
0x00007ffe27da0000 - 0x00007ffe28534000 	C:\Windows\SYSTEM32\windows.storage.dll
0x00007ffe29dd0000 - 0x00007ffe29dfe000 	C:\Windows\SYSTEM32\Wldp.dll
0x00007ffe2aa20000 - 0x00007ffe2aa45000 	C:\Windows\SYSTEM32\profapi.dll
0x00007ffe234b0000 - 0x00007ffe234c9000 	C:\Program Files\Android\Android Studio\jbr\bin\net.dll
0x00007ffe21fd0000 - 0x00007ffe220da000 	C:\Windows\SYSTEM32\WINHTTP.dll
0x00007ffe29c70000 - 0x00007ffe29cda000 	C:\Windows\system32\mswsock.dll
0x00007ffe23490000 - 0x00007ffe234a6000 	C:\Program Files\Android\Android Studio\jbr\bin\nio.dll
0x00007ffe23130000 - 0x00007ffe23140000 	C:\Program Files\Android\Android Studio\jbr\bin\verify.dll

dbghelp: loaded successfully - version: 4.0.5 - missing functions: none
symbol engine: initialized successfully - sym options: 0x614 - pdb path: .;C:\Program Files\Android\Android Studio\jbr\bin;C:\Windows\SYSTEM32;C:\Windows\WinSxS\amd64_microsoft.windows.common-controls_6595b64144ccf1df_6.0.19041.1110_none_60b5254171f9507e;C:\Program Files\Android\Android Studio\jbr\bin\server

VM Arguments:
java_command: org.jetbrains.kotlin.cli.jvm.K2JVMCompiler @F:\MyMovie\app\build\20230803_11503001323896398554.compiler.options
java_class_path (initial): C:\Users\Karim Benzema\.gradle\wrapper\dists\gradle-8.0-bin\caches\modules-2\files-2.1\org.jetbrains.kotlin\kotlin-compiler-embeddable\1.8.20\78d9baa57f65babf9e0a93e51f62f26f5f35ac3e\kotlin-compiler-embeddable-1.8.20.jar;C:\Users\Karim Benzema\.gradle\wrapper\dists\gradle-8.0-bin\caches\modules-2\files-2.1\org.jetbrains.kotlin\kotlin-stdlib\1.8.20\e72fc5e03ec6c064c678a6bd0d955c88d55b0c4a\kotlin-stdlib-1.8.20.jar;C:\Users\Karim Benzema\.gradle\wrapper\dists\gradle-8.0-bin\caches\modules-2\files-2.1\org.jetbrains.kotlin\kotlin-script-runtime\1.8.20\c850771e723701f9d63dbcf641429c0f29290074\kotlin-script-runtime-1.8.20.jar;C:\Users\Karim Benzema\.gradle\wrapper\dists\gradle-8.0-bin\caches\modules-2\files-2.1\org.jetbrains.kotlin\kotlin-reflect\1.6.10\1cbe9c92c12a94eea200d23c2bbaedaf3daf5132\kotlin-reflect-1.6.10.jar;C:\Users\Karim Benzema\.gradle\wrapper\dists\gradle-8.0-bin\caches\modules-2\files-2.1\org.jetbrains.kotlin\kotlin-daemon-embeddable\1.8.20\c1b808fbe5fee60bd0504a54778120ef40f383d4\kotlin-daemon-embeddable-1.8.20.jar;C:\Users\Karim Benzema\.gradle\wrapper\dists\gradle-8.0-bin\caches\modules-2\files-2.1\org.jetbrains.intellij.deps\trove4j\1.0.20200330\3afb14d5f9ceb459d724e907a21145e8ff394f02\trove4j-1.0.20200330.jar;C:\Users\Karim Benzema\.gradle\wrapper\dists\gradle-8.0-bin\caches\modules-2\files-2.1\net.java.dev.jna\jna\5.6.0\330f2244e9030119ab3030fc3fededc86713d9cc\jna-5.6.0.jar;C:\Users\Karim Benzema\.gradle\wrapper\dists\gradle-8.0-bin\caches\modules-2\files-2.1\org.jetbrains.kotlin\kotlin-stdlib-common\1.8.20\5eddaaf234c8c49d03eebeb6a14feb7f90faca71\kotlin-stdlib-common-1.8.20.jar;C:\Users\Karim Benzema\.gradle\wrapper\dists\gradle-8.0-bin\caches\modules-2\files-2.1\org.jetbrains\annotations\13.0\919f0dfe192fb4e063e7dacadee7f8bb9a2672a9\annotations-13.0.jar
Launcher Type: SUN_STANDARD

[Global flags]
     intx CICompilerCount                          = 4                                         {product} {ergonomic}
     uint ConcGCThreads                            = 2                                         {product} {ergonomic}
     uint G1ConcRefinementThreads                  = 8                                         {product} {ergonomic}
   size_t G1HeapRegionSize                         = 2097152                                   {product} {ergonomic}
    uintx GCDrainStackTargetSize                   = 64                                        {product} {ergonomic}
   size_t InitialHeapSize                          = 167772160                                 {product} {ergonomic}
   size_t MarkStackSize                            = 4194304                                   {product} {ergonomic}
   size_t MaxHeapSize                              = 2669674496                                {product} {ergonomic}
   size_t MaxNewSize                               = 1600126976                                {product} {ergonomic}
   size_t MinHeapDeltaBytes                        = 2097152                                   {product} {ergonomic}
   size_t MinHeapSize                              = 8388608                                   {product} {ergonomic}
    uintx NonNMethodCodeHeapSize                   = 5839372                                {pd product} {ergonomic}
    uintx NonProfiledCodeHeapSize                  = 122909434                              {pd product} {ergonomic}
    uintx ProfiledCodeHeapSize                     = 122909434                              {pd product} {ergonomic}
    uintx ReservedCodeCacheSize                    = 251658240                              {pd product} {ergonomic}
     bool SegmentedCodeCache                       = true                                      {product} {ergonomic}
   size_t SoftMaxHeapSize                          = 2669674496                             {manageable} {ergonomic}
     bool UseCompressedClassPointers               = true                           {product lp64_product} {ergonomic}
     bool UseCompressedOops                        = true                           {product lp64_product} {ergonomic}
     bool UseG1GC                                  = true                                      {product} {ergonomic}
     bool UseLargePagesIndividualAllocation        = false                                  {pd product} {ergonomic}

Logging:
Log output configuration:
 #0: stdout all=warning uptime,level,tags
 #1: stderr all=off uptime,level,tags

Environment Variables:
JAVA_HOME=C:\Program Files\Java\jdk-17
PATH=C:\Program Files\Common Files\Oracle\Java\javapath;C:\Windows\system32;C:\Windows;C:\Windows\System32\Wbem;C:\Windows\System32\WindowsPowerShell\v1.0\;C:\Windows\System32\OpenSSH\;C:\Users\Karim Benzema\AppData\Local\Android\Sdk;C:\Program Files\Java\jdk-17\bin;C:\Program Files\Git\cmd;C:\xampp\php;C:\ProgramData\ComposerSetup\bin;C:\Users\Karim Benzema\AppData\Local\Microsoft\WindowsApps;C:\Users\Karim Benzema\AppData\Roaming\Composer\vendor\bin;C:\Microsoft VS Code\bin
USERNAME=Karim Benzema
OS=Windows_NT
PROCESSOR_IDENTIFIER=AMD64 Family 23 Model 24 Stepping 1, AuthenticAMD
TMP=C:\Users\KARIMB~1\AppData\Local\Temp
TEMP=C:\Users\KARIMB~1\AppData\Local\Temp



---------------  S Y S T E M  ---------------

OS:
 Windows 10 , 64 bit Build 19041 (10.0.19041.3155)
OS uptime: 0 days 11:45 hours

CPU: total 8 (initial active 8) (8 cores per cpu, 2 threads per core) family 23 model 24 stepping 1 microcode 0x0, cx8, cmov, fxsr, ht, mmx, 3dnowpref, sse, sse2, sse3, ssse3, sse4a, sse4.1, sse4.2, popcnt, lzcnt, tsc, tscinvbit, avx, avx2, aes, clmul, bmi1, bmi2, adx, sha, fma, vzeroupper, clflush, clflushopt

Memory: 4k page, system-wide physical 10178M (2906M free)
TotalPageFile size 13378M (AvailPageFile size 5715M)
current process WorkingSet (physical memory assigned to process): 348M, peak: 348M
current process commit charge ("private bytes"): 557M, peak: 557M

vm_info: OpenJDK 64-Bit Server VM (17.0.6+0-b2043.56-9586694) for windows-amd64 JRE (17.0.6+0-b2043.56-9586694), built on Feb  9 2023 20:06:20 by "androidbuild" with MS VC++ 16.10 / 16.11 (VS2019)

END.
