#
# A fatal error has been detected by the Java Runtime Environment:
#
#  EXCEPTION_ACCESS_VIOLATION (0xc0000005) at pc=0x00007ffdedecb287, pid=11020, tid=6760
#
# JRE version: OpenJDK Runtime Environment (17.0.6) (build 17.0.6+0-b2043.56-9586694)
# Java VM: OpenJDK 64-Bit Server VM (17.0.6+0-b2043.56-9586694, mixed mode, tiered, compressed oops, compressed class ptrs, g1 gc, windows-amd64)
# Problematic frame:
# V  [jvm.dll+0x58b287]
#
# No core dump will be written. Minidumps are not enabled by default on client versions of Windows
#
# If you would like to submit a bug report, please visit:
#   https://bugreport.java.com/bugreport/crash.jsp
#

---------------  S U M M A R Y ------------

Command Line: --add-opens=java.base/java.util=ALL-UNNAMED --add-opens=java.base/java.lang=ALL-UNNAMED --add-opens=java.base/java.lang.invoke=ALL-UNNAMED --add-opens=java.prefs/java.util.prefs=ALL-UNNAMED --add-opens=java.base/java.nio.charset=ALL-UNNAMED --add-opens=java.base/java.net=ALL-UNNAMED --add-opens=java.base/java.util.concurrent.atomic=ALL-UNNAMED -Xmx2048m -Dfile.encoding=UTF-8 -Duser.country=ID -Duser.language=en -Duser.variant org.gradle.launcher.daemon.bootstrap.GradleDaemon 8.0

Host: AMD Ryzen 5 3500U with Radeon Vega Mobile Gfx  , 8 cores, 9G,  Windows 10 , 64 bit Build 19041 (10.0.19041.3155)
Time: Thu Aug  3 13:38:29 2023 SE Asia Standard Time elapsed time: 18.835688 seconds (0d 0h 0m 18s)

---------------  T H R E A D  ---------------

Current thread (0x0000029a55d56850):  JavaThread "C2 CompilerThread0" daemon [_thread_in_native, id=6760, stack(0x000000c742700000,0x000000c742800000)]


Current CompileTask:
C2:  18835 8986       4       java.lang.Class::annotationData (44 bytes)

Stack: [0x000000c742700000,0x000000c742800000],  sp=0x000000c7427fa700,  free space=1001k
Native frames: (J=compiled Java code, j=interpreted, Vv=VM code, C=native code)
V  [jvm.dll+0x58b287]
V  [jvm.dll+0x58a628]
V  [jvm.dll+0x2243b2]
V  [jvm.dll+0x21ddf4]
V  [jvm.dll+0x21b51b]
V  [jvm.dll+0x1a4fdd]
V  [jvm.dll+0x22b098]
V  [jvm.dll+0x229159]
V  [jvm.dll+0x7f809c]
V  [jvm.dll+0x7f25fa]
V  [jvm.dll+0x682985]
C  [ucrtbase.dll+0x21bb2]
C  [KERNEL32.DLL+0x17614]
C  [ntdll.dll+0x526b1]


siginfo: EXCEPTION_ACCESS_VIOLATION (0xc0000005), reading address 0xffffffffffffffff


Register to memory mapping:

RIP=0x00007ffdedecb287 jvm.dll
RAX=0x0 is NULL
RBX=0x00160000029a5ca4 is an unknown value
RCX=0x0000000000080000 is an unknown value
RDX=0x0000029a62cae0e0 points into unknown readable memory: 0x0000000000000001 | 01 00 00 00 00 00 00 00
RSP=0x000000c7427fa700 is pointing into the stack for thread: 0x0000029a55d56850
RBP=0x0000000000000019 is an unknown value
RSI=0x0 is NULL
RDI=0x000000c7427fa7d0 is pointing into the stack for thread: 0x0000029a55d56850
R8 =0x0000000000000001 is an unknown value
R9 =0x000000c7427faae0 is pointing into the stack for thread: 0x0000029a55d56850
R10=0x00007ffe24e70000 VCRUNTIME140.dll
R11=0x0000029a62c608e0 points into unknown readable memory: 0x0000000000000000 | 00 00 00 00 00 00 00 00
R12=0x000000c7427fa7b0 is pointing into the stack for thread: 0x0000029a55d56850
R13=0x000000c7427fa790 is pointing into the stack for thread: 0x0000029a55d56850
R14=0x0000000000000001 is an unknown value
R15=0x0000029a5ca3f452 points into unknown readable memory: 27 ee fd 7f 00 00


Registers:
RAX=0x0000000000000000, RBX=0x00160000029a5ca4, RCX=0x0000000000080000, RDX=0x0000029a62cae0e0
RSP=0x000000c7427fa700, RBP=0x0000000000000019, RSI=0x0000000000000000, RDI=0x000000c7427fa7d0
R8 =0x0000000000000001, R9 =0x000000c7427faae0, R10=0x00007ffe24e70000, R11=0x0000029a62c608e0
R12=0x000000c7427fa7b0, R13=0x000000c7427fa790, R14=0x0000000000000001, R15=0x0000029a5ca3f452
RIP=0x00007ffdedecb287, EFLAGS=0x0000000000010203

Top of Stack: (sp=0x000000c7427fa700)
0x000000c7427fa700:   0000000000013800 00000000000000ac
0x000000c7427fa710:   0000029a61f31c00 0000029a0000000b
0x000000c7427fa720:   0000000000000000 0000029a551e03e0
0x000000c7427fa730:   0000029a573668c8 000000c7427fa860
0x000000c7427fa740:   0000000000068200 0000029a3b0183f0
0x000000c7427fa750:   0000000000000001 00007ffdedeca628
0x000000c7427fa760:   000000c7427faae0 000000c7427faae0
0x000000c7427fa770:   0000029a00080000 000000c7427fa7d0
0x000000c7427fa780:   0000000000020010 0000000000020020
0x000000c7427fa790:   0000029a551e0690 000000c700001000
0x000000c7427fa7a0:   0000029a61eb8040 00007ffd00000752
0x000000c7427fa7b0:   0000029a00020000 0000029a62c600e0
0x000000c7427fa7c0:   0000029a00020000 0000029a551e0690
0x000000c7427fa7d0:   0000029a6224e1c0 0000029a6225e960
0x000000c7427fa7e0:   0000029a6224e1d0 0000029a551e0690
0x000000c7427fa7f0:   0000029a551e0690 0000000000000004 

Instructions: (pc=0x00007ffdedecb287)
0x00007ffdedecb187:   07 4c 89 30 4c 8b f3 44 89 60 08 e9 99 fc ff ff
0x00007ffdedecb197:   41 8b 45 18 85 c0 0f 85 7d fc ff ff 4c 8b 74 24
0x00007ffdedecb1a7:   20 4c 8b 64 24 28 48 8b 7c 24 30 48 8b 74 24 38
0x00007ffdedecb1b7:   48 8b 5c 24 60 48 83 c4 40 41 5f 41 5d 5d c3 cc
0x00007ffdedecb1c7:   cc cc cc cc cc cc cc cc cc 48 89 4c 24 08 57 41
0x00007ffdedecb1d7:   54 41 55 48 83 ec 40 41 8b 40 18 49 8b f9 4d 8b
0x00007ffdedecb1e7:   e8 4c 8b e2 4c 8b c9 85 c0 0f 84 3d 02 00 00 48
0x00007ffdedecb1f7:   89 5c 24 68 48 89 6c 24 38 48 89 74 24 30 4c 89
0x00007ffdedecb207:   74 24 28 4c 89 7c 24 20 90 ff c8 41 89 45 18 8b
0x00007ffdedecb217:   c8 49 8b 45 10 4c 8b 3c c8 41 8b 77 28 8b de c1
0x00007ffdedecb227:   eb 05 41 3b 1c 24 72 0f 8b d3 49 8b cc e8 07 0b
0x00007ffdedecb237:   2a 00 4c 8b 4c 24 60 49 8b 44 24 08 83 e6 1f 48
0x00007ffdedecb247:   8d 14 98 40 0f b6 ce 41 b8 01 00 00 00 41 d3 e0
0x00007ffdedecb257:   8b 0a 8b c1 41 0b c0 89 02 41 85 c8 0f 85 a0 01
0x00007ffdedecb267:   00 00 41 8b 4f 20 45 33 f6 89 4c 24 70 44 3b f1
0x00007ffdedecb277:   0f 83 59 01 00 00 49 8b 5f 10 41 8b c6 41 ff c6
0x00007ffdedecb287:   48 8b 1c c3 8b 43 28 41 3b 41 28 73 0d 8b c8 49
0x00007ffdedecb297:   8b 41 30 48 83 3c c8 00 75 39 48 83 7b 10 00 74
0x00007ffdedecb2a7:   32 49 8d b1 b8 09 00 00 8b 6e 18 8d 45 01 89 46
0x00007ffdedecb2b7:   18 3b 6e 08 72 0f 8b d5 48 8b ce e8 29 5a 0d 00
0x00007ffdedecb2c7:   4c 8b 4c 24 60 48 8b 46 10 8b 4c 24 70 48 89 1c
0x00007ffdedecb2d7:   e8 eb 9a 48 8b 43 08 48 83 38 00 74 77 48 8b 03
0x00007ffdedecb2e7:   48 8b cb ff 50 10 84 c0 75 0a 8b 43 2c 83 e0 0f
0x00007ffdedecb2f7:   3c 0c 75 60 8b 4b 28 8b c1 c1 e8 05 41 3b 04 24
0x00007ffdedecb307:   73 21 4c 8b 4c 24 60 83 e1 1f 8b d1 8b c8 49 8b
0x00007ffdedecb317:   44 24 08 8b 0c 88 0f a3 d1 8b 4c 24 70 0f 82 4a
0x00007ffdedecb327:   ff ff ff 41 8b 75 18 8d 46 01 41 89 45 18 41 3b
0x00007ffdedecb337:   75 08 72 0a 8b d6 49 8b cd e8 ab 59 0d 00 49 8b
0x00007ffdedecb347:   45 10 8b 4c 24 70 4c 8b 4c 24 60 48 89 1c f0 e9
0x00007ffdedecb357:   19 ff ff ff 8b 6b 28 8b f5 c1 ee 05 41 3b 34 24
0x00007ffdedecb367:   72 0a 8b d6 49 8b cc e8 cd 09 2a 00 49 8b 44 24
0x00007ffdedecb377:   08 83 e5 1f 4c 8b 4c 24 60 48 8d 14 b0 40 0f b6 


Stack slot to memory mapping:
stack at sp + 0 slots: 0x0000000000013800 is an unknown value
stack at sp + 1 slots: 0x00000000000000ac is an unknown value
stack at sp + 2 slots: 0x0000029a61f31c00 points into unknown readable memory: 0x00007ffdee2a0588 | 88 05 2a ee fd 7f 00 00
stack at sp + 3 slots: 0x0000029a0000000b is an unknown value
stack at sp + 4 slots: 0x0 is NULL
stack at sp + 5 slots: 0x0000029a551e03e0 points into unknown readable memory: 0x8000000800000001 | 01 00 00 00 08 00 00 80
stack at sp + 6 slots: 0x0000029a573668c8 points into unknown readable memory: 0x00007ffdee27b9b8 | b8 b9 27 ee fd 7f 00 00
stack at sp + 7 slots: 0x000000c7427fa860 is pointing into the stack for thread: 0x0000029a55d56850


---------------  P R O C E S S  ---------------

Threads class SMR info:
_java_thread_list=0x0000029a619ca620, length=127, elements={
0x0000029a3affb590, 0x0000029a55197fa0, 0x0000029a551df7f0, 0x0000029a55d28010,
0x0000029a55d2c9e0, 0x0000029a55cb1e40, 0x0000029a55cbc810, 0x0000029a55d56850,
0x0000029a55cbd580, 0x0000029a55d635d0, 0x0000029a5608bfa0, 0x0000029a5608c4b0,
0x0000029a560f8870, 0x0000029a59aa8ac0, 0x0000029a59aa8fd0, 0x0000029a560f5ae0,
0x0000029a560fabe0, 0x0000029a560f8d80, 0x0000029a560f50c0, 0x0000029a560fb0f0,
0x0000029a5a129c00, 0x0000029a5a12a110, 0x0000029a5a126450, 0x0000029a5a127da0,
0x0000029a5a12b550, 0x0000029a5a127890, 0x0000029a5a12a620, 0x0000029a59aa7680,
0x0000029a59aa6750, 0x0000029a59aa2fa0, 0x0000029a59aa5310, 0x0000029a59aa39c0,
0x0000029a59aa6240, 0x0000029a59aa4e00, 0x0000029a59aa99f0, 0x0000029a59aa43e0,
0x0000029a59aa94e0, 0x0000029a59aa5d30, 0x0000029a59aa7b90, 0x0000029a59aa2580,
0x0000029a59aa3ed0, 0x0000029a560f7940, 0x0000029a560f55d0, 0x0000029a560f8360,
0x0000029a560f5ff0, 0x0000029a560f6f20, 0x0000029a560fa1c0, 0x0000029a560f6500,
0x0000029a560f4bb0, 0x0000029a560f6a10, 0x0000029a560fc020, 0x0000029a560f9290,
0x0000029a560fbb10, 0x0000029a560fc530, 0x0000029a560f97a0, 0x0000029a560f9cb0,
0x0000029a560f7430, 0x0000029a560fa6d0, 0x0000029a560f7e50, 0x0000029a560fb600,
0x0000029a5a12b040, 0x0000029a5a1287c0, 0x0000029a5a1291e0, 0x0000029a5a125520,
0x0000029a5a124b00, 0x0000029a5a12ba60, 0x0000029a5a1245f0, 0x0000029a5a12bf70,
0x0000029a5a1296f0, 0x0000029a5a1282b0, 0x0000029a5a128cd0, 0x0000029a5a126e70,
0x0000029a5a125a30, 0x0000029a5a125010, 0x0000029a5a125f40, 0x0000029a5a126960,
0x0000029a5a127380, 0x0000029a5608c9c0, 0x0000029a5608ba90, 0x0000029a5608de00,
0x0000029a5608f240, 0x0000029a5608e310, 0x0000029a5608ced0, 0x0000029a5608d3e0,
0x0000029a5608d8f0, 0x0000029a5608e820, 0x0000029a59aa6c60, 0x0000029a5ddad010,
0x0000029a5ddb11e0, 0x0000029a5ddb2620, 0x0000029a5ddaf890, 0x0000029a5ddad520,
0x0000029a5ddac0e0, 0x0000029a5ddb2110, 0x0000029a5ddb3040, 0x0000029a5ddada30,
0x0000029a5ddb1c00, 0x0000029a5ddb2b30, 0x0000029a5ddb3550, 0x0000029a5ddb3a60,
0x0000029a5ddaf380, 0x0000029a5ddadf40, 0x0000029a5ddafda0, 0x0000029a5ddb02b0,
0x0000029a5ddac5f0, 0x0000029a5ddb07c0, 0x0000029a5ddae450, 0x0000029a5ddb0cd0,
0x0000029a5ddb16f0, 0x0000029a5ddacb00, 0x0000029a5ddae960, 0x0000029a5ddaee70,
0x0000029a5d358810, 0x0000029a5d354130, 0x0000029a5d3573d0, 0x0000029a5d356ec0,
0x0000029a5d35a670, 0x0000029a5d354640, 0x0000029a5d355060, 0x0000029a5d358d20,
0x0000029a5d359c50, 0x0000029a5d359230, 0x0000029a5d359740, 0x0000029a5d3564a0,
0x0000029a5d35b090, 0x0000029a5a271a90, 0x0000029a5a26d030
}

Java Threads: ( => current thread )
  0x0000029a3affb590 JavaThread "main" [_thread_blocked, id=3728, stack(0x000000c741a00000,0x000000c741b00000)]
  0x0000029a55197fa0 JavaThread "Reference Handler" daemon [_thread_blocked, id=7196, stack(0x000000c742100000,0x000000c742200000)]
  0x0000029a551df7f0 JavaThread "Finalizer" daemon [_thread_blocked, id=5168, stack(0x000000c742200000,0x000000c742300000)]
  0x0000029a55d28010 JavaThread "Signal Dispatcher" daemon [_thread_blocked, id=4636, stack(0x000000c742300000,0x000000c742400000)]
  0x0000029a55d2c9e0 JavaThread "Attach Listener" daemon [_thread_blocked, id=6932, stack(0x000000c742400000,0x000000c742500000)]
  0x0000029a55cb1e40 JavaThread "Service Thread" daemon [_thread_blocked, id=1792, stack(0x000000c742500000,0x000000c742600000)]
  0x0000029a55cbc810 JavaThread "Monitor Deflation Thread" daemon [_thread_blocked, id=9708, stack(0x000000c742600000,0x000000c742700000)]
=>0x0000029a55d56850 JavaThread "C2 CompilerThread0" daemon [_thread_in_native, id=6760, stack(0x000000c742700000,0x000000c742800000)]
  0x0000029a55cbd580 JavaThread "C1 CompilerThread0" daemon [_thread_blocked, id=7172, stack(0x000000c742800000,0x000000c742900000)]
  0x0000029a55d635d0 JavaThread "Sweeper thread" daemon [_thread_blocked, id=9608, stack(0x000000c742900000,0x000000c742a00000)]
  0x0000029a5608bfa0 JavaThread "Common-Cleaner" daemon [_thread_blocked, id=7680, stack(0x000000c742a00000,0x000000c742b00000)]
  0x0000029a5608c4b0 JavaThread "Notification Thread" daemon [_thread_blocked, id=7192, stack(0x000000c742b00000,0x000000c742c00000)]
  0x0000029a560f8870 JavaThread "Daemon health stats" [_thread_blocked, id=2064, stack(0x000000c743300000,0x000000c743400000)]
  0x0000029a59aa8ac0 JavaThread "Incoming local TCP Connector on port 55243" [_thread_in_native, id=4924, stack(0x000000c743400000,0x000000c743500000)]
  0x0000029a59aa8fd0 JavaThread "Daemon periodic checks" [_thread_blocked, id=6272, stack(0x000000c743500000,0x000000c743600000)]
  0x0000029a560f5ae0 JavaThread "Daemon" [_thread_blocked, id=7188, stack(0x000000c743600000,0x000000c743700000)]
  0x0000029a560fabe0 JavaThread "Handler for socket connection from /127.0.0.1:55243 to /127.0.0.1:55244" [_thread_in_native, id=9496, stack(0x000000c743700000,0x000000c743800000)]
  0x0000029a560f8d80 JavaThread "Cancel handler" [_thread_blocked, id=9292, stack(0x000000c743800000,0x000000c743900000)]
  0x0000029a560f50c0 JavaThread "Daemon worker" [_thread_in_vm, id=9352, stack(0x000000c743900000,0x000000c743a00000)]
  0x0000029a560fb0f0 JavaThread "Asynchronous log dispatcher for DefaultDaemonConnection: socket connection from /127.0.0.1:55243 to /127.0.0.1:55244" [_thread_blocked, id=84, stack(0x000000c743a00000,0x000000c743b00000)]
  0x0000029a5a129c00 JavaThread "Stdin handler" [_thread_blocked, id=11024, stack(0x000000c743b00000,0x000000c743c00000)]
  0x0000029a5a12a110 JavaThread "Daemon client event forwarder" [_thread_blocked, id=3624, stack(0x000000c743c00000,0x000000c743d00000)]
  0x0000029a5a126450 JavaThread "Cache worker for journal cache (C:\Users\Karim Benzema\.gradle\wrapper\dists\gradle-8.0-bin\caches\journal-1)" [_thread_blocked, id=10516, stack(0x000000c744000000,0x000000c744100000)]
  0x0000029a5a127da0 JavaThread "File lock request listener" [_thread_in_native, id=7744, stack(0x000000c744100000,0x000000c744200000)]
  0x0000029a5a12b550 JavaThread "Cache worker for file hash cache (C:\Users\Karim Benzema\.gradle\wrapper\dists\gradle-8.0-bin\caches\8.0\fileHashes)" [_thread_blocked, id=10404, stack(0x000000c742d00000,0x000000c742e00000)]
  0x0000029a5a127890 JavaThread "File watcher server" daemon [_thread_in_native, id=3252, stack(0x000000c744400000,0x000000c744500000)]
  0x0000029a5a12a620 JavaThread "File watcher consumer" daemon [_thread_blocked, id=8528, stack(0x000000c744500000,0x000000c744600000)]
  0x0000029a59aa7680 JavaThread "Cache worker for checksums cache (F:\MyMovie\.gradle\8.0\checksums)" [_thread_blocked, id=7800, stack(0x000000c744600000,0x000000c744700000)]
  0x0000029a59aa6750 JavaThread "Cache worker for cache directory md-rule (C:\Users\Karim Benzema\.gradle\wrapper\dists\gradle-8.0-bin\caches\8.0\md-rule)" [_thread_blocked, id=620, stack(0x000000c744700000,0x000000c744800000)]
  0x0000029a59aa2fa0 JavaThread "Cache worker for file content cache (C:\Users\Karim Benzema\.gradle\wrapper\dists\gradle-8.0-bin\caches\8.0\fileContent)" [_thread_blocked, id=2704, stack(0x000000c744800000,0x000000c744900000)]
  0x0000029a59aa5310 JavaThread "Cache worker for file hash cache (F:\MyMovie\.gradle\8.0\fileHashes)" [_thread_blocked, id=10120, stack(0x000000c744900000,0x000000c744a00000)]
  0x0000029a59aa39c0 JavaThread "Cache worker for cache directory md-supplier (C:\Users\Karim Benzema\.gradle\wrapper\dists\gradle-8.0-bin\caches\8.0\md-supplier)" [_thread_blocked, id=9960, stack(0x000000c744a00000,0x000000c744b00000)]
  0x0000029a59aa6240 JavaThread "Cache worker for execution history cache (C:\Users\Karim Benzema\.gradle\wrapper\dists\gradle-8.0-bin\caches\8.0\executionHistory)" [_thread_blocked, id=8304, stack(0x000000c744200000,0x000000c744300000)]
  0x0000029a59aa4e00 JavaThread "jar transforms" [_thread_blocked, id=3648, stack(0x000000c744b00000,0x000000c744c00000)]
  0x0000029a59aa99f0 JavaThread "jar transforms Thread 2" [_thread_blocked, id=7648, stack(0x000000c744c00000,0x000000c744d00000)]
  0x0000029a59aa43e0 JavaThread "jar transforms Thread 3" [_thread_blocked, id=11120, stack(0x000000c744f00000,0x000000c745000000)]
  0x0000029a59aa94e0 JavaThread "jar transforms Thread 4" [_thread_blocked, id=6996, stack(0x000000c745000000,0x000000c745100000)]
  0x0000029a59aa5d30 JavaThread "Cache worker for dependencies-accessors (F:\MyMovie\.gradle\8.0\dependencies-accessors)" [_thread_blocked, id=7156, stack(0x000000c745100000,0x000000c745200000)]
  0x0000029a59aa7b90 JavaThread "jar transforms Thread 5" [_thread_blocked, id=6792, stack(0x000000c744d00000,0x000000c744e00000)]
  0x0000029a59aa2580 JavaThread "Cache worker for Build Output Cleanup Cache (F:\MyMovie\.gradle\buildOutputCleanup)" [_thread_blocked, id=8688, stack(0x000000c745200000,0x000000c745300000)]
  0x0000029a59aa3ed0 JavaThread "Unconstrained build operations" [_thread_blocked, id=616, stack(0x000000c745300000,0x000000c745400000)]
  0x0000029a560f7940 JavaThread "Unconstrained build operations Thread 2" [_thread_blocked, id=8980, stack(0x000000c745400000,0x000000c745500000)]
  0x0000029a560f55d0 JavaThread "Unconstrained build operations Thread 3" [_thread_blocked, id=5688, stack(0x000000c745500000,0x000000c745600000)]
  0x0000029a560f8360 JavaThread "Unconstrained build operations Thread 4" [_thread_blocked, id=9224, stack(0x000000c745600000,0x000000c745700000)]
  0x0000029a560f5ff0 JavaThread "Unconstrained build operations Thread 5" [_thread_blocked, id=8228, stack(0x000000c745700000,0x000000c745800000)]
  0x0000029a560f6f20 JavaThread "Unconstrained build operations Thread 6" [_thread_blocked, id=6036, stack(0x000000c745800000,0x000000c745900000)]
  0x0000029a560fa1c0 JavaThread "Unconstrained build operations Thread 7" [_thread_blocked, id=1152, stack(0x000000c745900000,0x000000c745a00000)]
  0x0000029a560f6500 JavaThread "Unconstrained build operations Thread 8" [_thread_blocked, id=5000, stack(0x000000c745a00000,0x000000c745b00000)]
  0x0000029a560f4bb0 JavaThread "Unconstrained build operations Thread 9" [_thread_blocked, id=5860, stack(0x000000c745b00000,0x000000c745c00000)]
  0x0000029a560f6a10 JavaThread "Unconstrained build operations Thread 10" [_thread_blocked, id=948, stack(0x000000c745c00000,0x000000c745d00000)]
  0x0000029a560fc020 JavaThread "Unconstrained build operations Thread 11" [_thread_blocked, id=5188, stack(0x000000c745d00000,0x000000c745e00000)]
  0x0000029a560f9290 JavaThread "Unconstrained build operations Thread 12" [_thread_blocked, id=10840, stack(0x000000c745e00000,0x000000c745f00000)]
  0x0000029a560fbb10 JavaThread "Unconstrained build operations Thread 13" [_thread_blocked, id=2052, stack(0x000000c745f00000,0x000000c746000000)]
  0x0000029a560fc530 JavaThread "Unconstrained build operations Thread 14" [_thread_blocked, id=7816, stack(0x000000c746000000,0x000000c746100000)]
  0x0000029a560f97a0 JavaThread "Unconstrained build operations Thread 15" [_thread_blocked, id=652, stack(0x000000c746100000,0x000000c746200000)]
  0x0000029a560f9cb0 JavaThread "Unconstrained build operations Thread 16" [_thread_blocked, id=8448, stack(0x000000c746200000,0x000000c746300000)]
  0x0000029a560f7430 JavaThread "Unconstrained build operations Thread 17" [_thread_blocked, id=2192, stack(0x000000c746300000,0x000000c746400000)]
  0x0000029a560fa6d0 JavaThread "Unconstrained build operations Thread 18" [_thread_blocked, id=9272, stack(0x000000c746400000,0x000000c746500000)]
  0x0000029a560f7e50 JavaThread "Unconstrained build operations Thread 19" [_thread_blocked, id=9140, stack(0x000000c746500000,0x000000c746600000)]
  0x0000029a560fb600 JavaThread "Unconstrained build operations Thread 20" [_thread_blocked, id=4140, stack(0x000000c746600000,0x000000c746700000)]
  0x0000029a5a12b040 JavaThread "Unconstrained build operations Thread 21" [_thread_blocked, id=8988, stack(0x000000c746700000,0x000000c746800000)]
  0x0000029a5a1287c0 JavaThread "Unconstrained build operations Thread 22" [_thread_blocked, id=9188, stack(0x000000c746800000,0x000000c746900000)]
  0x0000029a5a1291e0 JavaThread "Unconstrained build operations Thread 23" [_thread_blocked, id=10492, stack(0x000000c746900000,0x000000c746a00000)]
  0x0000029a5a125520 JavaThread "Unconstrained build operations Thread 24" [_thread_blocked, id=3416, stack(0x000000c746a00000,0x000000c746b00000)]
  0x0000029a5a124b00 JavaThread "Unconstrained build operations Thread 25" [_thread_blocked, id=5744, stack(0x000000c746b00000,0x000000c746c00000)]
  0x0000029a5a12ba60 JavaThread "Unconstrained build operations Thread 26" [_thread_blocked, id=7768, stack(0x000000c746c00000,0x000000c746d00000)]
  0x0000029a5a1245f0 JavaThread "Unconstrained build operations Thread 27" [_thread_blocked, id=11156, stack(0x000000c746d00000,0x000000c746e00000)]
  0x0000029a5a12bf70 JavaThread "Unconstrained build operations Thread 28" [_thread_blocked, id=5848, stack(0x000000c746e00000,0x000000c746f00000)]
  0x0000029a5a1296f0 JavaThread "Unconstrained build operations Thread 29" [_thread_blocked, id=8484, stack(0x000000c746f00000,0x000000c747000000)]
  0x0000029a5a1282b0 JavaThread "Unconstrained build operations Thread 30" [_thread_blocked, id=6232, stack(0x000000c747000000,0x000000c747100000)]
  0x0000029a5a128cd0 JavaThread "Unconstrained build operations Thread 31" [_thread_blocked, id=6524, stack(0x000000c747100000,0x000000c747200000)]
  0x0000029a5a126e70 JavaThread "Unconstrained build operations Thread 32" [_thread_blocked, id=4948, stack(0x000000c747200000,0x000000c747300000)]
  0x0000029a5a125a30 JavaThread "Unconstrained build operations Thread 33" [_thread_blocked, id=3372, stack(0x000000c747300000,0x000000c747400000)]
  0x0000029a5a125010 JavaThread "Unconstrained build operations Thread 34" [_thread_blocked, id=5372, stack(0x000000c747400000,0x000000c747500000)]
  0x0000029a5a125f40 JavaThread "Unconstrained build operations Thread 35" [_thread_blocked, id=7412, stack(0x000000c747500000,0x000000c747600000)]
  0x0000029a5a126960 JavaThread "Unconstrained build operations Thread 36" [_thread_blocked, id=8008, stack(0x000000c747600000,0x000000c747700000)]
  0x0000029a5a127380 JavaThread "Unconstrained build operations Thread 37" [_thread_blocked, id=3352, stack(0x000000c747700000,0x000000c747800000)]
  0x0000029a5608c9c0 JavaThread "Unconstrained build operations Thread 38" [_thread_blocked, id=8732, stack(0x000000c747800000,0x000000c747900000)]
  0x0000029a5608ba90 JavaThread "Unconstrained build operations Thread 39" [_thread_blocked, id=5348, stack(0x000000c747900000,0x000000c747a00000)]
  0x0000029a5608de00 JavaThread "Unconstrained build operations Thread 40" [_thread_blocked, id=7384, stack(0x000000c747a00000,0x000000c747b00000)]
  0x0000029a5608f240 JavaThread "Unconstrained build operations Thread 41" [_thread_blocked, id=7952, stack(0x000000c747b00000,0x000000c747c00000)]
  0x0000029a5608e310 JavaThread "Unconstrained build operations Thread 42" [_thread_blocked, id=6076, stack(0x000000c747c00000,0x000000c747d00000)]
  0x0000029a5608ced0 JavaThread "Unconstrained build operations Thread 43" [_thread_blocked, id=7752, stack(0x000000c747d00000,0x000000c747e00000)]
  0x0000029a5608d3e0 JavaThread "Unconstrained build operations Thread 44" [_thread_blocked, id=3500, stack(0x000000c747e00000,0x000000c747f00000)]
  0x0000029a5608d8f0 JavaThread "Unconstrained build operations Thread 45" [_thread_blocked, id=1780, stack(0x000000c747f00000,0x000000c748000000)]
  0x0000029a5608e820 JavaThread "Unconstrained build operations Thread 46" [_thread_blocked, id=6172, stack(0x000000c748000000,0x000000c748100000)]
  0x0000029a59aa6c60 JavaThread "Unconstrained build operations Thread 47" [_thread_blocked, id=10796, stack(0x000000c748100000,0x000000c748200000)]
  0x0000029a5ddad010 JavaThread "Unconstrained build operations Thread 48" [_thread_blocked, id=1420, stack(0x000000c748200000,0x000000c748300000)]
  0x0000029a5ddb11e0 JavaThread "Unconstrained build operations Thread 49" [_thread_blocked, id=10636, stack(0x000000c748300000,0x000000c748400000)]
  0x0000029a5ddb2620 JavaThread "Unconstrained build operations Thread 50" [_thread_blocked, id=5712, stack(0x000000c748400000,0x000000c748500000)]
  0x0000029a5ddaf890 JavaThread "Unconstrained build operations Thread 51" [_thread_blocked, id=6668, stack(0x000000c748500000,0x000000c748600000)]
  0x0000029a5ddad520 JavaThread "Unconstrained build operations Thread 52" [_thread_blocked, id=6276, stack(0x000000c748600000,0x000000c748700000)]
  0x0000029a5ddac0e0 JavaThread "Unconstrained build operations Thread 53" [_thread_blocked, id=5752, stack(0x000000c748700000,0x000000c748800000)]
  0x0000029a5ddb2110 JavaThread "Unconstrained build operations Thread 54" [_thread_blocked, id=3696, stack(0x000000c748800000,0x000000c748900000)]
  0x0000029a5ddb3040 JavaThread "Unconstrained build operations Thread 55" [_thread_blocked, id=8740, stack(0x000000c748a00000,0x000000c748b00000)]
  0x0000029a5ddada30 JavaThread "Unconstrained build operations Thread 56" [_thread_blocked, id=10588, stack(0x000000c748b00000,0x000000c748c00000)]
  0x0000029a5ddb1c00 JavaThread "Unconstrained build operations Thread 57" [_thread_blocked, id=9204, stack(0x000000c748c00000,0x000000c748d00000)]
  0x0000029a5ddb2b30 JavaThread "Unconstrained build operations Thread 58" [_thread_blocked, id=6336, stack(0x000000c748d00000,0x000000c748e00000)]
  0x0000029a5ddb3550 JavaThread "Unconstrained build operations Thread 59" [_thread_blocked, id=7896, stack(0x000000c748e00000,0x000000c748f00000)]
  0x0000029a5ddb3a60 JavaThread "Unconstrained build operations Thread 60" [_thread_blocked, id=6628, stack(0x000000c748f00000,0x000000c749000000)]
  0x0000029a5ddaf380 JavaThread "Unconstrained build operations Thread 61" [_thread_blocked, id=9160, stack(0x000000c749000000,0x000000c749100000)]
  0x0000029a5ddadf40 JavaThread "Unconstrained build operations Thread 62" [_thread_blocked, id=8340, stack(0x000000c749100000,0x000000c749200000)]
  0x0000029a5ddafda0 JavaThread "Unconstrained build operations Thread 63" [_thread_blocked, id=7380, stack(0x000000c749200000,0x000000c749300000)]
  0x0000029a5ddb02b0 JavaThread "Unconstrained build operations Thread 64" [_thread_blocked, id=10324, stack(0x000000c749300000,0x000000c749400000)]
  0x0000029a5ddac5f0 JavaThread "Unconstrained build operations Thread 65" [_thread_blocked, id=2660, stack(0x000000c749400000,0x000000c749500000)]
  0x0000029a5ddb07c0 JavaThread "Unconstrained build operations Thread 66" [_thread_blocked, id=9524, stack(0x000000c749500000,0x000000c749600000)]
  0x0000029a5ddae450 JavaThread "Unconstrained build operations Thread 67" [_thread_blocked, id=6584, stack(0x000000c749600000,0x000000c749700000)]
  0x0000029a5ddb0cd0 JavaThread "Unconstrained build operations Thread 68" [_thread_blocked, id=7324, stack(0x000000c749700000,0x000000c749800000)]
  0x0000029a5ddb16f0 JavaThread "Unconstrained build operations Thread 69" [_thread_blocked, id=476, stack(0x000000c749800000,0x000000c749900000)]
  0x0000029a5ddacb00 JavaThread "Unconstrained build operations Thread 70" [_thread_blocked, id=3656, stack(0x000000c749900000,0x000000c749a00000)]
  0x0000029a5ddae960 JavaThread "Unconstrained build operations Thread 71" [_thread_blocked, id=9880, stack(0x000000c749a00000,0x000000c749b00000)]
  0x0000029a5ddaee70 JavaThread "Unconstrained build operations Thread 72" [_thread_blocked, id=6464, stack(0x000000c749b00000,0x000000c749c00000)]
  0x0000029a5d358810 JavaThread "Unconstrained build operations Thread 73" [_thread_blocked, id=6004, stack(0x000000c749c00000,0x000000c749d00000)]
  0x0000029a5d354130 JavaThread "Unconstrained build operations Thread 74" [_thread_blocked, id=8452, stack(0x000000c749d00000,0x000000c749e00000)]
  0x0000029a5d3573d0 JavaThread "Unconstrained build operations Thread 75" [_thread_blocked, id=2268, stack(0x000000c749e00000,0x000000c749f00000)]
  0x0000029a5d356ec0 JavaThread "Unconstrained build operations Thread 76" [_thread_blocked, id=6788, stack(0x000000c749f00000,0x000000c74a000000)]
  0x0000029a5d35a670 JavaThread "Unconstrained build operations Thread 77" [_thread_blocked, id=2692, stack(0x000000c74a000000,0x000000c74a100000)]
  0x0000029a5d354640 JavaThread "Unconstrained build operations Thread 78" [_thread_blocked, id=7556, stack(0x000000c74a100000,0x000000c74a200000)]
  0x0000029a5d355060 JavaThread "Unconstrained build operations Thread 79" [_thread_blocked, id=496, stack(0x000000c74a200000,0x000000c74a300000)]
  0x0000029a5d358d20 JavaThread "Unconstrained build operations Thread 80" [_thread_blocked, id=5836, stack(0x000000c74a300000,0x000000c74a400000)]
  0x0000029a5d359c50 JavaThread "jar transforms Thread 6" [_thread_blocked, id=2744, stack(0x000000c74a400000,0x000000c74a500000)]
  0x0000029a5d359230 JavaThread "jar transforms Thread 7" [_thread_blocked, id=9624, stack(0x000000c74a500000,0x000000c74a600000)]
  0x0000029a5d359740 JavaThread "jar transforms Thread 8" [_thread_blocked, id=10420, stack(0x000000c74a600000,0x000000c74a700000)]
  0x0000029a5d3564a0 JavaThread "build event listener" [_thread_blocked, id=2536, stack(0x000000c74a700000,0x000000c74a800000)]
  0x0000029a5d35b090 JavaThread "Memory manager" [_thread_blocked, id=5580, stack(0x000000c74a800000,0x000000c74a900000)]
  0x0000029a5a271a90 JavaThread "C2 CompilerThread1" daemon [_thread_blocked, id=8312, stack(0x000000c744300000,0x000000c744400000)]
  0x0000029a5a26d030 JavaThread "C2 CompilerThread2" daemon [_thread_blocked, id=10196, stack(0x000000c748900000,0x000000c748a00000)]

Other Threads:
  0x0000029a550f1510 VMThread "VM Thread" [stack: 0x000000c742000000,0x000000c742100000] [id=10220]
  0x0000029a5604d860 WatcherThread [stack: 0x000000c742c00000,0x000000c742d00000] [id=6236]
  0x0000029a3b046a30 GCTaskThread "GC Thread#0" [stack: 0x000000c741b00000,0x000000c741c00000] [id=2184]
  0x0000029a564bce80 GCTaskThread "GC Thread#1" [stack: 0x000000c742e00000,0x000000c742f00000] [id=2104]
  0x0000029a564bd170 GCTaskThread "GC Thread#2" [stack: 0x000000c742f00000,0x000000c743000000] [id=3340]
  0x0000029a564dd9d0 GCTaskThread "GC Thread#3" [stack: 0x000000c743000000,0x000000c743100000] [id=2820]
  0x0000029a551957d0 GCTaskThread "GC Thread#4" [stack: 0x000000c743100000,0x000000c743200000] [id=1220]
  0x0000029a5924e3c0 GCTaskThread "GC Thread#5" [stack: 0x000000c743200000,0x000000c743300000] [id=1336]
  0x0000029a5924e0d0 GCTaskThread "GC Thread#6" [stack: 0x000000c743d00000,0x000000c743e00000] [id=4076]
  0x0000029a5924d800 GCTaskThread "GC Thread#7" [stack: 0x000000c743e00000,0x000000c743f00000] [id=3304]
  0x0000029a523a92e0 ConcurrentGCThread "G1 Main Marker" [stack: 0x000000c741c00000,0x000000c741d00000] [id=10280]
  0x0000029a523a9ba0 ConcurrentGCThread "G1 Conc#0" [stack: 0x000000c741d00000,0x000000c741e00000] [id=1908]
  0x0000029a5924d220 ConcurrentGCThread "G1 Conc#1" [stack: 0x000000c743f00000,0x000000c744000000] [id=7052]
  0x0000029a52486270 ConcurrentGCThread "G1 Refine#0" [stack: 0x000000c741e00000,0x000000c741f00000] [id=6048]
  0x0000029a5d83b210 ConcurrentGCThread "G1 Refine#1" [stack: 0x000000c744e00000,0x000000c744f00000] [id=7684]
  0x0000029a524879d0 ConcurrentGCThread "G1 Service" [stack: 0x000000c741f00000,0x000000c742000000] [id=5164]

Threads with active compile tasks:
C2 CompilerThread0    18909 8986       4       java.lang.Class::annotationData (44 bytes)

VM state: not at safepoint (normal execution)

VM Mutex/Monitor currently owned by a thread: None

Heap address: 0x0000000080000000, size: 2048 MB, Compressed Oops mode: 32-bit

CDS archive(s) not mapped
Compressed class space mapped at: 0x0000000100000000-0x0000000140000000, reserved size: 1073741824
Narrow klass base: 0x0000000000000000, Narrow klass shift: 3, Narrow klass range: 0x140000000

GC Precious Log:
 CPUs: 8 total, 8 available
 Memory: 10178M
 Large Page Support: Disabled
 NUMA Support: Disabled
 Compressed Oops: Enabled (32-bit)
 Heap Region Size: 1M
 Heap Min Capacity: 8M
 Heap Initial Capacity: 160M
 Heap Max Capacity: 2G
 Pre-touch: Disabled
 Parallel Workers: 8
 Concurrent Workers: 2
 Concurrent Refinement Workers: 8
 Periodic GC: Disabled

Heap:
 garbage-first heap   total 167936K, used 127765K [0x0000000080000000, 0x0000000100000000)
  region size 1024K, 59 young (60416K), 8 survivors (8192K)
 Metaspace       used 89455K, committed 89984K, reserved 1130496K
  class space    used 12220K, committed 12480K, reserved 1048576K

Heap Regions: E=young(eden), S=young(survivor), O=old, HS=humongous(starts), HC=humongous(continues), CS=collection set, F=free, OA=open archive, CA=closed archive, TAMS=top-at-mark-start (previous, next)
|   0|0x0000000080000000, 0x0000000080100000, 0x0000000080100000|100%|HS|  |TAMS 0x0000000080100000, 0x0000000080000000| Complete 
|   1|0x0000000080100000, 0x0000000080200000, 0x0000000080200000|100%|HC|  |TAMS 0x0000000080200000, 0x0000000080100000| Complete 
|   2|0x0000000080200000, 0x0000000080300000, 0x0000000080300000|100%|HC|  |TAMS 0x0000000080300000, 0x0000000080200000| Complete 
|   3|0x0000000080300000, 0x0000000080400000, 0x0000000080400000|100%|HC|  |TAMS 0x0000000080400000, 0x0000000080300000| Complete 
|   4|0x0000000080400000, 0x0000000080500000, 0x0000000080500000|100%| O|  |TAMS 0x0000000080500000, 0x0000000080400000| Untracked 
|   5|0x0000000080500000, 0x0000000080600000, 0x0000000080600000|100%| O|  |TAMS 0x0000000080600000, 0x0000000080500000| Untracked 
|   6|0x0000000080600000, 0x0000000080700000, 0x0000000080700000|100%| O|  |TAMS 0x0000000080700000, 0x0000000080600000| Untracked 
|   7|0x0000000080700000, 0x0000000080800000, 0x0000000080800000|100%| O|  |TAMS 0x0000000080800000, 0x0000000080700000| Untracked 
|   8|0x0000000080800000, 0x0000000080900000, 0x0000000080900000|100%| O|  |TAMS 0x0000000080900000, 0x0000000080800000| Untracked 
|   9|0x0000000080900000, 0x0000000080a00000, 0x0000000080a00000|100%| O|  |TAMS 0x0000000080a00000, 0x0000000080900000| Untracked 
|  10|0x0000000080a00000, 0x0000000080b00000, 0x0000000080b00000|100%| O|  |TAMS 0x0000000080b00000, 0x0000000080a00000| Untracked 
|  11|0x0000000080b00000, 0x0000000080c00000, 0x0000000080c00000|100%| O|  |TAMS 0x0000000080b00000, 0x0000000080b00000| Untracked 
|  12|0x0000000080c00000, 0x0000000080d00000, 0x0000000080d00000|100%| O|  |TAMS 0x0000000080d00000, 0x0000000080c00000| Untracked 
|  13|0x0000000080d00000, 0x0000000080e00000, 0x0000000080e00000|100%| O|  |TAMS 0x0000000080e00000, 0x0000000080d00000| Untracked 
|  14|0x0000000080e00000, 0x0000000080f00000, 0x0000000080f00000|100%| O|  |TAMS 0x0000000080f00000, 0x0000000080e00000| Untracked 
|  15|0x0000000080f00000, 0x0000000081000000, 0x0000000081000000|100%| O|  |TAMS 0x0000000081000000, 0x0000000080f00000| Untracked 
|  16|0x0000000081000000, 0x0000000081100000, 0x0000000081100000|100%| O|  |TAMS 0x0000000081100000, 0x0000000081000000| Untracked 
|  17|0x0000000081100000, 0x0000000081200000, 0x0000000081200000|100%| O|  |TAMS 0x0000000081200000, 0x0000000081100000| Untracked 
|  18|0x0000000081200000, 0x0000000081300000, 0x0000000081300000|100%| O|  |TAMS 0x0000000081300000, 0x0000000081200000| Untracked 
|  19|0x0000000081300000, 0x0000000081400000, 0x0000000081400000|100%| O|  |TAMS 0x0000000081400000, 0x0000000081300000| Untracked 
|  20|0x0000000081400000, 0x0000000081500000, 0x0000000081500000|100%| O|  |TAMS 0x0000000081500000, 0x0000000081400000| Untracked 
|  21|0x0000000081500000, 0x0000000081600000, 0x0000000081600000|100%| O|  |TAMS 0x0000000081600000, 0x0000000081500000| Untracked 
|  22|0x0000000081600000, 0x0000000081700000, 0x0000000081700000|100%| O|  |TAMS 0x0000000081700000, 0x0000000081600000| Untracked 
|  23|0x0000000081700000, 0x0000000081800000, 0x0000000081800000|100%| O|  |TAMS 0x0000000081700000, 0x0000000081700000| Untracked 
|  24|0x0000000081800000, 0x0000000081900000, 0x0000000081900000|100%| O|  |TAMS 0x0000000081900000, 0x0000000081800000| Untracked 
|  25|0x0000000081900000, 0x0000000081a00000, 0x0000000081a00000|100%| O|  |TAMS 0x0000000081a00000, 0x0000000081900000| Untracked 
|  26|0x0000000081a00000, 0x0000000081b00000, 0x0000000081b00000|100%| O|  |TAMS 0x0000000081b00000, 0x0000000081a00000| Untracked 
|  27|0x0000000081b00000, 0x0000000081c00000, 0x0000000081c00000|100%| O|  |TAMS 0x0000000081c00000, 0x0000000081b00000| Untracked 
|  28|0x0000000081c00000, 0x0000000081d00000, 0x0000000081d00000|100%| O|  |TAMS 0x0000000081d00000, 0x0000000081c00000| Untracked 
|  29|0x0000000081d00000, 0x0000000081e00000, 0x0000000081e00000|100%| O|  |TAMS 0x0000000081e00000, 0x0000000081d00000| Untracked 
|  30|0x0000000081e00000, 0x0000000081f00000, 0x0000000081f00000|100%| O|  |TAMS 0x0000000081f00000, 0x0000000081e00000| Untracked 
|  31|0x0000000081f00000, 0x0000000082000000, 0x0000000082000000|100%| O|  |TAMS 0x0000000082000000, 0x0000000081f00000| Untracked 
|  32|0x0000000082000000, 0x0000000082100000, 0x0000000082100000|100%| O|  |TAMS 0x0000000082100000, 0x0000000082000000| Untracked 
|  33|0x0000000082100000, 0x0000000082200000, 0x0000000082200000|100%| O|  |TAMS 0x0000000082200000, 0x0000000082100000| Untracked 
|  34|0x0000000082200000, 0x0000000082300000, 0x0000000082300000|100%|HS|  |TAMS 0x0000000082300000, 0x0000000082200000| Complete 
|  35|0x0000000082300000, 0x0000000082400000, 0x0000000082400000|100%|HS|  |TAMS 0x0000000082400000, 0x0000000082300000| Complete 
|  36|0x0000000082400000, 0x0000000082500000, 0x0000000082500000|100%|HC|  |TAMS 0x0000000082500000, 0x0000000082400000| Complete 
|  37|0x0000000082500000, 0x0000000082600000, 0x0000000082600000|100%|HS|  |TAMS 0x0000000082600000, 0x0000000082500000| Complete 
|  38|0x0000000082600000, 0x0000000082700000, 0x0000000082700000|100%| O|  |TAMS 0x0000000082700000, 0x0000000082600000| Untracked 
|  39|0x0000000082700000, 0x0000000082800000, 0x0000000082800000|100%| O|  |TAMS 0x0000000082800000, 0x0000000082700000| Untracked 
|  40|0x0000000082800000, 0x0000000082900000, 0x0000000082900000|100%| O|  |TAMS 0x0000000082900000, 0x0000000082800000| Untracked 
|  41|0x0000000082900000, 0x0000000082a00000, 0x0000000082a00000|100%| O|  |TAMS 0x0000000082a00000, 0x0000000082900000| Untracked 
|  42|0x0000000082a00000, 0x0000000082b00000, 0x0000000082b00000|100%| O|  |TAMS 0x0000000082b00000, 0x0000000082a00000| Untracked 
|  43|0x0000000082b00000, 0x0000000082c00000, 0x0000000082c00000|100%|HS|  |TAMS 0x0000000082c00000, 0x0000000082b00000| Complete 
|  44|0x0000000082c00000, 0x0000000082d00000, 0x0000000082d00000|100%|HC|  |TAMS 0x0000000082d00000, 0x0000000082c00000| Complete 
|  45|0x0000000082d00000, 0x0000000082e00000, 0x0000000082e00000|100%|HC|  |TAMS 0x0000000082e00000, 0x0000000082d00000| Complete 
|  46|0x0000000082e00000, 0x0000000082f00000, 0x0000000082f00000|100%|HC|  |TAMS 0x0000000082f00000, 0x0000000082e00000| Complete 
|  47|0x0000000082f00000, 0x0000000083000000, 0x0000000083000000|100%| O|  |TAMS 0x0000000083000000, 0x0000000082f00000| Untracked 
|  48|0x0000000083000000, 0x0000000083100000, 0x0000000083100000|100%| O|  |TAMS 0x0000000083100000, 0x0000000083000000| Untracked 
|  49|0x0000000083100000, 0x0000000083200000, 0x0000000083200000|100%| O|  |TAMS 0x0000000083200000, 0x0000000083100000| Untracked 
|  50|0x0000000083200000, 0x0000000083300000, 0x0000000083300000|100%| O|  |TAMS 0x0000000083300000, 0x0000000083200000| Untracked 
|  51|0x0000000083300000, 0x0000000083400000, 0x0000000083400000|100%| O|  |TAMS 0x0000000083400000, 0x0000000083300000| Untracked 
|  52|0x0000000083400000, 0x0000000083500000, 0x0000000083500000|100%| O|  |TAMS 0x0000000083500000, 0x0000000083400000| Untracked 
|  53|0x0000000083500000, 0x0000000083600000, 0x0000000083600000|100%| O|  |TAMS 0x0000000083600000, 0x0000000083500000| Untracked 
|  54|0x0000000083600000, 0x0000000083700000, 0x0000000083700000|100%| O|  |TAMS 0x0000000083700000, 0x0000000083600000| Untracked 
|  55|0x0000000083700000, 0x0000000083800000, 0x0000000083800000|100%| O|  |TAMS 0x0000000083800000, 0x0000000083700000| Untracked 
|  56|0x0000000083800000, 0x0000000083900000, 0x0000000083900000|100%| O|  |TAMS 0x0000000083900000, 0x0000000083800000| Untracked 
|  57|0x0000000083900000, 0x0000000083a00000, 0x0000000083a00000|100%| O|  |TAMS 0x000000008394ee00, 0x0000000083900000| Untracked 
|  58|0x0000000083a00000, 0x0000000083b00000, 0x0000000083b00000|100%| O|  |TAMS 0x0000000083a00000, 0x0000000083a00000| Untracked 
|  59|0x0000000083b00000, 0x0000000083c00000, 0x0000000083c00000|100%| O|  |TAMS 0x0000000083b00000, 0x0000000083b00000| Untracked 
|  60|0x0000000083c00000, 0x0000000083d00000, 0x0000000083d00000|100%| O|  |TAMS 0x0000000083c00000, 0x0000000083c00000| Untracked 
|  61|0x0000000083d00000, 0x0000000083e00000, 0x0000000083e00000|100%| O|  |TAMS 0x0000000083d00000, 0x0000000083d00000| Untracked 
|  62|0x0000000083e00000, 0x0000000083f00000, 0x0000000083f00000|100%| O|  |TAMS 0x0000000083e00000, 0x0000000083e00000| Untracked 
|  63|0x0000000083f00000, 0x0000000084000000, 0x0000000084000000|100%| O|  |TAMS 0x0000000083f00000, 0x0000000083f00000| Untracked 
|  64|0x0000000084000000, 0x0000000084100000, 0x0000000084100000|100%| O|  |TAMS 0x0000000084000000, 0x0000000084000000| Untracked 
|  65|0x0000000084100000, 0x0000000084200000, 0x0000000084200000|100%| O|  |TAMS 0x0000000084100000, 0x0000000084100000| Untracked 
|  66|0x0000000084200000, 0x0000000084300000, 0x0000000084300000|100%| O|  |TAMS 0x0000000084200000, 0x0000000084200000| Untracked 
|  67|0x0000000084300000, 0x0000000084390200, 0x0000000084400000| 56%| O|  |TAMS 0x0000000084300000, 0x0000000084300000| Untracked 
|  68|0x0000000084400000, 0x0000000084400000, 0x0000000084500000|  0%| F|  |TAMS 0x0000000084400000, 0x0000000084400000| Untracked 
|  69|0x0000000084500000, 0x0000000084500000, 0x0000000084600000|  0%| F|  |TAMS 0x0000000084500000, 0x0000000084500000| Untracked 
|  70|0x0000000084600000, 0x0000000084600000, 0x0000000084700000|  0%| F|  |TAMS 0x0000000084600000, 0x0000000084600000| Untracked 
|  71|0x0000000084700000, 0x0000000084700000, 0x0000000084800000|  0%| F|  |TAMS 0x0000000084700000, 0x0000000084700000| Untracked 
|  72|0x0000000084800000, 0x0000000084800000, 0x0000000084900000|  0%| F|  |TAMS 0x0000000084800000, 0x0000000084800000| Untracked 
|  73|0x0000000084900000, 0x0000000084900000, 0x0000000084a00000|  0%| F|  |TAMS 0x0000000084900000, 0x0000000084900000| Untracked 
|  74|0x0000000084a00000, 0x0000000084a00000, 0x0000000084b00000|  0%| F|  |TAMS 0x0000000084a00000, 0x0000000084a00000| Untracked 
|  75|0x0000000084b00000, 0x0000000084b00000, 0x0000000084c00000|  0%| F|  |TAMS 0x0000000084b00000, 0x0000000084b00000| Untracked 
|  76|0x0000000084c00000, 0x0000000084c00000, 0x0000000084d00000|  0%| F|  |TAMS 0x0000000084c00000, 0x0000000084c00000| Untracked 
|  77|0x0000000084d00000, 0x0000000084d00000, 0x0000000084e00000|  0%| F|  |TAMS 0x0000000084d00000, 0x0000000084d00000| Untracked 
|  78|0x0000000084e00000, 0x0000000084e00000, 0x0000000084f00000|  0%| F|  |TAMS 0x0000000084e00000, 0x0000000084e00000| Untracked 
|  79|0x0000000084f00000, 0x0000000084f00000, 0x0000000085000000|  0%| F|  |TAMS 0x0000000084f00000, 0x0000000084f00000| Untracked 
|  80|0x0000000085000000, 0x0000000085000000, 0x0000000085100000|  0%| F|  |TAMS 0x0000000085000000, 0x0000000085000000| Untracked 
|  81|0x0000000085100000, 0x0000000085100000, 0x0000000085200000|  0%| F|  |TAMS 0x0000000085100000, 0x0000000085100000| Untracked 
|  82|0x0000000085200000, 0x0000000085200000, 0x0000000085300000|  0%| F|  |TAMS 0x0000000085200000, 0x0000000085200000| Untracked 
|  83|0x0000000085300000, 0x0000000085300000, 0x0000000085400000|  0%| F|  |TAMS 0x0000000085300000, 0x0000000085300000| Untracked 
|  84|0x0000000085400000, 0x0000000085400000, 0x0000000085500000|  0%| F|  |TAMS 0x0000000085400000, 0x0000000085400000| Untracked 
|  85|0x0000000085500000, 0x0000000085500000, 0x0000000085600000|  0%| F|  |TAMS 0x0000000085500000, 0x0000000085500000| Untracked 
|  86|0x0000000085600000, 0x0000000085600000, 0x0000000085700000|  0%| F|  |TAMS 0x0000000085600000, 0x0000000085600000| Untracked 
|  87|0x0000000085700000, 0x0000000085700000, 0x0000000085800000|  0%| F|  |TAMS 0x0000000085700000, 0x0000000085700000| Untracked 
|  88|0x0000000085800000, 0x0000000085800000, 0x0000000085900000|  0%| F|  |TAMS 0x0000000085800000, 0x0000000085800000| Untracked 
|  89|0x0000000085900000, 0x0000000085900000, 0x0000000085a00000|  0%| F|  |TAMS 0x0000000085900000, 0x0000000085900000| Untracked 
|  90|0x0000000085a00000, 0x0000000085a00000, 0x0000000085b00000|  0%| F|  |TAMS 0x0000000085a00000, 0x0000000085a00000| Untracked 
|  91|0x0000000085b00000, 0x0000000085b00000, 0x0000000085c00000|  0%| F|  |TAMS 0x0000000085b00000, 0x0000000085b00000| Untracked 
|  92|0x0000000085c00000, 0x0000000085c00000, 0x0000000085d00000|  0%| F|  |TAMS 0x0000000085c00000, 0x0000000085c00000| Untracked 
|  93|0x0000000085d00000, 0x0000000085d00000, 0x0000000085e00000|  0%| F|  |TAMS 0x0000000085d00000, 0x0000000085d00000| Untracked 
|  94|0x0000000085e00000, 0x0000000085e00000, 0x0000000085f00000|  0%| F|  |TAMS 0x0000000085e00000, 0x0000000085e00000| Untracked 
|  95|0x0000000085f00000, 0x0000000085f00000, 0x0000000086000000|  0%| F|  |TAMS 0x0000000085f00000, 0x0000000085f00000| Untracked 
|  96|0x0000000086000000, 0x0000000086000000, 0x0000000086100000|  0%| F|  |TAMS 0x0000000086000000, 0x0000000086000000| Untracked 
|  97|0x0000000086100000, 0x0000000086100000, 0x0000000086200000|  0%| F|  |TAMS 0x0000000086100000, 0x0000000086100000| Untracked 
|  98|0x0000000086200000, 0x0000000086235470, 0x0000000086300000| 20%| S|CS|TAMS 0x0000000086200000, 0x0000000086200000| Complete 
|  99|0x0000000086300000, 0x0000000086400000, 0x0000000086400000|100%| S|CS|TAMS 0x0000000086300000, 0x0000000086300000| Complete 
| 100|0x0000000086400000, 0x0000000086500000, 0x0000000086500000|100%| S|CS|TAMS 0x0000000086400000, 0x0000000086400000| Complete 
| 101|0x0000000086500000, 0x0000000086600000, 0x0000000086600000|100%| S|CS|TAMS 0x0000000086500000, 0x0000000086500000| Complete 
| 102|0x0000000086600000, 0x0000000086700000, 0x0000000086700000|100%| S|CS|TAMS 0x0000000086600000, 0x0000000086600000| Complete 
| 103|0x0000000086700000, 0x0000000086800000, 0x0000000086800000|100%| S|CS|TAMS 0x0000000086700000, 0x0000000086700000| Complete 
| 104|0x0000000086800000, 0x0000000086900000, 0x0000000086900000|100%| S|CS|TAMS 0x0000000086800000, 0x0000000086800000| Complete 
| 105|0x0000000086900000, 0x0000000086a00000, 0x0000000086a00000|100%| S|CS|TAMS 0x0000000086900000, 0x0000000086900000| Complete 
| 106|0x0000000086a00000, 0x0000000086a00000, 0x0000000086b00000|  0%| F|  |TAMS 0x0000000086a00000, 0x0000000086a00000| Untracked 
| 107|0x0000000086b00000, 0x0000000086b00000, 0x0000000086c00000|  0%| F|  |TAMS 0x0000000086b00000, 0x0000000086b00000| Untracked 
| 108|0x0000000086c00000, 0x0000000086c00000, 0x0000000086d00000|  0%| F|  |TAMS 0x0000000086c00000, 0x0000000086c00000| Untracked 
| 109|0x0000000086d00000, 0x0000000086d00000, 0x0000000086e00000|  0%| F|  |TAMS 0x0000000086d00000, 0x0000000086d00000| Untracked 
| 110|0x0000000086e00000, 0x0000000086e00000, 0x0000000086f00000|  0%| F|  |TAMS 0x0000000086e00000, 0x0000000086e00000| Untracked 
| 111|0x0000000086f00000, 0x0000000086f00000, 0x0000000087000000|  0%| F|  |TAMS 0x0000000086f00000, 0x0000000086f00000| Untracked 
| 112|0x0000000087000000, 0x0000000087000000, 0x0000000087100000|  0%| F|  |TAMS 0x0000000087000000, 0x0000000087000000| Untracked 
| 113|0x0000000087100000, 0x0000000087200000, 0x0000000087200000|100%| E|  |TAMS 0x0000000087100000, 0x0000000087100000| Complete 
| 114|0x0000000087200000, 0x0000000087300000, 0x0000000087300000|100%| E|CS|TAMS 0x0000000087200000, 0x0000000087200000| Complete 
| 115|0x0000000087300000, 0x0000000087400000, 0x0000000087400000|100%| E|CS|TAMS 0x0000000087300000, 0x0000000087300000| Complete 
| 116|0x0000000087400000, 0x0000000087500000, 0x0000000087500000|100%| E|CS|TAMS 0x0000000087400000, 0x0000000087400000| Complete 
| 117|0x0000000087500000, 0x0000000087600000, 0x0000000087600000|100%| E|CS|TAMS 0x0000000087500000, 0x0000000087500000| Complete 
| 118|0x0000000087600000, 0x0000000087700000, 0x0000000087700000|100%| E|CS|TAMS 0x0000000087600000, 0x0000000087600000| Complete 
| 119|0x0000000087700000, 0x0000000087800000, 0x0000000087800000|100%| E|CS|TAMS 0x0000000087700000, 0x0000000087700000| Complete 
| 120|0x0000000087800000, 0x0000000087900000, 0x0000000087900000|100%| E|CS|TAMS 0x0000000087800000, 0x0000000087800000| Complete 
| 121|0x0000000087900000, 0x0000000087a00000, 0x0000000087a00000|100%| E|CS|TAMS 0x0000000087900000, 0x0000000087900000| Complete 
| 122|0x0000000087a00000, 0x0000000087b00000, 0x0000000087b00000|100%| E|CS|TAMS 0x0000000087a00000, 0x0000000087a00000| Complete 
| 123|0x0000000087b00000, 0x0000000087c00000, 0x0000000087c00000|100%| E|CS|TAMS 0x0000000087b00000, 0x0000000087b00000| Complete 
| 124|0x0000000087c00000, 0x0000000087d00000, 0x0000000087d00000|100%| E|CS|TAMS 0x0000000087c00000, 0x0000000087c00000| Complete 
| 125|0x0000000087d00000, 0x0000000087e00000, 0x0000000087e00000|100%| E|CS|TAMS 0x0000000087d00000, 0x0000000087d00000| Complete 
| 126|0x0000000087e00000, 0x0000000087f00000, 0x0000000087f00000|100%| E|CS|TAMS 0x0000000087e00000, 0x0000000087e00000| Complete 
| 127|0x0000000087f00000, 0x0000000088000000, 0x0000000088000000|100%| E|CS|TAMS 0x0000000087f00000, 0x0000000087f00000| Complete 
| 128|0x0000000088000000, 0x0000000088100000, 0x0000000088100000|100%| E|CS|TAMS 0x0000000088000000, 0x0000000088000000| Complete 
| 129|0x0000000088100000, 0x0000000088200000, 0x0000000088200000|100%| E|CS|TAMS 0x0000000088100000, 0x0000000088100000| Complete 
| 130|0x0000000088200000, 0x0000000088300000, 0x0000000088300000|100%| E|CS|TAMS 0x0000000088200000, 0x0000000088200000| Complete 
| 131|0x0000000088300000, 0x0000000088400000, 0x0000000088400000|100%| E|CS|TAMS 0x0000000088300000, 0x0000000088300000| Complete 
| 132|0x0000000088400000, 0x0000000088500000, 0x0000000088500000|100%| E|CS|TAMS 0x0000000088400000, 0x0000000088400000| Complete 
| 133|0x0000000088500000, 0x0000000088600000, 0x0000000088600000|100%| E|CS|TAMS 0x0000000088500000, 0x0000000088500000| Complete 
| 134|0x0000000088600000, 0x0000000088700000, 0x0000000088700000|100%| E|CS|TAMS 0x0000000088600000, 0x0000000088600000| Complete 
| 135|0x0000000088700000, 0x0000000088800000, 0x0000000088800000|100%| E|CS|TAMS 0x0000000088700000, 0x0000000088700000| Complete 
| 136|0x0000000088800000, 0x0000000088900000, 0x0000000088900000|100%| E|CS|TAMS 0x0000000088800000, 0x0000000088800000| Complete 
| 137|0x0000000088900000, 0x0000000088a00000, 0x0000000088a00000|100%| E|CS|TAMS 0x0000000088900000, 0x0000000088900000| Complete 
| 138|0x0000000088a00000, 0x0000000088b00000, 0x0000000088b00000|100%| E|CS|TAMS 0x0000000088a00000, 0x0000000088a00000| Complete 
| 139|0x0000000088b00000, 0x0000000088c00000, 0x0000000088c00000|100%| E|CS|TAMS 0x0000000088b00000, 0x0000000088b00000| Complete 
| 140|0x0000000088c00000, 0x0000000088d00000, 0x0000000088d00000|100%| E|CS|TAMS 0x0000000088c00000, 0x0000000088c00000| Complete 
| 141|0x0000000088d00000, 0x0000000088e00000, 0x0000000088e00000|100%| E|CS|TAMS 0x0000000088d00000, 0x0000000088d00000| Complete 
| 142|0x0000000088e00000, 0x0000000088f00000, 0x0000000088f00000|100%| E|CS|TAMS 0x0000000088e00000, 0x0000000088e00000| Complete 
| 143|0x0000000088f00000, 0x0000000089000000, 0x0000000089000000|100%| E|CS|TAMS 0x0000000088f00000, 0x0000000088f00000| Complete 
| 144|0x0000000089000000, 0x0000000089100000, 0x0000000089100000|100%| E|CS|TAMS 0x0000000089000000, 0x0000000089000000| Complete 
| 145|0x0000000089100000, 0x0000000089200000, 0x0000000089200000|100%| E|CS|TAMS 0x0000000089100000, 0x0000000089100000| Complete 
| 146|0x0000000089200000, 0x0000000089300000, 0x0000000089300000|100%| E|CS|TAMS 0x0000000089200000, 0x0000000089200000| Complete 
| 147|0x0000000089300000, 0x0000000089400000, 0x0000000089400000|100%| E|CS|TAMS 0x0000000089300000, 0x0000000089300000| Complete 
| 148|0x0000000089400000, 0x0000000089500000, 0x0000000089500000|100%| E|CS|TAMS 0x0000000089400000, 0x0000000089400000| Complete 
| 149|0x0000000089500000, 0x0000000089600000, 0x0000000089600000|100%| E|CS|TAMS 0x0000000089500000, 0x0000000089500000| Complete 
| 150|0x0000000089600000, 0x0000000089700000, 0x0000000089700000|100%| E|CS|TAMS 0x0000000089600000, 0x0000000089600000| Complete 
| 151|0x0000000089700000, 0x0000000089800000, 0x0000000089800000|100%| E|CS|TAMS 0x0000000089700000, 0x0000000089700000| Complete 
| 152|0x0000000089800000, 0x0000000089900000, 0x0000000089900000|100%| E|CS|TAMS 0x0000000089800000, 0x0000000089800000| Complete 
| 153|0x0000000089900000, 0x0000000089a00000, 0x0000000089a00000|100%| E|CS|TAMS 0x0000000089900000, 0x0000000089900000| Complete 
| 154|0x0000000089a00000, 0x0000000089b00000, 0x0000000089b00000|100%| E|CS|TAMS 0x0000000089a00000, 0x0000000089a00000| Complete 
| 155|0x0000000089b00000, 0x0000000089c00000, 0x0000000089c00000|100%| E|CS|TAMS 0x0000000089b00000, 0x0000000089b00000| Complete 
| 156|0x0000000089c00000, 0x0000000089d00000, 0x0000000089d00000|100%| E|CS|TAMS 0x0000000089c00000, 0x0000000089c00000| Complete 
| 157|0x0000000089d00000, 0x0000000089e00000, 0x0000000089e00000|100%| E|CS|TAMS 0x0000000089d00000, 0x0000000089d00000| Complete 
| 158|0x0000000089e00000, 0x0000000089f00000, 0x0000000089f00000|100%| E|CS|TAMS 0x0000000089e00000, 0x0000000089e00000| Complete 
| 159|0x0000000089f00000, 0x000000008a000000, 0x000000008a000000|100%| E|CS|TAMS 0x0000000089f00000, 0x0000000089f00000| Complete 
| 160|0x000000008a000000, 0x000000008a100000, 0x000000008a100000|100%| E|CS|TAMS 0x000000008a000000, 0x000000008a000000| Complete 
| 161|0x000000008a100000, 0x000000008a200000, 0x000000008a200000|100%| E|CS|TAMS 0x000000008a100000, 0x000000008a100000| Complete 
| 162|0x000000008a200000, 0x000000008a300000, 0x000000008a300000|100%| E|CS|TAMS 0x000000008a200000, 0x000000008a200000| Complete 
| 163|0x000000008a300000, 0x000000008a400000, 0x000000008a400000|100%| E|CS|TAMS 0x000000008a300000, 0x000000008a300000| Complete 

Card table byte_map: [0x0000029a4db80000,0x0000029a4df80000] _byte_map_base: 0x0000029a4d780000

Marking Bits (Prev, Next): (CMBitMap*) 0x0000029a523a0960, (CMBitMap*) 0x0000029a523a09a0
 Prev Bits: [0x0000029a4e380000, 0x0000029a50380000)
 Next Bits: [0x0000029a50380000, 0x0000029a52380000)

Polling page: 0x0000029a38c20000

Metaspace:

Usage:
  Non-class:     75.54 MB used.
      Class:     11.95 MB used.
       Both:     87.49 MB used.

Virtual space:
  Non-class space:       80.00 MB reserved,      75.81 MB ( 95%) committed,  10 nodes.
      Class space:        1.00 GB reserved,      12.25 MB (  1%) committed,  1 nodes.
             Both:        1.08 GB reserved,      88.06 MB (  8%) committed. 

Chunk freelists:
   Non-Class:  3.45 MB
       Class:  3.79 MB
        Both:  7.24 MB

MaxMetaspaceSize: unlimited
CompressedClassSpaceSize: 1.00 GB
Initial GC threshold: 21.00 MB
Current GC threshold: 103.06 MB
CDS: off
MetaspaceReclaimPolicy: balanced
 - commit_granule_bytes: 65536.
 - commit_granule_words: 8192.
 - virtual_space_node_default_size: 1048576.
 - enlarge_chunks_in_place: 1.
 - new_chunks_are_fully_committed: 0.
 - uncommit_free_chunks: 1.
 - use_allocation_guard: 0.
 - handle_deallocations: 1.


Internal statistics:

num_allocs_failed_limit: 6.
num_arena_births: 754.
num_arena_deaths: 0.
num_vsnodes_births: 11.
num_vsnodes_deaths: 0.
num_space_committed: 1409.
num_space_uncommitted: 0.
num_chunks_returned_to_freelist: 6.
num_chunks_taken_from_freelist: 3966.
num_chunk_merges: 6.
num_chunk_splits: 2655.
num_chunks_enlarged: 1820.
num_purges: 0.
num_inconsistent_stats: 0.

CodeHeap 'non-profiled nmethods': size=120000Kb used=5340Kb max_used=5340Kb free=114659Kb
 bounds [0x0000029a45f20000, 0x0000029a46460000, 0x0000029a4d450000]
CodeHeap 'profiled nmethods': size=120000Kb used=16212Kb max_used=16212Kb free=103787Kb
 bounds [0x0000029a3e450000, 0x0000029a3f430000, 0x0000029a45980000]
CodeHeap 'non-nmethods': size=5760Kb used=2384Kb max_used=2445Kb free=3375Kb
 bounds [0x0000029a45980000, 0x0000029a45bf0000, 0x0000029a45f20000]
 total_blobs=9175 nmethods=8262 adapters=825
 compilation: enabled
              stopped_count=0, restarted_count=0
 full_count=0

Compilation events (20 events):
Event: 18.816 Thread 0x0000029a5a26d030 9073       4       java.util.AbstractCollection::addAll (42 bytes)
Event: 18.817 Thread 0x0000029a55cbd580 nmethod 9071 0x0000029a3f406b10 code [0x0000029a3f406dc0, 0x0000029a3f407a88]
Event: 18.817 Thread 0x0000029a55cbd580 9072       3       com.sun.xml.bind.v2.model.impl.ClassInfoImpl$PropertySorter::checkedGet (199 bytes)
Event: 18.819 Thread 0x0000029a55cbd580 nmethod 9072 0x0000029a3f407f90 code [0x0000029a3f408380, 0x0000029a3f40a588]
Event: 18.819 Thread 0x0000029a55cbd580 9075       3       com.sun.xml.bind.v2.model.impl.ClassInfoImpl::ensureNoAnnotation (76 bytes)
Event: 18.820 Thread 0x0000029a55cbd580 nmethod 9075 0x0000029a3f40b090 code [0x0000029a3f40b300, 0x0000029a3f40bdf8]
Event: 18.820 Thread 0x0000029a55cbd580 9074   !   3       sun.reflect.annotation.AnnotationParser::parseClassValue (56 bytes)
Event: 18.821 Thread 0x0000029a55cbd580 nmethod 9074 0x0000029a3f40c290 code [0x0000029a3f40c4c0, 0x0000029a3f40cb28]
Event: 18.821 Thread 0x0000029a55cbd580 9077       1       com.sun.xml.bind.v2.model.impl.ClassInfoImpl::access$100 (5 bytes)
Event: 18.821 Thread 0x0000029a55cbd580 nmethod 9077 0x0000029a4644fc10 code [0x0000029a4644fda0, 0x0000029a4644fe58]
Event: 18.821 Thread 0x0000029a55cbd580 9078       3       com.sun.xml.bind.v2.model.impl.FieldPropertySeed::getName (17 bytes)
Event: 18.821 Thread 0x0000029a55cbd580 nmethod 9078 0x0000029a3f40ce10 code [0x0000029a3f40cfe0, 0x0000029a3f40d378]
Event: 18.821 Thread 0x0000029a55cbd580 9079       3       com.sun.xml.bind.v2.model.nav.ReflectionNavigator::getFieldName (9 bytes)
Event: 18.821 Thread 0x0000029a55cbd580 nmethod 9079 0x0000029a3f40d590 code [0x0000029a3f40d740, 0x0000029a3f40d9b8]
Event: 18.821 Thread 0x0000029a55cbd580 9080       3       com.sun.xml.bind.v2.model.nav.ReflectionNavigator::getFieldName (5 bytes)
Event: 18.821 Thread 0x0000029a55cbd580 nmethod 9080 0x0000029a3f40da90 code [0x0000029a3f40dc20, 0x0000029a3f40dd58]
Event: 18.822 Thread 0x0000029a55cbd580 9076       3       java.util.TreeSet::<init> (10 bytes)
Event: 18.822 Thread 0x0000029a55cbd580 nmethod 9076 0x0000029a3f40de10 code [0x0000029a3f40dfc0, 0x0000029a3f40e238]
Event: 18.822 Thread 0x0000029a55cbd580 9081   !   3       jdk.proxy4.$Proxy112::annotationType (29 bytes)
Event: 18.822 Thread 0x0000029a55cbd580 nmethod 9081 0x0000029a3f40e310 code [0x0000029a3f40e4e0, 0x0000029a3f40e8b8]

GC Heap History (20 events):
Event: 11.113 GC heap before
{Heap before GC invocations=18 (full 0):
 garbage-first heap   total 97280K, used 73831K [0x0000000080000000, 0x0000000100000000)
  region size 1024K, 20 young (20480K), 3 survivors (3072K)
 Metaspace       used 56012K, committed 56512K, reserved 1105920K
  class space    used 7429K, committed 7616K, reserved 1048576K
}
Event: 11.117 GC heap after
{Heap after GC invocations=19 (full 0):
 garbage-first heap   total 97280K, used 57252K [0x0000000080000000, 0x0000000100000000)
  region size 1024K, 1 young (1024K), 1 survivors (1024K)
 Metaspace       used 56012K, committed 56512K, reserved 1105920K
  class space    used 7429K, committed 7616K, reserved 1048576K
}
Event: 11.717 GC heap before
{Heap before GC invocations=20 (full 0):
 garbage-first heap   total 101376K, used 74660K [0x0000000080000000, 0x0000000100000000)
  region size 1024K, 19 young (19456K), 1 survivors (1024K)
 Metaspace       used 58949K, committed 59520K, reserved 1105920K
  class space    used 7800K, committed 8064K, reserved 1048576K
}
Event: 11.722 GC heap after
{Heap after GC invocations=21 (full 0):
 garbage-first heap   total 101376K, used 57884K [0x0000000080000000, 0x0000000100000000)
  region size 1024K, 2 young (2048K), 2 survivors (2048K)
 Metaspace       used 58949K, committed 59520K, reserved 1105920K
  class space    used 7800K, committed 8064K, reserved 1048576K
}
Event: 11.775 GC heap before
{Heap before GC invocations=21 (full 0):
 garbage-first heap   total 101376K, used 59932K [0x0000000080000000, 0x0000000100000000)
  region size 1024K, 4 young (4096K), 2 survivors (2048K)
 Metaspace       used 59109K, committed 59648K, reserved 1105920K
  class space    used 7828K, committed 8064K, reserved 1048576K
}
Event: 11.780 GC heap after
{Heap after GC invocations=22 (full 0):
 garbage-first heap   total 101376K, used 57315K [0x0000000080000000, 0x0000000100000000)
  region size 1024K, 1 young (1024K), 1 survivors (1024K)
 Metaspace       used 59109K, committed 59648K, reserved 1105920K
  class space    used 7828K, committed 8064K, reserved 1048576K
}
Event: 12.320 GC heap before
{Heap before GC invocations=22 (full 0):
 garbage-first heap   total 101376K, used 71651K [0x0000000080000000, 0x0000000100000000)
  region size 1024K, 16 young (16384K), 1 survivors (1024K)
 Metaspace       used 62728K, committed 63232K, reserved 1105920K
  class space    used 8287K, committed 8512K, reserved 1048576K
}
Event: 12.324 GC heap after
{Heap after GC invocations=23 (full 0):
 garbage-first heap   total 101376K, used 59083K [0x0000000080000000, 0x0000000100000000)
  region size 1024K, 2 young (2048K), 2 survivors (2048K)
 Metaspace       used 62728K, committed 63232K, reserved 1105920K
  class space    used 8287K, committed 8512K, reserved 1048576K
}
Event: 12.669 GC heap before
{Heap before GC invocations=24 (full 0):
 garbage-first heap   total 128000K, used 83659K [0x0000000080000000, 0x0000000100000000)
  region size 1024K, 20 young (20480K), 2 survivors (2048K)
 Metaspace       used 63666K, committed 64192K, reserved 1105920K
  class space    used 8420K, committed 8640K, reserved 1048576K
}
Event: 12.674 GC heap after
{Heap after GC invocations=25 (full 0):
 garbage-first heap   total 128000K, used 60985K [0x0000000080000000, 0x0000000100000000)
  region size 1024K, 3 young (3072K), 3 survivors (3072K)
 Metaspace       used 63666K, committed 64192K, reserved 1105920K
  class space    used 8420K, committed 8640K, reserved 1048576K
}
Event: 12.821 GC heap before
{Heap before GC invocations=25 (full 0):
 garbage-first heap   total 128000K, used 64057K [0x0000000080000000, 0x0000000100000000)
  region size 1024K, 6 young (6144K), 3 survivors (3072K)
 Metaspace       used 64022K, committed 64512K, reserved 1105920K
  class space    used 8455K, committed 8640K, reserved 1048576K
}
Event: 12.829 GC heap after
{Heap after GC invocations=26 (full 0):
 garbage-first heap   total 167936K, used 61742K [0x0000000080000000, 0x0000000100000000)
  region size 1024K, 1 young (1024K), 1 survivors (1024K)
 Metaspace       used 64022K, committed 64512K, reserved 1105920K
  class space    used 8455K, committed 8640K, reserved 1048576K
}
Event: 13.959 GC heap before
{Heap before GC invocations=26 (full 0):
 garbage-first heap   total 167936K, used 112942K [0x0000000080000000, 0x0000000100000000)
  region size 1024K, 50 young (51200K), 1 survivors (1024K)
 Metaspace       used 68792K, committed 69376K, reserved 1114112K
  class space    used 9070K, committed 9344K, reserved 1048576K
}
Event: 13.964 GC heap after
{Heap after GC invocations=27 (full 0):
 garbage-first heap   total 167936K, used 64676K [0x0000000080000000, 0x0000000100000000)
  region size 1024K, 4 young (4096K), 4 survivors (4096K)
 Metaspace       used 68792K, committed 69376K, reserved 1114112K
  class space    used 9070K, committed 9344K, reserved 1048576K
}
Event: 14.857 GC heap before
{Heap before GC invocations=27 (full 0):
 garbage-first heap   total 167936K, used 120996K [0x0000000080000000, 0x0000000100000000)
  region size 1024K, 59 young (60416K), 4 survivors (4096K)
 Metaspace       used 71249K, committed 71808K, reserved 1114112K
  class space    used 9401K, committed 9664K, reserved 1048576K
}
Event: 14.868 GC heap after
{Heap after GC invocations=28 (full 0):
 garbage-first heap   total 167936K, used 69267K [0x0000000080000000, 0x0000000100000000)
  region size 1024K, 8 young (8192K), 8 survivors (8192K)
 Metaspace       used 71249K, committed 71808K, reserved 1114112K
  class space    used 9401K, committed 9664K, reserved 1048576K
}
Event: 16.394 GC heap before
{Heap before GC invocations=28 (full 0):
 garbage-first heap   total 167936K, used 124563K [0x0000000080000000, 0x0000000100000000)
  region size 1024K, 62 young (63488K), 8 survivors (8192K)
 Metaspace       used 77576K, committed 78208K, reserved 1122304K
  class space    used 10503K, committed 10816K, reserved 1048576K
}
Event: 16.404 GC heap after
{Heap after GC invocations=29 (full 0):
 garbage-first heap   total 167936K, used 73110K [0x0000000080000000, 0x0000000100000000)
  region size 1024K, 4 young (4096K), 4 survivors (4096K)
 Metaspace       used 77576K, committed 78208K, reserved 1122304K
  class space    used 10503K, committed 10816K, reserved 1048576K
}
Event: 17.589 GC heap before
{Heap before GC invocations=29 (full 0):
 garbage-first heap   total 167936K, used 128406K [0x0000000080000000, 0x0000000100000000)
  region size 1024K, 58 young (59392K), 4 survivors (4096K)
 Metaspace       used 84322K, committed 84864K, reserved 1122304K
  class space    used 11455K, committed 11712K, reserved 1048576K
}
Event: 17.599 GC heap after
{Heap after GC invocations=30 (full 0):
 garbage-first heap   total 167936K, used 76565K [0x0000000080000000, 0x0000000100000000)
  region size 1024K, 8 young (8192K), 8 survivors (8192K)
 Metaspace       used 84322K, committed 84864K, reserved 1122304K
  class space    used 11455K, committed 11712K, reserved 1048576K
}

Dll operation events (2 events):
Event: 0.009 Loaded shared library C:\Program Files\Android\Android Studio\jbr\bin\java.dll
Event: 0.508 Loaded shared library C:\Program Files\Android\Android Studio\jbr\bin\verify.dll

Deoptimization events (20 events):
Event: 18.714 Thread 0x0000029a560f50c0 Uncommon trap: trap_request=0xffffffc6 fr.pc=0x0000029a463f2278 relative=0x0000000000003618
Event: 18.714 Thread 0x0000029a560f50c0 Uncommon trap: reason=bimorphic_or_optimized_type_check action=maybe_recompile pc=0x0000029a463f2278 method=java.util.AbstractCollection.addAll(Ljava/util/Collection;)Z @ 29 c2
Event: 18.714 Thread 0x0000029a560f50c0 DEOPT PACKING pc=0x0000029a463f2278 sp=0x000000c7439f7610
Event: 18.714 Thread 0x0000029a560f50c0 DEOPT UNPACKING pc=0x0000029a459d69a3 sp=0x000000c7439f7600 mode 2
Event: 18.730 Thread 0x0000029a560f50c0 Uncommon trap: trap_request=0xffffffc6 fr.pc=0x0000029a463f2278 relative=0x0000000000003618
Event: 18.730 Thread 0x0000029a560f50c0 Uncommon trap: reason=bimorphic_or_optimized_type_check action=maybe_recompile pc=0x0000029a463f2278 method=java.util.AbstractCollection.addAll(Ljava/util/Collection;)Z @ 29 c2
Event: 18.730 Thread 0x0000029a560f50c0 DEOPT PACKING pc=0x0000029a463f2278 sp=0x000000c7439f6fe0
Event: 18.730 Thread 0x0000029a560f50c0 DEOPT UNPACKING pc=0x0000029a459d69a3 sp=0x000000c7439f6fd0 mode 2
Event: 18.733 Thread 0x0000029a560f50c0 Uncommon trap: trap_request=0xffffffc6 fr.pc=0x0000029a463f2278 relative=0x0000000000003618
Event: 18.733 Thread 0x0000029a560f50c0 Uncommon trap: reason=bimorphic_or_optimized_type_check action=maybe_recompile pc=0x0000029a463f2278 method=java.util.AbstractCollection.addAll(Ljava/util/Collection;)Z @ 29 c2
Event: 18.733 Thread 0x0000029a560f50c0 DEOPT PACKING pc=0x0000029a463f2278 sp=0x000000c7439f6fe0
Event: 18.734 Thread 0x0000029a560f50c0 DEOPT UNPACKING pc=0x0000029a459d69a3 sp=0x000000c7439f6fd0 mode 2
Event: 18.739 Thread 0x0000029a560f50c0 Uncommon trap: trap_request=0xffffffc6 fr.pc=0x0000029a463f2278 relative=0x0000000000003618
Event: 18.739 Thread 0x0000029a560f50c0 Uncommon trap: reason=bimorphic_or_optimized_type_check action=maybe_recompile pc=0x0000029a463f2278 method=java.util.AbstractCollection.addAll(Ljava/util/Collection;)Z @ 29 c2
Event: 18.739 Thread 0x0000029a560f50c0 DEOPT PACKING pc=0x0000029a463f2278 sp=0x000000c7439f6fe0
Event: 18.739 Thread 0x0000029a560f50c0 DEOPT UNPACKING pc=0x0000029a459d69a3 sp=0x000000c7439f6fd0 mode 2
Event: 18.742 Thread 0x0000029a560f50c0 Uncommon trap: trap_request=0xfffffff4 fr.pc=0x0000029a462bb3fc relative=0x000000000000213c
Event: 18.742 Thread 0x0000029a560f50c0 Uncommon trap: reason=null_check action=make_not_entrant pc=0x0000029a462bb3fc method=java.lang.Class.createAnnotationData(I)Ljava/lang/Class$AnnotationData; @ 14 c2
Event: 18.742 Thread 0x0000029a560f50c0 DEOPT PACKING pc=0x0000029a462bb3fc sp=0x000000c7439f64f0
Event: 18.742 Thread 0x0000029a560f50c0 DEOPT UNPACKING pc=0x0000029a459d69a3 sp=0x000000c7439f6470 mode 2

Classes unloaded (0 events):
No events

Classes redefined (0 events):
No events

Internal exceptions (20 events):
Event: 16.313 Thread 0x0000029a560f50c0 Exception <a 'java/lang/ClassNotFoundException'{0x00000000871b2f38}: com/android/build/gradle/internal/api/BaseVariantOutputImplBeanInfo> (0x00000000871b2f38) 
thrown [s\src\hotspot\share\classfile\systemDictionary.cpp, line 256]
Event: 16.313 Thread 0x0000029a560f50c0 Exception <a 'java/lang/ClassNotFoundException'{0x00000000871bfda0}: com/android/build/gradle/internal/api/BaseVariantOutputImplCustomizer> (0x00000000871bfda0) 
thrown [s\src\hotspot\share\classfile\systemDictionary.cpp, line 256]
Event: 16.315 Thread 0x0000029a560f50c0 Exception <a 'java/lang/ClassNotFoundException'{0x00000000871df660}: com/android/build/gradle/internal/api/ApkVariantOutputImplCustomizer> (0x00000000871df660) 
thrown [s\src\hotspot\share\classfile\systemDictionary.cpp, line 256]
Event: 16.317 Thread 0x0000029a560f50c0 Exception <a 'java/lang/ClassNotFoundException'{0x00000000871f8e58}: com/android/build/gradle/internal/api/ApkVariantOutputImpl_DecoratedCustomizer> (0x00000000871f8e58) 
thrown [s\src\hotspot\share\classfile\systemDictionary.cpp, line 256]
Event: 17.006 Thread 0x0000029a560f50c0 Exception <a 'java/lang/ClassNotFoundException'{0x0000000088234c28}: com/android/build/gradle/internal/api/ReadOnlyBuildTypeBeanInfo> (0x0000000088234c28) 
thrown [s\src\hotspot\share\classfile\systemDictionary.cpp, line 256]
Event: 17.006 Thread 0x0000029a560f50c0 Exception <a 'java/lang/ClassNotFoundException'{0x00000000882425b0}: com/android/build/gradle/internal/api/ReadOnlyBaseConfigBeanInfo> (0x00000000882425b0) 
thrown [s\src\hotspot\share\classfile\systemDictionary.cpp, line 256]
Event: 17.007 Thread 0x0000029a560f50c0 Exception <a 'java/lang/ClassNotFoundException'{0x000000008824ff58}: com/android/build/gradle/internal/api/ReadOnlyBaseConfigCustomizer> (0x000000008824ff58) 
thrown [s\src\hotspot\share\classfile\systemDictionary.cpp, line 256]
Event: 17.009 Thread 0x0000029a560f50c0 Exception <a 'java/lang/ClassNotFoundException'{0x000000008826e4a8}: com/android/build/gradle/internal/api/ReadOnlyBuildTypeCustomizer> (0x000000008826e4a8) 
thrown [s\src\hotspot\share\classfile\systemDictionary.cpp, line 256]
Event: 17.091 Thread 0x0000029a560f50c0 Exception <a 'java/lang/NoSuchMethodError'{0x0000000087f63288}: 'void java.lang.invoke.DirectMethodHandle$Holder.invokeStatic(java.lang.Object, java.lang.Object, java.lang.Object, java.lang.Object, java.lang.Object, java.lang.Object, java.lang.Object)'> (0x0000000087f63288) 
thrown [s\src\hotspot\share\interpreter\linkResolver.cpp, line 771]
Event: 17.093 Thread 0x0000029a560f50c0 Exception <a 'java/lang/NoSuchMethodError'{0x0000000087f70d28}: 'void java.lang.invoke.DirectMethodHandle$Holder.invokeStatic(java.lang.Object, java.lang.Object, java.lang.Object, java.lang.Object, java.lang.Object, java.lang.Object, java.lang.Object, java.lang.Object)'> (0x0000000087f70d28) 
thrown [s\src\hotspot\share\interpreter\linkResolver.cpp, line 771]
Event: 17.662 Thread 0x0000029a560f50c0 Implicit null exception at 0x0000029a46392ee6 to 0x0000029a46393794
Event: 17.662 Thread 0x0000029a560f50c0 Implicit null exception at 0x0000029a463983db to 0x0000029a46398464
Event: 17.662 Thread 0x0000029a560f50c0 Implicit null exception at 0x0000029a46392ee6 to 0x0000029a46393794
Event: 17.664 Thread 0x0000029a560f50c0 Implicit null exception at 0x0000029a46392ee6 to 0x0000029a46393794
Event: 17.664 Thread 0x0000029a560f50c0 Implicit null exception at 0x0000029a46392ee6 to 0x0000029a46393794
Event: 17.825 Thread 0x0000029a560f50c0 Implicit null exception at 0x0000029a4620fd8f to 0x0000029a46210494
Event: 17.825 Thread 0x0000029a560f50c0 Implicit null exception at 0x0000029a46215514 to 0x0000029a46215ba8
Event: 18.387 Thread 0x0000029a560f50c0 Exception <a 'sun/nio/fs/WindowsException'{0x00000000886397e0}> (0x00000000886397e0) 
thrown [s\src\hotspot\share\prims\jni.cpp, line 517]
Event: 18.547 Thread 0x0000029a560f50c0 Exception <a 'java/lang/NullPointerException'{0x0000000087fe3938}> (0x0000000087fe3938) 
thrown [s\src\hotspot\share\interpreter\linkResolver.cpp, line 1447]
Event: 18.742 Thread 0x0000029a560f50c0 Implicit null exception at 0x0000029a462b9390 to 0x0000029a462bb3d4

VM Operations (20 events):
Event: 16.394 Executing VM operation: G1CollectForAllocation
Event: 16.404 Executing VM operation: G1CollectForAllocation done
Event: 17.125 Executing VM operation: HandshakeAllThreads
Event: 17.126 Executing VM operation: HandshakeAllThreads done
Event: 17.345 Executing VM operation: HandshakeAllThreads
Event: 17.345 Executing VM operation: HandshakeAllThreads done
Event: 17.448 Executing VM operation: HandshakeAllThreads
Event: 17.449 Executing VM operation: HandshakeAllThreads done
Event: 17.449 Executing VM operation: Cleanup
Event: 17.450 Executing VM operation: Cleanup done
Event: 17.555 Executing VM operation: HandshakeAllThreads
Event: 17.556 Executing VM operation: HandshakeAllThreads done
Event: 17.589 Executing VM operation: G1CollectForAllocation
Event: 17.600 Executing VM operation: G1CollectForAllocation done
Event: 17.814 Executing VM operation: HandshakeAllThreads
Event: 17.815 Executing VM operation: HandshakeAllThreads done
Event: 17.988 Executing VM operation: ICBufferFull
Event: 17.988 Executing VM operation: ICBufferFull done
Event: 18.347 Executing VM operation: ICBufferFull
Event: 18.347 Executing VM operation: ICBufferFull done

Events (20 events):
Event: 18.576 loading class java/awt/image/WritableRenderedImage done
Event: 18.576 loading class java/awt/image/BufferedImage done
Event: 18.577 loading class java/awt/Graphics2D
Event: 18.577 loading class java/awt/Graphics2D done
Event: 18.580 loading class java/awt/datatransfer/Transferable
Event: 18.580 loading class java/awt/datatransfer/Transferable done
Event: 18.583 loading class javax/xml/transform/Result
Event: 18.583 loading class javax/xml/transform/Result done
Event: 18.584 loading class javax/xml/datatype/XMLGregorianCalendar
Event: 18.584 loading class javax/xml/datatype/XMLGregorianCalendar done
Event: 18.595 loading class javax/xml/namespace/NamespaceContext
Event: 18.596 loading class javax/xml/namespace/NamespaceContext done
Event: 18.597 loading class javax/xml/datatype/Duration
Event: 18.598 loading class javax/xml/datatype/Duration done
Event: 18.698 loading class java/lang/Short$ShortCache
Event: 18.698 loading class java/lang/Short$ShortCache done
Event: 18.737 loading class jdk/internal/ValueBased
Event: 18.737 loading class jdk/internal/ValueBased done
Event: 18.757 loading class java/lang/Package$1PackageInfoProxy
Event: 18.757 loading class java/lang/Package$1PackageInfoProxy done


Dynamic libraries:
0x00007ff729b30000 - 0x00007ff729b3a000 	C:\Program Files\Android\Android Studio\jbr\bin\java.exe
0x00007ffe2d410000 - 0x00007ffe2d608000 	C:\Windows\SYSTEM32\ntdll.dll
0x00007ffe2d310000 - 0x00007ffe2d3cf000 	C:\Windows\System32\KERNEL32.DLL
0x00007ffe2ab20000 - 0x00007ffe2ae16000 	C:\Windows\System32\KERNELBASE.dll
0x00007ffe275b0000 - 0x00007ffe27641000 	C:\Windows\SYSTEM32\apphelp.dll
0x00007ffdf1ef0000 - 0x00007ffdf2386000 	C:\Windows\SYSTEM32\AcLayers.DLL
0x00007ffe2be90000 - 0x00007ffe2bf2e000 	C:\Windows\System32\msvcrt.dll
0x00007ffe2c520000 - 0x00007ffe2c6bd000 	C:\Windows\System32\USER32.dll
0x00007ffe2b030000 - 0x00007ffe2b052000 	C:\Windows\System32\win32u.dll
0x00007ffe2d0c0000 - 0x00007ffe2d0ec000 	C:\Windows\System32\GDI32.dll
0x00007ffe2b220000 - 0x00007ffe2b335000 	C:\Windows\System32\gdi32full.dll
0x00007ffe2b340000 - 0x00007ffe2b3dd000 	C:\Windows\System32\msvcp_win.dll
0x00007ffe2b120000 - 0x00007ffe2b220000 	C:\Windows\System32\ucrtbase.dll
0x00007ffe2b520000 - 0x00007ffe2bc64000 	C:\Windows\System32\SHELL32.dll
0x00007ffe2cd30000 - 0x00007ffe2cd85000 	C:\Windows\System32\SHLWAPI.dll
0x00007ffe2b470000 - 0x00007ffe2b51f000 	C:\Windows\System32\ADVAPI32.dll
0x00007ffe2cfa0000 - 0x00007ffe2d03c000 	C:\Windows\System32\sechost.dll
0x00007ffe2bc80000 - 0x00007ffe2bda6000 	C:\Windows\System32\RPCRT4.dll
0x0000029a38990000 - 0x0000029a38993000 	C:\Windows\SYSTEM32\sfc.dll
0x00007ffe0e3f0000 - 0x00007ffe0e48d000 	C:\Windows\SYSTEM32\WINSPOOL.DRV
0x00007ffe2c070000 - 0x00007ffe2c3c4000 	C:\Windows\System32\combase.dll
0x00007ffe2bf30000 - 0x00007ffe2bfdd000 	C:\Windows\System32\shcore.dll
0x00007ffe162a0000 - 0x00007ffe162b2000 	C:\Windows\SYSTEM32\sfc_os.DLL
0x00007ffe24cb0000 - 0x00007ffe24cc1000 	C:\Windows\SYSTEM32\SortWindows61.dll
0x00007ffe2c3d0000 - 0x00007ffe2c400000 	C:\Windows\System32\IMM32.DLL
0x00007ffe24ed0000 - 0x00007ffe24ee7000 	C:\Program Files\Android\Android Studio\jbr\bin\jli.dll
0x00007ffe24e70000 - 0x00007ffe24e8b000 	C:\Program Files\Android\Android Studio\jbr\bin\VCRUNTIME140.dll
0x00007ffe29e70000 - 0x00007ffe2a10a000 	C:\Windows\WinSxS\amd64_microsoft.windows.common-controls_6595b64144ccf1df_6.0.19041.1110_none_60b5254171f9507e\COMCTL32.dll
0x00007ffe25920000 - 0x00007ffe2592c000 	C:\Program Files\Android\Android Studio\jbr\bin\vcruntime140_1.dll
0x00007ffe23240000 - 0x00007ffe232cd000 	C:\Program Files\Android\Android Studio\jbr\bin\msvcp140.dll
0x00007ffded940000 - 0x00007ffdee5ad000 	C:\Program Files\Android\Android Studio\jbr\bin\server\jvm.dll
0x00007ffe259a0000 - 0x00007ffe259a9000 	C:\Windows\SYSTEM32\WSOCK32.dll
0x00007ffe2a640000 - 0x00007ffe2a667000 	C:\Windows\SYSTEM32\WINMM.dll
0x00007ffe22860000 - 0x00007ffe2286a000 	C:\Windows\SYSTEM32\VERSION.dll
0x00007ffe2d2a0000 - 0x00007ffe2d30b000 	C:\Windows\System32\WS2_32.dll
0x00007ffe27ba0000 - 0x00007ffe27bb2000 	C:\Windows\SYSTEM32\kernel.appcore.dll
0x00007ffe24350000 - 0x00007ffe2435a000 	C:\Program Files\Android\Android Studio\jbr\bin\jimage.dll
0x00007ffe2a400000 - 0x00007ffe2a5e4000 	C:\Windows\SYSTEM32\DBGHELP.DLL
0x00007ffe2a220000 - 0x00007ffe2a254000 	C:\Windows\SYSTEM32\dbgcore.DLL
0x00007ffe2b3e0000 - 0x00007ffe2b462000 	C:\Windows\System32\bcryptPrimitives.dll
0x00007ffe23a10000 - 0x00007ffe23a35000 	C:\Program Files\Android\Android Studio\jbr\bin\java.dll
0x00007ffe239f0000 - 0x00007ffe23a08000 	C:\Program Files\Android\Android Studio\jbr\bin\zip.dll
0x00007ffe27da0000 - 0x00007ffe28534000 	C:\Windows\SYSTEM32\windows.storage.dll
0x00007ffe29dd0000 - 0x00007ffe29dfe000 	C:\Windows\SYSTEM32\Wldp.dll
0x00007ffe2aa20000 - 0x00007ffe2aa45000 	C:\Windows\SYSTEM32\profapi.dll
0x00007ffe234b0000 - 0x00007ffe234c9000 	C:\Program Files\Android\Android Studio\jbr\bin\net.dll
0x00007ffe21fd0000 - 0x00007ffe220da000 	C:\Windows\SYSTEM32\WINHTTP.dll
0x00007ffe29c70000 - 0x00007ffe29cda000 	C:\Windows\system32\mswsock.dll
0x00007ffe23490000 - 0x00007ffe234a6000 	C:\Program Files\Android\Android Studio\jbr\bin\nio.dll
0x00007ffe23130000 - 0x00007ffe23140000 	C:\Program Files\Android\Android Studio\jbr\bin\verify.dll
0x00007ffe23520000 - 0x00007ffe23547000 	C:\Users\Karim Benzema\.gradle\wrapper\dists\gradle-8.0-bin\native\68d5fa5c4cc2d200863cafc0d521ce42e7d3e7ee720ec0a83991735586a16f82\windows-amd64\native-platform.dll
0x00007ffdf6020000 - 0x00007ffdf6164000 	C:\Users\Karim Benzema\.gradle\wrapper\dists\gradle-8.0-bin\native\e376f236ea51e6404a007f0833ffe2c6e607c4080706a723a18a27aeea778392\windows-amd64\native-platform-file-events.dll
0x00007ffe23fc0000 - 0x00007ffe23fc9000 	C:\Program Files\Android\Android Studio\jbr\bin\management.dll
0x00007ffe23da0000 - 0x00007ffe23dab000 	C:\Program Files\Android\Android Studio\jbr\bin\management_ext.dll
0x00007ffe2c510000 - 0x00007ffe2c518000 	C:\Windows\System32\PSAPI.DLL
0x00007ffe2a790000 - 0x00007ffe2a7a8000 	C:\Windows\SYSTEM32\CRYPTSP.dll
0x00007ffe294b0000 - 0x00007ffe294e4000 	C:\Windows\system32\rsaenh.dll
0x00007ffe2aaf0000 - 0x00007ffe2ab17000 	C:\Windows\System32\bcrypt.dll
0x00007ffe2a9e0000 - 0x00007ffe2aa0e000 	C:\Windows\SYSTEM32\USERENV.dll
0x00007ffe29d90000 - 0x00007ffe29d9c000 	C:\Windows\SYSTEM32\CRYPTBASE.dll
0x00007ffe29820000 - 0x00007ffe2985c000 	C:\Windows\SYSTEM32\IPHLPAPI.DLL
0x00007ffe2bc70000 - 0x00007ffe2bc78000 	C:\Windows\System32\NSI.dll
0x00007ffe228f0000 - 0x00007ffe22907000 	C:\Windows\SYSTEM32\dhcpcsvc6.DLL
0x00007ffe22ad0000 - 0x00007ffe22aed000 	C:\Windows\SYSTEM32\dhcpcsvc.DLL
0x00007ffe29860000 - 0x00007ffe2992a000 	C:\Windows\SYSTEM32\DNSAPI.dll
0x00007ffe27430000 - 0x00007ffe27437000 	C:\Windows\system32\wshunix.dll
0x00007ffe23140000 - 0x00007ffe23157000 	C:\Windows\system32\napinsp.dll
0x00007ffe20bd0000 - 0x00007ffe20beb000 	C:\Windows\system32\pnrpnsp.dll
0x00007ffe0f390000 - 0x00007ffe0f3a5000 	C:\Windows\system32\wshbth.dll
0x00007ffe258a0000 - 0x00007ffe258bd000 	C:\Windows\system32\NLAapi.dll
0x00007ffe20bb0000 - 0x00007ffe20bc2000 	C:\Windows\System32\winrnr.dll
0x00007ffe1bb90000 - 0x00007ffe1bb9a000 	C:\Windows\System32\rasadhlp.dll
0x00007ffe1c330000 - 0x00007ffe1c3b2000 	C:\Windows\System32\fwpuclnt.dll

dbghelp: loaded successfully - version: 4.0.5 - missing functions: none
symbol engine: initialized successfully - sym options: 0x614 - pdb path: .;C:\Program Files\Android\Android Studio\jbr\bin;C:\Windows\SYSTEM32;C:\Windows\WinSxS\amd64_microsoft.windows.common-controls_6595b64144ccf1df_6.0.19041.1110_none_60b5254171f9507e;C:\Program Files\Android\Android Studio\jbr\bin\server;C:\Users\Karim Benzema\.gradle\wrapper\dists\gradle-8.0-bin\native\68d5fa5c4cc2d200863cafc0d521ce42e7d3e7ee720ec0a83991735586a16f82\windows-amd64;C:\Users\Karim Benzema\.gradle\wrapper\dists\gradle-8.0-bin\native\e376f236ea51e6404a007f0833ffe2c6e607c4080706a723a18a27aeea778392\windows-amd64

VM Arguments:
jvm_args: --add-opens=java.base/java.util=ALL-UNNAMED --add-opens=java.base/java.lang=ALL-UNNAMED --add-opens=java.base/java.lang.invoke=ALL-UNNAMED --add-opens=java.prefs/java.util.prefs=ALL-UNNAMED --add-opens=java.base/java.nio.charset=ALL-UNNAMED --add-opens=java.base/java.net=ALL-UNNAMED --add-opens=java.base/java.util.concurrent.atomic=ALL-UNNAMED -Xmx2048m -Dfile.encoding=UTF-8 -Duser.country=ID -Duser.language=en -Duser.variant 
java_command: org.gradle.launcher.daemon.bootstrap.GradleDaemon 8.0
java_class_path (initial): C:\Users\Karim Benzema\.gradle\wrapper\dists\gradle-8.0-bin\wrapper\dists\gradle-8.0-bin\ca5e32bp14vu59qr306oxotwh\gradle-8.0\lib\gradle-launcher-8.0.jar
Launcher Type: SUN_STANDARD

[Global flags]
     intx CICompilerCount                          = 4                                         {product} {ergonomic}
     uint ConcGCThreads                            = 2                                         {product} {ergonomic}
     uint G1ConcRefinementThreads                  = 8                                         {product} {ergonomic}
   size_t G1HeapRegionSize                         = 1048576                                   {product} {ergonomic}
    uintx GCDrainStackTargetSize                   = 64                                        {product} {ergonomic}
   size_t InitialHeapSize                          = 167772160                                 {product} {ergonomic}
   size_t MarkStackSize                            = 4194304                                   {product} {ergonomic}
   size_t MaxHeapSize                              = 2147483648                                {product} {command line}
   size_t MaxNewSize                               = 1287651328                                {product} {ergonomic}
   size_t MinHeapDeltaBytes                        = 1048576                                   {product} {ergonomic}
   size_t MinHeapSize                              = 8388608                                   {product} {ergonomic}
    uintx NonNMethodCodeHeapSize                   = 5839372                                {pd product} {ergonomic}
    uintx NonProfiledCodeHeapSize                  = 122909434                              {pd product} {ergonomic}
    uintx ProfiledCodeHeapSize                     = 122909434                              {pd product} {ergonomic}
    uintx ReservedCodeCacheSize                    = 251658240                              {pd product} {ergonomic}
     bool SegmentedCodeCache                       = true                                      {product} {ergonomic}
   size_t SoftMaxHeapSize                          = 2147483648                             {manageable} {ergonomic}
     bool UseCompressedClassPointers               = true                           {product lp64_product} {ergonomic}
     bool UseCompressedOops                        = true                           {product lp64_product} {ergonomic}
     bool UseG1GC                                  = true                                      {product} {ergonomic}
     bool UseLargePagesIndividualAllocation        = false                                  {pd product} {ergonomic}

Logging:
Log output configuration:
 #0: stdout all=warning uptime,level,tags
 #1: stderr all=off uptime,level,tags

Environment Variables:
JAVA_HOME=C:\Program Files\Java\jdk-17
PATH=C:\Program Files\Common Files\Oracle\Java\javapath;C:\Windows\system32;C:\Windows;C:\Windows\System32\Wbem;C:\Windows\System32\WindowsPowerShell\v1.0\;C:\Windows\System32\OpenSSH\;C:\Users\Karim Benzema\AppData\Local\Android\Sdk;C:\Program Files\Java\jdk-17\bin;C:\Program Files\Git\cmd;C:\xampp\php;C:\ProgramData\ComposerSetup\bin;C:\Users\Karim Benzema\AppData\Local\Microsoft\WindowsApps;C:\Users\Karim Benzema\AppData\Roaming\Composer\vendor\bin;C:\Microsoft VS Code\bin
USERNAME=Karim Benzema
OS=Windows_NT
PROCESSOR_IDENTIFIER=AMD64 Family 23 Model 24 Stepping 1, AuthenticAMD
TMP=C:\Users\KARIMB~1\AppData\Local\Temp
TEMP=C:\Users\KARIMB~1\AppData\Local\Temp



---------------  S Y S T E M  ---------------

OS:
 Windows 10 , 64 bit Build 19041 (10.0.19041.3155)
OS uptime: 0 days 12:04 hours

CPU: total 8 (initial active 8) (8 cores per cpu, 2 threads per core) family 23 model 24 stepping 1 microcode 0x0, cx8, cmov, fxsr, ht, mmx, 3dnowpref, sse, sse2, sse3, ssse3, sse4a, sse4.1, sse4.2, popcnt, lzcnt, tsc, tscinvbit, avx, avx2, aes, clmul, bmi1, bmi2, adx, sha, fma, vzeroupper, clflush, clflushopt

Memory: 4k page, system-wide physical 10178M (3862M free)
TotalPageFile size 13378M (AvailPageFile size 6718M)
current process WorkingSet (physical memory assigned to process): 465M, peak: 468M
current process commit charge ("private bytes"): 505M, peak: 509M

vm_info: OpenJDK 64-Bit Server VM (17.0.6+0-b2043.56-9586694) for windows-amd64 JRE (17.0.6+0-b2043.56-9586694), built on Feb  9 2023 20:06:20 by "androidbuild" with MS VC++ 16.10 / 16.11 (VS2019)

END.
